#
# There is insufficient memory for the Java Runtime Environment to continue.
# Native memory allocation (malloc) failed to allocate 2001840 bytes for Chunk::new
# Possible reasons:
#   The system is out of physical RAM or swap space
#   The process is running with CompressedOops enabled, and the Java Heap may be blocking the growth of the native heap
# Possible solutions:
#   Reduce memory load on the system
#   Increase physical memory or swap space
#   Check if swap backing store is full
#   Decrease Java heap size (-Xmx/-Xms)
#   Decrease number of Java threads
#   Decrease Java thread stack sizes (-Xss)
#   Set larger code cache with -XX:ReservedCodeCacheSize=
#   JVM is running with Unscaled Compressed Oops mode in which the Java heap is
#     placed in the first 4GB address space. The Java Heap base address is the
#     maximum limit for the native heap growth. Please use -XX:HeapBaseMinAddress
#     to set the Java Heap base and to place the Java Heap above 4GB virtual address.
# This output file may be truncated or incomplete.
#
#  Out of Memory Error (arena.cpp:189), pid=11180, tid=6656
#
# JRE version: OpenJDK Runtime Environment (17.0.6) (build 17.0.6+0-b2043.56-10027231)
# Java VM: OpenJDK 64-Bit Server VM (17.0.6+0-b2043.56-10027231, mixed mode, tiered, compressed oops, compressed class ptrs, g1 gc, windows-amd64)
# No core dump will be written. Minidumps are not enabled by default on client versions of Windows
#

---------------  S U M M A R Y ------------

Command Line: --add-opens=java.base/java.util=ALL-UNNAMED --add-opens=java.base/java.lang=ALL-UNNAMED --add-opens=java.base/java.lang.invoke=ALL-UNNAMED --add-opens=java.base/java.util=ALL-UNNAMED --add-opens=java.prefs/java.util.prefs=ALL-UNNAMED --add-opens=java.prefs/java.util.prefs=ALL-UNNAMED --add-opens=java.base/java.nio.charset=ALL-UNNAMED --add-opens=java.base/java.net=ALL-UNNAMED --add-opens=java.base/java.util.concurrent.atomic=ALL-UNNAMED -Xmx2048m -Dfile.encoding=UTF-8 -Duser.country=RU -Duser.language=ru -Duser.variant org.gradle.launcher.daemon.bootstrap.GradleDaemon 7.5

Host: Intel(R) Core(TM) i5-8250U CPU @ 1.60GHz, 8 cores, 7G,  Windows 10 , 64 bit Build 19041 (10.0.19041.3570)
Time: Fri Oct 27 14:06:15 2023 RTZ 6 (s 10 , 64 bit Build 19041 (10.0.19041.3570) elapsed time: 16.546194 seconds (0d 0h 0m 16s)

---------------  T H R E A D  ---------------

Current thread (0x000001cd526477e0):  JavaThread "C2 CompilerThread1" daemon [_thread_in_native, id=6656, stack(0x0000007cc3e00000,0x0000007cc3f00000)]


Current CompileTask:
C2:  16546 6502 %     4       groovyjarjarantlr4.v4.runtime.atn.LexerATNSimulator::getReachableConfigSet @ 9 (198 bytes)

Stack: [0x0000007cc3e00000,0x0000007cc3f00000]
Native frames: (J=compiled Java code, j=interpreted, Vv=VM code, C=native code)
V  [jvm.dll+0x683c9a]
V  [jvm.dll+0x8427a4]
V  [jvm.dll+0x843f9e]
V  [jvm.dll+0x844603]
V  [jvm.dll+0x249b75]
V  [jvm.dll+0xabcac]
V  [jvm.dll+0xac27c]
V  [jvm.dll+0x368857]
V  [jvm.dll+0x332f31]
V  [jvm.dll+0x3323da]
V  [jvm.dll+0x21c201]
V  [jvm.dll+0x21b621]
V  [jvm.dll+0x1a4fdd]
V  [jvm.dll+0x22b098]
V  [jvm.dll+0x229159]
V  [jvm.dll+0x7f81ec]
V  [jvm.dll+0x7f274a]
V  [jvm.dll+0x682ad5]
C  [ucrtbase.dll+0x21bb2]
C  [KERNEL32.DLL+0x17344]
C  [ntdll.dll+0x526b1]


---------------  P R O C E S S  ---------------

Threads class SMR info:
_java_thread_list=0x000001cd572f6a60, length=43, elements={
0x000001cd377fa290, 0x000001cd51697250, 0x000001cd51660ee0, 0x000001cd52012f10,
0x000001cd520158e0, 0x000001cd520161a0, 0x000001cd52016a60, 0x000001cd51698300,
0x000001cd516993a0, 0x000001cd5169e460, 0x000001cd521de3f0, 0x000001cd521bdcb0,
0x000001cd547f9af0, 0x000001cd54de2a80, 0x000001cd549b8f20, 0x000001cd54aa45b0,
0x000001cd54c44030, 0x000001cd530b3d30, 0x000001cd530b4200, 0x000001cd530b5540,
0x000001cd530b5070, 0x000001cd530b4ba0, 0x000001cd530b3860, 0x000001cd530b46d0,
0x000001cd530b5a10, 0x000001cd530b5ee0, 0x000001cd530b63b0, 0x000001cd530b29f0,
0x000001cd530b2ec0, 0x000001cd530b3390, 0x000001cd53584640, 0x000001cd53581620,
0x000001cd53584170, 0x000001cd53581af0, 0x000001cd53581150, 0x000001cd53581fc0,
0x000001cd535854b0, 0x000001cd53585980, 0x000001cd53582490, 0x000001cd53582960,
0x000001cd5357f940, 0x000001cd526477e0, 0x000001cd59d45860
}

Java Threads: ( => current thread )
  0x000001cd377fa290 JavaThread "main" [_thread_blocked, id=8796, stack(0x0000007cc0c00000,0x0000007cc0d00000)]
  0x000001cd51697250 JavaThread "Reference Handler" daemon [_thread_blocked, id=4048, stack(0x0000007cc1300000,0x0000007cc1400000)]
  0x000001cd51660ee0 JavaThread "Finalizer" daemon [_thread_blocked, id=10060, stack(0x0000007cc1400000,0x0000007cc1500000)]
  0x000001cd52012f10 JavaThread "Signal Dispatcher" daemon [_thread_blocked, id=8472, stack(0x0000007cc1500000,0x0000007cc1600000)]
  0x000001cd520158e0 JavaThread "Attach Listener" daemon [_thread_blocked, id=2996, stack(0x0000007cc1600000,0x0000007cc1700000)]
  0x000001cd520161a0 JavaThread "Service Thread" daemon [_thread_blocked, id=1108, stack(0x0000007cc1700000,0x0000007cc1800000)]
  0x000001cd52016a60 JavaThread "Monitor Deflation Thread" daemon [_thread_blocked, id=11120, stack(0x0000007cc1800000,0x0000007cc1900000)]
  0x000001cd51698300 JavaThread "C2 CompilerThread0" daemon [_thread_in_native, id=7280, stack(0x0000007cc1900000,0x0000007cc1a00000)]
  0x000001cd516993a0 JavaThread "C1 CompilerThread0" daemon [_thread_blocked, id=6700, stack(0x0000007cc1a00000,0x0000007cc1b00000)]
  0x000001cd5169e460 JavaThread "Sweeper thread" daemon [_thread_blocked, id=6384, stack(0x0000007cc1b00000,0x0000007cc1c00000)]
  0x000001cd521de3f0 JavaThread "Common-Cleaner" daemon [_thread_blocked, id=4744, stack(0x0000007cc1c00000,0x0000007cc1d00000)]
  0x000001cd521bdcb0 JavaThread "Notification Thread" daemon [_thread_blocked, id=5520, stack(0x0000007cc1d00000,0x0000007cc1e00000)]
  0x000001cd547f9af0 JavaThread "Daemon health stats" [_thread_blocked, id=5756, stack(0x0000007cc2500000,0x0000007cc2600000)]
  0x000001cd54de2a80 JavaThread "Incoming local TCP Connector on port 51068" [_thread_in_native, id=5256, stack(0x0000007cc2600000,0x0000007cc2700000)]
  0x000001cd549b8f20 JavaThread "Daemon periodic checks" [_thread_blocked, id=5540, stack(0x0000007cc2700000,0x0000007cc2800000)]
  0x000001cd54aa45b0 JavaThread "Daemon" [_thread_blocked, id=10016, stack(0x0000007cc2800000,0x0000007cc2900000)]
  0x000001cd54c44030 JavaThread "Handler for socket connection from /127.0.0.1:51068 to /127.0.0.1:51069" [_thread_in_native, id=4436, stack(0x0000007cc2900000,0x0000007cc2a00000)]
  0x000001cd530b3d30 JavaThread "Cancel handler" [_thread_blocked, id=7720, stack(0x0000007cc2a00000,0x0000007cc2b00000)]
  0x000001cd530b4200 JavaThread "Daemon worker" [_thread_in_native, id=11228, stack(0x0000007cc2b00000,0x0000007cc2c00000)]
  0x000001cd530b5540 JavaThread "Asynchronous log dispatcher for DefaultDaemonConnection: socket connection from /127.0.0.1:51068 to /127.0.0.1:51069" [_thread_blocked, id=1548, stack(0x0000007cc2c00000,0x0000007cc2d00000)]
  0x000001cd530b5070 JavaThread "Stdin handler" [_thread_blocked, id=9600, stack(0x0000007cc2d00000,0x0000007cc2e00000)]
  0x000001cd530b4ba0 JavaThread "Daemon client event forwarder" [_thread_blocked, id=10820, stack(0x0000007cc2e00000,0x0000007cc2f00000)]
  0x000001cd530b3860 JavaThread "Cache worker for journal cache (C:\Users\Second Droid\.gradle\caches\journal-1)" [_thread_blocked, id=10840, stack(0x0000007cc2f00000,0x0000007cc3000000)]
  0x000001cd530b46d0 JavaThread "File lock request listener" [_thread_in_native, id=5416, stack(0x0000007cc3000000,0x0000007cc3100000)]
  0x000001cd530b5a10 JavaThread "Cache worker for file hash cache (C:\Users\Second Droid\.gradle\caches\7.5\fileHashes)" [_thread_blocked, id=9960, stack(0x0000007cc3400000,0x0000007cc3500000)]
  0x000001cd530b5ee0 JavaThread "File watcher server" daemon [_thread_in_native, id=10868, stack(0x0000007cc3600000,0x0000007cc3700000)]
  0x000001cd530b63b0 JavaThread "File watcher consumer" daemon [_thread_blocked, id=9084, stack(0x0000007cc3700000,0x0000007cc3800000)]
  0x000001cd530b29f0 JavaThread "jar transforms" [_thread_blocked, id=9036, stack(0x0000007cc1f00000,0x0000007cc2000000)]
  0x000001cd530b2ec0 JavaThread "jar transforms Thread 2" [_thread_blocked, id=10680, stack(0x0000007cc3500000,0x0000007cc3600000)]
  0x000001cd530b3390 JavaThread "jar transforms Thread 3" [_thread_blocked, id=2620, stack(0x0000007cc3800000,0x0000007cc3900000)]
  0x000001cd53584640 JavaThread "jar transforms Thread 4" [_thread_blocked, id=8160, stack(0x0000007cc3900000,0x0000007cc3a00000)]
  0x000001cd53581620 JavaThread "jar transforms Thread 5" [_thread_blocked, id=10520, stack(0x0000007cc3a00000,0x0000007cc3b00000)]
  0x000001cd53584170 JavaThread "jar transforms Thread 6" [_thread_blocked, id=10252, stack(0x0000007cc3b00000,0x0000007cc3c00000)]
  0x000001cd53581af0 JavaThread "jar transforms Thread 7" [_thread_blocked, id=7620, stack(0x0000007cc3c00000,0x0000007cc3d00000)]
  0x000001cd53581150 JavaThread "jar transforms Thread 8" [_thread_blocked, id=9488, stack(0x0000007cc3d00000,0x0000007cc3e00000)]
  0x000001cd53581fc0 JavaThread "Cache worker for checksums cache (D:\AndroidStudioProjects\Recipes\.gradle\7.5\checksums)" [_thread_blocked, id=9692, stack(0x0000007cc4000000,0x0000007cc4100000)]
  0x000001cd535854b0 JavaThread "Cache worker for cache directory md-rule (C:\Users\Second Droid\.gradle\caches\7.5\md-rule)" [_thread_blocked, id=2356, stack(0x0000007cc4100000,0x0000007cc4200000)]
  0x000001cd53585980 JavaThread "Cache worker for file content cache (C:\Users\Second Droid\.gradle\caches\7.5\fileContent)" [_thread_blocked, id=4652, stack(0x0000007cc4200000,0x0000007cc4300000)]
  0x000001cd53582490 JavaThread "Cache worker for file hash cache (D:\AndroidStudioProjects\Recipes\.gradle\7.5\fileHashes)" [_thread_blocked, id=7992, stack(0x0000007cc4300000,0x0000007cc4400000)]
  0x000001cd53582960 JavaThread "Cache worker for cache directory md-supplier (C:\Users\Second Droid\.gradle\caches\7.5\md-supplier)" [_thread_blocked, id=9144, stack(0x0000007cc4400000,0x0000007cc4500000)]
  0x000001cd5357f940 JavaThread "Cache worker for execution history cache (C:\Users\Second Droid\.gradle\caches\7.5\executionHistory)" [_thread_blocked, id=6752, stack(0x0000007cc3f00000,0x0000007cc4000000)]
=>0x000001cd526477e0 JavaThread "C2 CompilerThread1" daemon [_thread_in_native, id=6656, stack(0x0000007cc3e00000,0x0000007cc3f00000)]
  0x000001cd59d45860 JavaThread "C2 CompilerThread2" daemon [_thread_in_native, id=7828, stack(0x0000007cc4500000,0x0000007cc4600000)]

Other Threads:
  0x000001cd5165d5c0 VMThread "VM Thread" [stack: 0x0000007cc1200000,0x0000007cc1300000] [id=6576]
  0x000001cd521decd0 WatcherThread [stack: 0x0000007cc1e00000,0x0000007cc1f00000] [id=10764]
  0x000001cd3785b1e0 GCTaskThread "GC Thread#0" [stack: 0x0000007cc0d00000,0x0000007cc0e00000] [id=7492]
  0x000001cd5327f920 GCTaskThread "GC Thread#1" [stack: 0x0000007cc2100000,0x0000007cc2200000] [id=9108]
  0x000001cd52b20d10 GCTaskThread "GC Thread#2" [stack: 0x0000007cc2200000,0x0000007cc2300000] [id=7744]
  0x000001cd52bd1510 GCTaskThread "GC Thread#3" [stack: 0x0000007cc2300000,0x0000007cc2400000] [id=6804]
  0x000001cd53870ac0 GCTaskThread "GC Thread#4" [stack: 0x0000007cc2400000,0x0000007cc2500000] [id=8908]
  0x000001cd546db9f0 GCTaskThread "GC Thread#5" [stack: 0x0000007cc2000000,0x0000007cc2100000] [id=10080]
  0x000001cd546dbca0 GCTaskThread "GC Thread#6" [stack: 0x0000007cc3100000,0x0000007cc3200000] [id=7928]
  0x000001cd546db490 GCTaskThread "GC Thread#7" [stack: 0x0000007cc3200000,0x0000007cc3300000] [id=9776]
  0x000001cd3786c030 ConcurrentGCThread "G1 Main Marker" [stack: 0x0000007cc0e00000,0x0000007cc0f00000] [id=412]
  0x000001cd3786c950 ConcurrentGCThread "G1 Conc#0" [stack: 0x0000007cc0f00000,0x0000007cc1000000] [id=9796]
  0x000001cd546dbf50 ConcurrentGCThread "G1 Conc#1" [stack: 0x0000007cc3300000,0x0000007cc3400000] [id=10020]
  0x000001cd378cd2d0 ConcurrentGCThread "G1 Refine#0" [stack: 0x0000007cc1000000,0x0000007cc1100000] [id=8004]
  0x000001cd378cdc00 ConcurrentGCThread "G1 Service" [stack: 0x0000007cc1100000,0x0000007cc1200000] [id=6832]

Threads with active compile tasks:
C2 CompilerThread0    16580 6537       4       groovyjarjarantlr4.v4.runtime.atn.PredictionContext::join (569 bytes)
C2 CompilerThread1    16581 6502 %     4       groovyjarjarantlr4.v4.runtime.atn.LexerATNSimulator::getReachableConfigSet @ 9 (198 bytes)
C2 CompilerThread2    16581 6504       4       groovyjarjarantlr4.v4.runtime.atn.LexerATNSimulator::closure (258 bytes)

VM state: not at safepoint (normal execution)

VM Mutex/Monitor currently owned by a thread: None

Heap address: 0x0000000080000000, size: 2048 MB, Compressed Oops mode: 32-bit

CDS archive(s) not mapped
Compressed class space mapped at: 0x0000000100000000-0x0000000140000000, reserved size: 1073741824
Narrow klass base: 0x0000000000000000, Narrow klass shift: 3, Narrow klass range: 0x140000000

GC Precious Log:
 CPUs: 8 total, 8 available
 Memory: 8074M
 Large Page Support: Disabled
 NUMA Support: Disabled
 Compressed Oops: Enabled (32-bit)
 Heap Region Size: 1M
 Heap Min Capacity: 8M
 Heap Initial Capacity: 128M
 Heap Max Capacity: 2G
 Pre-touch: Disabled
 Parallel Workers: 8
 Concurrent Workers: 2
 Concurrent Refinement Workers: 8
 Periodic GC: Disabled

Heap:
 garbage-first heap   total 269312K, used 93722K [0x0000000080000000, 0x0000000100000000)
  region size 1024K, 27 young (27648K), 2 survivors (2048K)
 Metaspace       used 52160K, committed 52672K, reserved 1097728K
  class space    used 6906K, committed 7168K, reserved 1048576K

Heap Regions: E=young(eden), S=young(survivor), O=old, HS=humongous(starts), HC=humongous(continues), CS=collection set, F=free, OA=open archive, CA=closed archive, TAMS=top-at-mark-start (previous, next)
|   0|0x0000000080000000, 0x0000000080100000, 0x0000000080100000|100%| O|  |TAMS 0x0000000080100000, 0x0000000080000000| Untracked 
|   1|0x0000000080100000, 0x0000000080200000, 0x0000000080200000|100%| O|  |TAMS 0x0000000080200000, 0x0000000080100000| Untracked 
|   2|0x0000000080200000, 0x0000000080300000, 0x0000000080300000|100%| O|  |TAMS 0x0000000080300000, 0x0000000080200000| Untracked 
|   3|0x0000000080300000, 0x0000000080400000, 0x0000000080400000|100%|HS|  |TAMS 0x0000000080400000, 0x0000000080300000| Complete 
|   4|0x0000000080400000, 0x0000000080500000, 0x0000000080500000|100%|HC|  |TAMS 0x0000000080500000, 0x0000000080400000| Complete 
|   5|0x0000000080500000, 0x0000000080600000, 0x0000000080600000|100%|HC|  |TAMS 0x0000000080600000, 0x0000000080500000| Complete 
|   6|0x0000000080600000, 0x0000000080700000, 0x0000000080700000|100%| O|  |TAMS 0x0000000080700000, 0x0000000080600000| Untracked 
|   7|0x0000000080700000, 0x0000000080800000, 0x0000000080800000|100%| O|  |TAMS 0x0000000080800000, 0x0000000080700000| Untracked 
|   8|0x0000000080800000, 0x0000000080900000, 0x0000000080900000|100%| O|  |TAMS 0x0000000080900000, 0x0000000080800000| Untracked 
|   9|0x0000000080900000, 0x0000000080a00000, 0x0000000080a00000|100%| O|  |TAMS 0x0000000080a00000, 0x0000000080900000| Untracked 
|  10|0x0000000080a00000, 0x0000000080a18400, 0x0000000080b00000|  9%| O|  |TAMS 0x0000000080a18400, 0x0000000080a00000| Untracked 
|  11|0x0000000080b00000, 0x0000000080c00000, 0x0000000080c00000|100%| O|  |TAMS 0x0000000080c00000, 0x0000000080b00000| Untracked 
|  12|0x0000000080c00000, 0x0000000080d00000, 0x0000000080d00000|100%| O|  |TAMS 0x0000000080d00000, 0x0000000080c00000| Untracked 
|  13|0x0000000080d00000, 0x0000000080e00000, 0x0000000080e00000|100%| O|  |TAMS 0x0000000080e00000, 0x0000000080d00000| Untracked 
|  14|0x0000000080e00000, 0x0000000080f00000, 0x0000000080f00000|100%| O|  |TAMS 0x0000000080f00000, 0x0000000080e00000| Untracked 
|  15|0x0000000080f00000, 0x0000000081000000, 0x0000000081000000|100%| O|  |TAMS 0x0000000081000000, 0x0000000080f00000| Untracked 
|  16|0x0000000081000000, 0x0000000081100000, 0x0000000081100000|100%| O|  |TAMS 0x0000000081100000, 0x0000000081000000| Untracked 
|  17|0x0000000081100000, 0x0000000081200000, 0x0000000081200000|100%| O|  |TAMS 0x0000000081200000, 0x0000000081100000| Untracked 
|  18|0x0000000081200000, 0x0000000081300000, 0x0000000081300000|100%|HS|  |TAMS 0x0000000081300000, 0x0000000081200000| Complete 
|  19|0x0000000081300000, 0x0000000081400000, 0x0000000081400000|100%|HC|  |TAMS 0x0000000081400000, 0x0000000081300000| Complete 
|  20|0x0000000081400000, 0x0000000081500000, 0x0000000081500000|100%|HS|  |TAMS 0x0000000081500000, 0x0000000081400000| Complete 
|  21|0x0000000081500000, 0x0000000081600000, 0x0000000081600000|100%|HC|  |TAMS 0x0000000081600000, 0x0000000081500000| Complete 
|  22|0x0000000081600000, 0x0000000081700000, 0x0000000081700000|100%|HC|  |TAMS 0x0000000081700000, 0x0000000081600000| Complete 
|  23|0x0000000081700000, 0x0000000081800000, 0x0000000081800000|100%| O|  |TAMS 0x0000000081800000, 0x0000000081700000| Untracked 
|  24|0x0000000081800000, 0x0000000081900000, 0x0000000081900000|100%| O|  |TAMS 0x0000000081900000, 0x0000000081800000| Untracked 
|  25|0x0000000081900000, 0x0000000081a00000, 0x0000000081a00000|100%| O|  |TAMS 0x0000000081a00000, 0x0000000081900000| Untracked 
|  26|0x0000000081a00000, 0x0000000081b00000, 0x0000000081b00000|100%| O|  |TAMS 0x0000000081b00000, 0x0000000081a00000| Untracked 
|  27|0x0000000081b00000, 0x0000000081c00000, 0x0000000081c00000|100%|HS|  |TAMS 0x0000000081c00000, 0x0000000081b00000| Complete 
|  28|0x0000000081c00000, 0x0000000081d00000, 0x0000000081d00000|100%|HC|  |TAMS 0x0000000081d00000, 0x0000000081c00000| Complete 
|  29|0x0000000081d00000, 0x0000000081e00000, 0x0000000081e00000|100%|HC|  |TAMS 0x0000000081e00000, 0x0000000081d00000| Complete 
|  30|0x0000000081e00000, 0x0000000081f00000, 0x0000000081f00000|100%|HS|  |TAMS 0x0000000081f00000, 0x0000000081e00000| Complete 
|  31|0x0000000081f00000, 0x0000000082000000, 0x0000000082000000|100%|HC|  |TAMS 0x0000000082000000, 0x0000000081f00000| Complete 
|  32|0x0000000082000000, 0x0000000082100000, 0x0000000082100000|100%|HC|  |TAMS 0x0000000082100000, 0x0000000082000000| Complete 
|  33|0x0000000082100000, 0x0000000082200000, 0x0000000082200000|100%|HC|  |TAMS 0x0000000082200000, 0x0000000082100000| Complete 
|  34|0x0000000082200000, 0x0000000082300000, 0x0000000082300000|100%|HC|  |TAMS 0x0000000082300000, 0x0000000082200000| Complete 
|  35|0x0000000082300000, 0x0000000082400000, 0x0000000082400000|100%|HC|  |TAMS 0x0000000082400000, 0x0000000082300000| Complete 
|  36|0x0000000082400000, 0x0000000082500000, 0x0000000082500000|100%|HC|  |TAMS 0x0000000082500000, 0x0000000082400000| Complete 
|  37|0x0000000082500000, 0x0000000082600000, 0x0000000082600000|100%|HC|  |TAMS 0x0000000082600000, 0x0000000082500000| Complete 
|  38|0x0000000082600000, 0x0000000082700000, 0x0000000082700000|100%|HC|  |TAMS 0x0000000082700000, 0x0000000082600000| Complete 
|  39|0x0000000082700000, 0x0000000082800000, 0x0000000082800000|100%|HC|  |TAMS 0x0000000082800000, 0x0000000082700000| Complete 
|  40|0x0000000082800000, 0x0000000082900000, 0x0000000082900000|100%|HC|  |TAMS 0x0000000082900000, 0x0000000082800000| Complete 
|  41|0x0000000082900000, 0x0000000082a00000, 0x0000000082a00000|100%|HC|  |TAMS 0x0000000082a00000, 0x0000000082900000| Complete 
|  42|0x0000000082a00000, 0x0000000082b00000, 0x0000000082b00000|100%| O|  |TAMS 0x0000000082b00000, 0x0000000082a00000| Untracked 
|  43|0x0000000082b00000, 0x0000000082c00000, 0x0000000082c00000|100%|HS|  |TAMS 0x0000000082c00000, 0x0000000082b00000| Complete 
|  44|0x0000000082c00000, 0x0000000082d00000, 0x0000000082d00000|100%|HC|  |TAMS 0x0000000082d00000, 0x0000000082c00000| Complete 
|  45|0x0000000082d00000, 0x0000000082e00000, 0x0000000082e00000|100%| O|  |TAMS 0x0000000082e00000, 0x0000000082d00000| Untracked 
|  46|0x0000000082e00000, 0x0000000082f00000, 0x0000000082f00000|100%| O|  |TAMS 0x0000000082f00000, 0x0000000082e00000| Untracked 
|  47|0x0000000082f00000, 0x0000000083000000, 0x0000000083000000|100%| O|  |TAMS 0x0000000083000000, 0x0000000082f00000| Untracked 
|  48|0x0000000083000000, 0x0000000083100000, 0x0000000083100000|100%| O|  |TAMS 0x0000000083100000, 0x0000000083000000| Untracked 
|  49|0x0000000083100000, 0x0000000083200000, 0x0000000083200000|100%| O|  |TAMS 0x0000000083200000, 0x0000000083100000| Untracked 
|  50|0x0000000083200000, 0x0000000083300000, 0x0000000083300000|100%| O|  |TAMS 0x0000000083300000, 0x0000000083200000| Untracked 
|  51|0x0000000083300000, 0x0000000083400000, 0x0000000083400000|100%| O|  |TAMS 0x0000000083400000, 0x0000000083300000| Untracked 
|  52|0x0000000083400000, 0x0000000083500000, 0x0000000083500000|100%| O|  |TAMS 0x0000000083500000, 0x0000000083400000| Untracked 
|  53|0x0000000083500000, 0x0000000083600000, 0x0000000083600000|100%| O|  |TAMS 0x0000000083600000, 0x0000000083500000| Untracked 
|  54|0x0000000083600000, 0x0000000083700000, 0x0000000083700000|100%| O|  |TAMS 0x0000000083700000, 0x0000000083600000| Untracked 
|  55|0x0000000083700000, 0x0000000083800000, 0x0000000083800000|100%|HS|  |TAMS 0x0000000083700000, 0x0000000083700000| Complete 
|  56|0x0000000083800000, 0x0000000083900000, 0x0000000083900000|100%|HC|  |TAMS 0x0000000083800000, 0x0000000083800000| Complete 
|  57|0x0000000083900000, 0x0000000083a00000, 0x0000000083a00000|100%|HC|  |TAMS 0x0000000083900000, 0x0000000083900000| Complete 
|  58|0x0000000083a00000, 0x0000000083b00000, 0x0000000083b00000|100%| O|  |TAMS 0x0000000083b00000, 0x0000000083a00000| Untracked 
|  59|0x0000000083b00000, 0x0000000083c00000, 0x0000000083c00000|100%| O|  |TAMS 0x0000000083b00000, 0x0000000083b00000| Untracked 
|  60|0x0000000083c00000, 0x0000000083d00000, 0x0000000083d00000|100%| O|  |TAMS 0x0000000083d00000, 0x0000000083c00000| Untracked 
|  61|0x0000000083d00000, 0x0000000083e00000, 0x0000000083e00000|100%| O|  |TAMS 0x0000000083e00000, 0x0000000083d00000| Untracked 
|  62|0x0000000083e00000, 0x0000000083f00000, 0x0000000083f00000|100%| O|  |TAMS 0x0000000083e11400, 0x0000000083e00000| Untracked 
|  63|0x0000000083f00000, 0x0000000084000000, 0x0000000084000000|100%| O|  |TAMS 0x0000000083f00000, 0x0000000083f00000| Untracked 
|  64|0x0000000084000000, 0x0000000084015000, 0x0000000084100000|  8%| O|  |TAMS 0x0000000084000000, 0x0000000084000000| Untracked 
|  65|0x0000000084100000, 0x0000000084200000, 0x0000000084200000|100%|HS|  |TAMS 0x0000000084100000, 0x0000000084100000| Complete 
|  66|0x0000000084200000, 0x0000000084300000, 0x0000000084300000|100%|HC|  |TAMS 0x0000000084200000, 0x0000000084200000| Complete 
|  67|0x0000000084300000, 0x0000000084400000, 0x0000000084400000|100%|HC|  |TAMS 0x0000000084300000, 0x0000000084300000| Complete 
|  68|0x0000000084400000, 0x0000000084400000, 0x0000000084500000|  0%| F|  |TAMS 0x0000000084400000, 0x0000000084400000| Untracked 
|  69|0x0000000084500000, 0x0000000084500000, 0x0000000084600000|  0%| F|  |TAMS 0x0000000084500000, 0x0000000084500000| Untracked 
|  70|0x0000000084600000, 0x0000000084600000, 0x0000000084700000|  0%| F|  |TAMS 0x0000000084600000, 0x0000000084600000| Untracked 
|  71|0x0000000084700000, 0x0000000084700000, 0x0000000084800000|  0%| F|  |TAMS 0x0000000084700000, 0x0000000084700000| Untracked 
|  72|0x0000000084800000, 0x0000000084800000, 0x0000000084900000|  0%| F|  |TAMS 0x0000000084800000, 0x0000000084800000| Untracked 
|  73|0x0000000084900000, 0x0000000084900000, 0x0000000084a00000|  0%| F|  |TAMS 0x0000000084900000, 0x0000000084900000| Untracked 
|  74|0x0000000084a00000, 0x0000000084a00000, 0x0000000084b00000|  0%| F|  |TAMS 0x0000000084a00000, 0x0000000084a00000| Untracked 
|  75|0x0000000084b00000, 0x0000000084b00000, 0x0000000084c00000|  0%| F|  |TAMS 0x0000000084b00000, 0x0000000084b00000| Untracked 
|  76|0x0000000084c00000, 0x0000000084c00000, 0x0000000084d00000|  0%| F|  |TAMS 0x0000000084c00000, 0x0000000084c00000| Untracked 
|  77|0x0000000084d00000, 0x0000000084d00000, 0x0000000084e00000|  0%| F|  |TAMS 0x0000000084d00000, 0x0000000084d00000| Untracked 
|  78|0x0000000084e00000, 0x0000000084e00000, 0x0000000084f00000|  0%| F|  |TAMS 0x0000000084e00000, 0x0000000084e00000| Untracked 
|  79|0x0000000084f00000, 0x0000000084f00000, 0x0000000085000000|  0%| F|  |TAMS 0x0000000084f00000, 0x0000000084f00000| Untracked 
|  80|0x0000000085000000, 0x0000000085000000, 0x0000000085100000|  0%| F|  |TAMS 0x0000000085000000, 0x0000000085000000| Untracked 
|  81|0x0000000085100000, 0x0000000085100000, 0x0000000085200000|  0%| F|  |TAMS 0x0000000085100000, 0x0000000085100000| Untracked 
|  82|0x0000000085200000, 0x0000000085200000, 0x0000000085300000|  0%| F|  |TAMS 0x0000000085200000, 0x0000000085200000| Untracked 
|  83|0x0000000085300000, 0x0000000085300000, 0x0000000085400000|  0%| F|  |TAMS 0x0000000085300000, 0x0000000085300000| Untracked 
|  84|0x0000000085400000, 0x0000000085400000, 0x0000000085500000|  0%| F|  |TAMS 0x0000000085400000, 0x0000000085400000| Untracked 
|  85|0x0000000085500000, 0x0000000085500000, 0x0000000085600000|  0%| F|  |TAMS 0x0000000085500000, 0x0000000085500000| Untracked 
|  86|0x0000000085600000, 0x0000000085600000, 0x0000000085700000|  0%| F|  |TAMS 0x0000000085600000, 0x0000000085600000| Untracked 
|  87|0x0000000085700000, 0x0000000085700000, 0x0000000085800000|  0%| F|  |TAMS 0x0000000085700000, 0x0000000085700000| Untracked 
|  88|0x0000000085800000, 0x0000000085800000, 0x0000000085900000|  0%| F|  |TAMS 0x0000000085800000, 0x0000000085800000| Untracked 
|  89|0x0000000085900000, 0x0000000085900000, 0x0000000085a00000|  0%| F|  |TAMS 0x0000000085900000, 0x0000000085900000| Untracked 
|  90|0x0000000085a00000, 0x0000000085a00000, 0x0000000085b00000|  0%| F|  |TAMS 0x0000000085a00000, 0x0000000085a00000| Untracked 
|  91|0x0000000085b00000, 0x0000000085b00000, 0x0000000085c00000|  0%| F|  |TAMS 0x0000000085b00000, 0x0000000085b00000| Untracked 
|  92|0x0000000085c00000, 0x0000000085c00000, 0x0000000085d00000|  0%| F|  |TAMS 0x0000000085c00000, 0x0000000085c00000| Untracked 
|  93|0x0000000085d00000, 0x0000000085d00000, 0x0000000085e00000|  0%| F|  |TAMS 0x0000000085d00000, 0x0000000085d00000| Untracked 
|  94|0x0000000085e00000, 0x0000000085e00000, 0x0000000085f00000|  0%| F|  |TAMS 0x0000000085e00000, 0x0000000085e00000| Untracked 
|  95|0x0000000085f00000, 0x0000000085f00000, 0x0000000086000000|  0%| F|  |TAMS 0x0000000085f00000, 0x0000000085f00000| Untracked 
|  96|0x0000000086000000, 0x0000000086000000, 0x0000000086100000|  0%| F|  |TAMS 0x0000000086000000, 0x0000000086000000| Untracked 
|  97|0x0000000086100000, 0x0000000086100000, 0x0000000086200000|  0%| F|  |TAMS 0x0000000086100000, 0x0000000086100000| Untracked 
|  98|0x0000000086200000, 0x0000000086200000, 0x0000000086300000|  0%| F|  |TAMS 0x0000000086200000, 0x0000000086200000| Untracked 
|  99|0x0000000086300000, 0x0000000086300000, 0x0000000086400000|  0%| F|  |TAMS 0x0000000086300000, 0x0000000086300000| Untracked 
| 100|0x0000000086400000, 0x0000000086400000, 0x0000000086500000|  0%| F|  |TAMS 0x0000000086400000, 0x0000000086400000| Untracked 
| 101|0x0000000086500000, 0x0000000086500000, 0x0000000086600000|  0%| F|  |TAMS 0x0000000086500000, 0x0000000086500000| Untracked 
| 102|0x0000000086600000, 0x0000000086600000, 0x0000000086700000|  0%| F|  |TAMS 0x0000000086600000, 0x0000000086600000| Untracked 
| 103|0x0000000086700000, 0x0000000086700000, 0x0000000086800000|  0%| F|  |TAMS 0x0000000086700000, 0x0000000086700000| Untracked 
| 104|0x0000000086800000, 0x0000000086800000, 0x0000000086900000|  0%| F|  |TAMS 0x0000000086800000, 0x0000000086800000| Untracked 
| 105|0x0000000086900000, 0x0000000086900000, 0x0000000086a00000|  0%| F|  |TAMS 0x0000000086900000, 0x0000000086900000| Untracked 
| 106|0x0000000086a00000, 0x0000000086a00000, 0x0000000086b00000|  0%| F|  |TAMS 0x0000000086a00000, 0x0000000086a00000| Untracked 
| 107|0x0000000086b00000, 0x0000000086b00000, 0x0000000086c00000|  0%| F|  |TAMS 0x0000000086b00000, 0x0000000086b00000| Untracked 
| 108|0x0000000086c00000, 0x0000000086c595c0, 0x0000000086d00000| 34%| S|CS|TAMS 0x0000000086c00000, 0x0000000086c00000| Complete 
| 109|0x0000000086d00000, 0x0000000086e00000, 0x0000000086e00000|100%| S|CS|TAMS 0x0000000086d00000, 0x0000000086d00000| Complete 
| 110|0x0000000086e00000, 0x0000000086e00000, 0x0000000086f00000|  0%| F|  |TAMS 0x0000000086e00000, 0x0000000086e00000| Untracked 
| 111|0x0000000086f00000, 0x0000000086f00000, 0x0000000087000000|  0%| F|  |TAMS 0x0000000086f00000, 0x0000000086f00000| Untracked 
| 112|0x0000000087000000, 0x0000000087000000, 0x0000000087100000|  0%| F|  |TAMS 0x0000000087000000, 0x0000000087000000| Untracked 
| 113|0x0000000087100000, 0x0000000087100000, 0x0000000087200000|  0%| F|  |TAMS 0x0000000087100000, 0x0000000087100000| Untracked 
| 114|0x0000000087200000, 0x0000000087200000, 0x0000000087300000|  0%| F|  |TAMS 0x0000000087200000, 0x0000000087200000| Untracked 
| 115|0x0000000087300000, 0x0000000087300000, 0x0000000087400000|  0%| F|  |TAMS 0x0000000087300000, 0x0000000087300000| Untracked 
| 116|0x0000000087400000, 0x0000000087400000, 0x0000000087500000|  0%| F|  |TAMS 0x0000000087400000, 0x0000000087400000| Untracked 
| 117|0x0000000087500000, 0x0000000087500000, 0x0000000087600000|  0%| F|  |TAMS 0x0000000087500000, 0x0000000087500000| Untracked 
| 118|0x0000000087600000, 0x0000000087600000, 0x0000000087700000|  0%| F|  |TAMS 0x0000000087600000, 0x0000000087600000| Untracked 
| 119|0x0000000087700000, 0x0000000087700000, 0x0000000087800000|  0%| F|  |TAMS 0x0000000087700000, 0x0000000087700000| Untracked 
| 120|0x0000000087800000, 0x0000000087800000, 0x0000000087900000|  0%| F|  |TAMS 0x0000000087800000, 0x0000000087800000| Untracked 
| 121|0x0000000087900000, 0x0000000087900000, 0x0000000087a00000|  0%| F|  |TAMS 0x0000000087900000, 0x0000000087900000| Untracked 
| 122|0x0000000087a00000, 0x0000000087a00000, 0x0000000087b00000|  0%| F|  |TAMS 0x0000000087a00000, 0x0000000087a00000| Untracked 
| 123|0x0000000087b00000, 0x0000000087b00000, 0x0000000087c00000|  0%| F|  |TAMS 0x0000000087b00000, 0x0000000087b00000| Untracked 
| 124|0x0000000087c00000, 0x0000000087c00000, 0x0000000087d00000|  0%| F|  |TAMS 0x0000000087c00000, 0x0000000087c00000| Untracked 
| 125|0x0000000087d00000, 0x0000000087d00000, 0x0000000087e00000|  0%| F|  |TAMS 0x0000000087d00000, 0x0000000087d00000| Untracked 
| 126|0x0000000087e00000, 0x0000000087e00000, 0x0000000087f00000|  0%| F|  |TAMS 0x0000000087e00000, 0x0000000087e00000| Untracked 
| 127|0x0000000087f00000, 0x0000000087f00000, 0x0000000088000000|  0%| F|  |TAMS 0x0000000087f00000, 0x0000000087f00000| Untracked 
| 128|0x0000000088000000, 0x0000000088000000, 0x0000000088100000|  0%| F|  |TAMS 0x0000000088000000, 0x0000000088000000| Untracked 
| 129|0x0000000088100000, 0x0000000088100000, 0x0000000088200000|  0%| F|  |TAMS 0x0000000088100000, 0x0000000088100000| Untracked 
| 130|0x0000000088200000, 0x0000000088200000, 0x0000000088300000|  0%| F|  |TAMS 0x0000000088200000, 0x0000000088200000| Untracked 
| 131|0x0000000088300000, 0x0000000088300000, 0x0000000088400000|  0%| F|  |TAMS 0x0000000088300000, 0x0000000088300000| Untracked 
| 132|0x0000000088400000, 0x0000000088400000, 0x0000000088500000|  0%| F|  |TAMS 0x0000000088400000, 0x0000000088400000| Untracked 
| 133|0x0000000088500000, 0x0000000088500000, 0x0000000088600000|  0%| F|  |TAMS 0x0000000088500000, 0x0000000088500000| Untracked 
| 134|0x0000000088600000, 0x0000000088600000, 0x0000000088700000|  0%| F|  |TAMS 0x0000000088600000, 0x0000000088600000| Untracked 
| 135|0x0000000088700000, 0x0000000088700000, 0x0000000088800000|  0%| F|  |TAMS 0x0000000088700000, 0x0000000088700000| Untracked 
| 136|0x0000000088800000, 0x0000000088800000, 0x0000000088900000|  0%| F|  |TAMS 0x0000000088800000, 0x0000000088800000| Untracked 
| 137|0x0000000088900000, 0x0000000088900000, 0x0000000088a00000|  0%| F|  |TAMS 0x0000000088900000, 0x0000000088900000| Untracked 
| 138|0x0000000088a00000, 0x0000000088a00000, 0x0000000088b00000|  0%| F|  |TAMS 0x0000000088a00000, 0x0000000088a00000| Untracked 
| 139|0x0000000088b00000, 0x0000000088b00000, 0x0000000088c00000|  0%| F|  |TAMS 0x0000000088b00000, 0x0000000088b00000| Untracked 
| 140|0x0000000088c00000, 0x0000000088c00000, 0x0000000088d00000|  0%| F|  |TAMS 0x0000000088c00000, 0x0000000088c00000| Untracked 
| 141|0x0000000088d00000, 0x0000000088d00000, 0x0000000088e00000|  0%| F|  |TAMS 0x0000000088d00000, 0x0000000088d00000| Untracked 
| 142|0x0000000088e00000, 0x0000000088e00000, 0x0000000088f00000|  0%| F|  |TAMS 0x0000000088e00000, 0x0000000088e00000| Untracked 
| 143|0x0000000088f00000, 0x0000000088f00000, 0x0000000089000000|  0%| F|  |TAMS 0x0000000088f00000, 0x0000000088f00000| Untracked 
| 144|0x0000000089000000, 0x0000000089000000, 0x0000000089100000|  0%| F|  |TAMS 0x0000000089000000, 0x0000000089000000| Untracked 
| 145|0x0000000089100000, 0x0000000089100000, 0x0000000089200000|  0%| F|  |TAMS 0x0000000089100000, 0x0000000089100000| Untracked 
| 146|0x0000000089200000, 0x0000000089200000, 0x0000000089300000|  0%| F|  |TAMS 0x0000000089200000, 0x0000000089200000| Untracked 
| 147|0x0000000089300000, 0x0000000089300000, 0x0000000089400000|  0%| F|  |TAMS 0x0000000089300000, 0x0000000089300000| Untracked 
| 148|0x0000000089400000, 0x0000000089400000, 0x0000000089500000|  0%| F|  |TAMS 0x0000000089400000, 0x0000000089400000| Untracked 
| 149|0x0000000089500000, 0x0000000089500000, 0x0000000089600000|  0%| F|  |TAMS 0x0000000089500000, 0x0000000089500000| Untracked 
| 150|0x0000000089600000, 0x0000000089600000, 0x0000000089700000|  0%| F|  |TAMS 0x0000000089600000, 0x0000000089600000| Untracked 
| 151|0x0000000089700000, 0x0000000089700000, 0x0000000089800000|  0%| F|  |TAMS 0x0000000089700000, 0x0000000089700000| Untracked 
| 152|0x0000000089800000, 0x0000000089800000, 0x0000000089900000|  0%| F|  |TAMS 0x0000000089800000, 0x0000000089800000| Untracked 
| 153|0x0000000089900000, 0x0000000089900000, 0x0000000089a00000|  0%| F|  |TAMS 0x0000000089900000, 0x0000000089900000| Untracked 
| 154|0x0000000089a00000, 0x0000000089a00000, 0x0000000089b00000|  0%| F|  |TAMS 0x0000000089a00000, 0x0000000089a00000| Untracked 
| 155|0x0000000089b00000, 0x0000000089b00000, 0x0000000089c00000|  0%| F|  |TAMS 0x0000000089b00000, 0x0000000089b00000| Untracked 
| 156|0x0000000089c00000, 0x0000000089c00000, 0x0000000089d00000|  0%| F|  |TAMS 0x0000000089c00000, 0x0000000089c00000| Untracked 
| 157|0x0000000089d00000, 0x0000000089d00000, 0x0000000089e00000|  0%| F|  |TAMS 0x0000000089d00000, 0x0000000089d00000| Untracked 
| 158|0x0000000089e00000, 0x0000000089e00000, 0x0000000089f00000|  0%| F|  |TAMS 0x0000000089e00000, 0x0000000089e00000| Untracked 
| 159|0x0000000089f00000, 0x0000000089f00000, 0x000000008a000000|  0%| F|  |TAMS 0x0000000089f00000, 0x0000000089f00000| Untracked 
| 160|0x000000008a000000, 0x000000008a000000, 0x000000008a100000|  0%| F|  |TAMS 0x000000008a000000, 0x000000008a000000| Untracked 
| 161|0x000000008a100000, 0x000000008a100000, 0x000000008a200000|  0%| F|  |TAMS 0x000000008a100000, 0x000000008a100000| Untracked 
| 162|0x000000008a200000, 0x000000008a200000, 0x000000008a300000|  0%| F|  |TAMS 0x000000008a200000, 0x000000008a200000| Untracked 
| 163|0x000000008a300000, 0x000000008a300000, 0x000000008a400000|  0%| F|  |TAMS 0x000000008a300000, 0x000000008a300000| Untracked 
| 164|0x000000008a400000, 0x000000008a400000, 0x000000008a500000|  0%| F|  |TAMS 0x000000008a400000, 0x000000008a400000| Untracked 
| 165|0x000000008a500000, 0x000000008a500000, 0x000000008a600000|  0%| F|  |TAMS 0x000000008a500000, 0x000000008a500000| Untracked 
| 166|0x000000008a600000, 0x000000008a600000, 0x000000008a700000|  0%| F|  |TAMS 0x000000008a600000, 0x000000008a600000| Untracked 
| 167|0x000000008a700000, 0x000000008a700000, 0x000000008a800000|  0%| F|  |TAMS 0x000000008a700000, 0x000000008a700000| Untracked 
| 168|0x000000008a800000, 0x000000008a800000, 0x000000008a900000|  0%| F|  |TAMS 0x000000008a800000, 0x000000008a800000| Untracked 
| 169|0x000000008a900000, 0x000000008a900000, 0x000000008aa00000|  0%| F|  |TAMS 0x000000008a900000, 0x000000008a900000| Untracked 
| 170|0x000000008aa00000, 0x000000008aa00000, 0x000000008ab00000|  0%| F|  |TAMS 0x000000008aa00000, 0x000000008aa00000| Untracked 
| 171|0x000000008ab00000, 0x000000008ab00000, 0x000000008ac00000|  0%| F|  |TAMS 0x000000008ab00000, 0x000000008ab00000| Untracked 
| 172|0x000000008ac00000, 0x000000008ac00000, 0x000000008ad00000|  0%| F|  |TAMS 0x000000008ac00000, 0x000000008ac00000| Untracked 
| 173|0x000000008ad00000, 0x000000008ad00000, 0x000000008ae00000|  0%| F|  |TAMS 0x000000008ad00000, 0x000000008ad00000| Untracked 
| 174|0x000000008ae00000, 0x000000008ae00000, 0x000000008af00000|  0%| F|  |TAMS 0x000000008ae00000, 0x000000008ae00000| Untracked 
| 175|0x000000008af00000, 0x000000008af00000, 0x000000008b000000|  0%| F|  |TAMS 0x000000008af00000, 0x000000008af00000| Untracked 
| 176|0x000000008b000000, 0x000000008b000000, 0x000000008b100000|  0%| F|  |TAMS 0x000000008b000000, 0x000000008b000000| Untracked 
| 177|0x000000008b100000, 0x000000008b100000, 0x000000008b200000|  0%| F|  |TAMS 0x000000008b100000, 0x000000008b100000| Untracked 
| 178|0x000000008b200000, 0x000000008b200000, 0x000000008b300000|  0%| F|  |TAMS 0x000000008b200000, 0x000000008b200000| Untracked 
| 179|0x000000008b300000, 0x000000008b300000, 0x000000008b400000|  0%| F|  |TAMS 0x000000008b300000, 0x000000008b300000| Untracked 
| 180|0x000000008b400000, 0x000000008b400000, 0x000000008b500000|  0%| F|  |TAMS 0x000000008b400000, 0x000000008b400000| Untracked 
| 181|0x000000008b500000, 0x000000008b500000, 0x000000008b600000|  0%| F|  |TAMS 0x000000008b500000, 0x000000008b500000| Untracked 
| 182|0x000000008b600000, 0x000000008b600000, 0x000000008b700000|  0%| F|  |TAMS 0x000000008b600000, 0x000000008b600000| Untracked 
| 183|0x000000008b700000, 0x000000008b700000, 0x000000008b800000|  0%| F|  |TAMS 0x000000008b700000, 0x000000008b700000| Untracked 
| 184|0x000000008b800000, 0x000000008b800000, 0x000000008b900000|  0%| F|  |TAMS 0x000000008b800000, 0x000000008b800000| Untracked 
| 185|0x000000008b900000, 0x000000008b900000, 0x000000008ba00000|  0%| F|  |TAMS 0x000000008b900000, 0x000000008b900000| Untracked 
| 186|0x000000008ba00000, 0x000000008ba00000, 0x000000008bb00000|  0%| F|  |TAMS 0x000000008ba00000, 0x000000008ba00000| Untracked 
| 187|0x000000008bb00000, 0x000000008bb00000, 0x000000008bc00000|  0%| F|  |TAMS 0x000000008bb00000, 0x000000008bb00000| Untracked 
| 188|0x000000008bc00000, 0x000000008bc00000, 0x000000008bd00000|  0%| F|  |TAMS 0x000000008bc00000, 0x000000008bc00000| Untracked 
| 189|0x000000008bd00000, 0x000000008bd00000, 0x000000008be00000|  0%| F|  |TAMS 0x000000008bd00000, 0x000000008bd00000| Untracked 
| 190|0x000000008be00000, 0x000000008be00000, 0x000000008bf00000|  0%| F|  |TAMS 0x000000008be00000, 0x000000008be00000| Untracked 
| 191|0x000000008bf00000, 0x000000008bf00000, 0x000000008c000000|  0%| F|  |TAMS 0x000000008bf00000, 0x000000008bf00000| Untracked 
| 192|0x000000008c000000, 0x000000008c000000, 0x000000008c100000|  0%| F|  |TAMS 0x000000008c000000, 0x000000008c000000| Untracked 
| 193|0x000000008c100000, 0x000000008c100000, 0x000000008c200000|  0%| F|  |TAMS 0x000000008c100000, 0x000000008c100000| Untracked 
| 194|0x000000008c200000, 0x000000008c200000, 0x000000008c300000|  0%| F|  |TAMS 0x000000008c200000, 0x000000008c200000| Untracked 
| 195|0x000000008c300000, 0x000000008c300000, 0x000000008c400000|  0%| F|  |TAMS 0x000000008c300000, 0x000000008c300000| Untracked 
| 196|0x000000008c400000, 0x000000008c400000, 0x000000008c500000|  0%| F|  |TAMS 0x000000008c400000, 0x000000008c400000| Untracked 
| 197|0x000000008c500000, 0x000000008c500000, 0x000000008c600000|  0%| F|  |TAMS 0x000000008c500000, 0x000000008c500000| Untracked 
| 198|0x000000008c600000, 0x000000008c600000, 0x000000008c700000|  0%| F|  |TAMS 0x000000008c600000, 0x000000008c600000| Untracked 
| 199|0x000000008c700000, 0x000000008c700000, 0x000000008c800000|  0%| F|  |TAMS 0x000000008c700000, 0x000000008c700000| Untracked 
| 200|0x000000008c800000, 0x000000008c800000, 0x000000008c900000|  0%| F|  |TAMS 0x000000008c800000, 0x000000008c800000| Untracked 
| 201|0x000000008c900000, 0x000000008c900000, 0x000000008ca00000|  0%| F|  |TAMS 0x000000008c900000, 0x000000008c900000| Untracked 
| 202|0x000000008ca00000, 0x000000008ca00000, 0x000000008cb00000|  0%| F|  |TAMS 0x000000008ca00000, 0x000000008ca00000| Untracked 
| 203|0x000000008cb00000, 0x000000008cb00000, 0x000000008cc00000|  0%| F|  |TAMS 0x000000008cb00000, 0x000000008cb00000| Untracked 
| 204|0x000000008cc00000, 0x000000008cc00000, 0x000000008cd00000|  0%| F|  |TAMS 0x000000008cc00000, 0x000000008cc00000| Untracked 
| 205|0x000000008cd00000, 0x000000008cd00000, 0x000000008ce00000|  0%| F|  |TAMS 0x000000008cd00000, 0x000000008cd00000| Untracked 
| 206|0x000000008ce00000, 0x000000008ce00000, 0x000000008cf00000|  0%| F|  |TAMS 0x000000008ce00000, 0x000000008ce00000| Untracked 
| 207|0x000000008cf00000, 0x000000008cf00000, 0x000000008d000000|  0%| F|  |TAMS 0x000000008cf00000, 0x000000008cf00000| Untracked 
| 208|0x000000008d000000, 0x000000008d000000, 0x000000008d100000|  0%| F|  |TAMS 0x000000008d000000, 0x000000008d000000| Untracked 
| 209|0x000000008d100000, 0x000000008d100000, 0x000000008d200000|  0%| F|  |TAMS 0x000000008d100000, 0x000000008d100000| Untracked 
| 210|0x000000008d200000, 0x000000008d200000, 0x000000008d300000|  0%| F|  |TAMS 0x000000008d200000, 0x000000008d200000| Untracked 
| 211|0x000000008d300000, 0x000000008d300000, 0x000000008d400000|  0%| F|  |TAMS 0x000000008d300000, 0x000000008d300000| Untracked 
| 212|0x000000008d400000, 0x000000008d400000, 0x000000008d500000|  0%| F|  |TAMS 0x000000008d400000, 0x000000008d400000| Untracked 
| 213|0x000000008d500000, 0x000000008d500000, 0x000000008d600000|  0%| F|  |TAMS 0x000000008d500000, 0x000000008d500000| Untracked 
| 214|0x000000008d600000, 0x000000008d600000, 0x000000008d700000|  0%| F|  |TAMS 0x000000008d600000, 0x000000008d600000| Untracked 
| 215|0x000000008d700000, 0x000000008d700000, 0x000000008d800000|  0%| F|  |TAMS 0x000000008d700000, 0x000000008d700000| Untracked 
| 216|0x000000008d800000, 0x000000008d800000, 0x000000008d900000|  0%| F|  |TAMS 0x000000008d800000, 0x000000008d800000| Untracked 
| 217|0x000000008d900000, 0x000000008d900000, 0x000000008da00000|  0%| F|  |TAMS 0x000000008d900000, 0x000000008d900000| Untracked 
| 218|0x000000008da00000, 0x000000008da00000, 0x000000008db00000|  0%| F|  |TAMS 0x000000008da00000, 0x000000008da00000| Untracked 
| 219|0x000000008db00000, 0x000000008db00000, 0x000000008dc00000|  0%| F|  |TAMS 0x000000008db00000, 0x000000008db00000| Untracked 
| 220|0x000000008dc00000, 0x000000008dc00000, 0x000000008dd00000|  0%| F|  |TAMS 0x000000008dc00000, 0x000000008dc00000| Untracked 
| 221|0x000000008dd00000, 0x000000008dd00000, 0x000000008de00000|  0%| F|  |TAMS 0x000000008dd00000, 0x000000008dd00000| Untracked 
| 222|0x000000008de00000, 0x000000008de00000, 0x000000008df00000|  0%| F|  |TAMS 0x000000008de00000, 0x000000008de00000| Untracked 
| 223|0x000000008df00000, 0x000000008df00000, 0x000000008e000000|  0%| F|  |TAMS 0x000000008df00000, 0x000000008df00000| Untracked 
| 224|0x000000008e000000, 0x000000008e000000, 0x000000008e100000|  0%| F|  |TAMS 0x000000008e000000, 0x000000008e000000| Untracked 
| 225|0x000000008e100000, 0x000000008e100000, 0x000000008e200000|  0%| F|  |TAMS 0x000000008e100000, 0x000000008e100000| Untracked 
| 226|0x000000008e200000, 0x000000008e200000, 0x000000008e300000|  0%| F|  |TAMS 0x000000008e200000, 0x000000008e200000| Untracked 
| 227|0x000000008e300000, 0x000000008e300000, 0x000000008e400000|  0%| F|  |TAMS 0x000000008e300000, 0x000000008e300000| Untracked 
| 228|0x000000008e400000, 0x000000008e400000, 0x000000008e500000|  0%| F|  |TAMS 0x000000008e400000, 0x000000008e400000| Untracked 
| 229|0x000000008e500000, 0x000000008e500000, 0x000000008e600000|  0%| F|  |TAMS 0x000000008e500000, 0x000000008e500000| Untracked 
| 230|0x000000008e600000, 0x000000008e600000, 0x000000008e700000|  0%| F|  |TAMS 0x000000008e600000, 0x000000008e600000| Untracked 
| 231|0x000000008e700000, 0x000000008e700000, 0x000000008e800000|  0%| F|  |TAMS 0x000000008e700000, 0x000000008e700000| Untracked 
| 232|0x000000008e800000, 0x000000008e800000, 0x000000008e900000|  0%| F|  |TAMS 0x000000008e800000, 0x000000008e800000| Untracked 
| 233|0x000000008e900000, 0x000000008e900000, 0x000000008ea00000|  0%| F|  |TAMS 0x000000008e900000, 0x000000008e900000| Untracked 
| 234|0x000000008ea00000, 0x000000008ea00000, 0x000000008eb00000|  0%| F|  |TAMS 0x000000008ea00000, 0x000000008ea00000| Untracked 
| 235|0x000000008eb00000, 0x000000008eb00000, 0x000000008ec00000|  0%| F|  |TAMS 0x000000008eb00000, 0x000000008eb00000| Untracked 
| 236|0x000000008ec00000, 0x000000008ec00000, 0x000000008ed00000|  0%| F|  |TAMS 0x000000008ec00000, 0x000000008ec00000| Untracked 
| 237|0x000000008ed00000, 0x000000008ed00000, 0x000000008ee00000|  0%| F|  |TAMS 0x000000008ed00000, 0x000000008ed00000| Untracked 
| 238|0x000000008ee00000, 0x000000008eebfe10, 0x000000008ef00000| 74%| E|  |TAMS 0x000000008ee00000, 0x000000008ee00000| Complete 
| 239|0x000000008ef00000, 0x000000008f000000, 0x000000008f000000|100%| E|CS|TAMS 0x000000008ef00000, 0x000000008ef00000| Complete 
| 240|0x000000008f000000, 0x000000008f100000, 0x000000008f100000|100%| E|CS|TAMS 0x000000008f000000, 0x000000008f000000| Complete 
| 241|0x000000008f100000, 0x000000008f200000, 0x000000008f200000|100%| E|CS|TAMS 0x000000008f100000, 0x000000008f100000| Complete 
| 242|0x000000008f200000, 0x000000008f300000, 0x000000008f300000|100%| E|CS|TAMS 0x000000008f200000, 0x000000008f200000| Complete 
| 243|0x000000008f300000, 0x000000008f400000, 0x000000008f400000|100%| E|CS|TAMS 0x000000008f300000, 0x000000008f300000| Complete 
| 244|0x000000008f400000, 0x000000008f500000, 0x000000008f500000|100%| E|CS|TAMS 0x000000008f400000, 0x000000008f400000| Complete 
| 245|0x000000008f500000, 0x000000008f600000, 0x000000008f600000|100%| E|CS|TAMS 0x000000008f500000, 0x000000008f500000| Complete 
| 246|0x000000008f600000, 0x000000008f700000, 0x000000008f700000|100%| E|CS|TAMS 0x000000008f600000, 0x000000008f600000| Complete 
| 247|0x000000008f700000, 0x000000008f800000, 0x000000008f800000|100%| E|CS|TAMS 0x000000008f700000, 0x000000008f700000| Complete 
| 248|0x000000008f800000, 0x000000008f900000, 0x000000008f900000|100%| E|CS|TAMS 0x000000008f800000, 0x000000008f800000| Complete 
| 249|0x000000008f900000, 0x000000008fa00000, 0x000000008fa00000|100%| E|CS|TAMS 0x000000008f900000, 0x000000008f900000| Complete 
| 250|0x000000008fa00000, 0x000000008fb00000, 0x000000008fb00000|100%| E|CS|TAMS 0x000000008fa00000, 0x000000008fa00000| Complete 
| 251|0x000000008fb00000, 0x000000008fc00000, 0x000000008fc00000|100%| E|CS|TAMS 0x000000008fb00000, 0x000000008fb00000| Complete 
| 252|0x000000008fc00000, 0x000000008fd00000, 0x000000008fd00000|100%| E|CS|TAMS 0x000000008fc00000, 0x000000008fc00000| Complete 
| 253|0x000000008fd00000, 0x000000008fe00000, 0x000000008fe00000|100%| E|CS|TAMS 0x000000008fd00000, 0x000000008fd00000| Complete 
| 254|0x000000008fe00000, 0x000000008ff00000, 0x000000008ff00000|100%| E|CS|TAMS 0x000000008fe00000, 0x000000008fe00000| Complete 
| 255|0x000000008ff00000, 0x0000000090000000, 0x0000000090000000|100%| E|CS|TAMS 0x000000008ff00000, 0x000000008ff00000| Complete 
| 256|0x0000000090000000, 0x0000000090100000, 0x0000000090100000|100%| E|CS|TAMS 0x0000000090000000, 0x0000000090000000| Complete 
| 257|0x0000000090100000, 0x0000000090200000, 0x0000000090200000|100%| E|CS|TAMS 0x0000000090100000, 0x0000000090100000| Complete 
| 258|0x0000000090200000, 0x0000000090300000, 0x0000000090300000|100%| E|CS|TAMS 0x0000000090200000, 0x0000000090200000| Complete 
| 259|0x0000000090300000, 0x0000000090400000, 0x0000000090400000|100%| E|CS|TAMS 0x0000000090300000, 0x0000000090300000| Complete 
| 260|0x0000000090400000, 0x0000000090500000, 0x0000000090500000|100%| E|CS|TAMS 0x0000000090400000, 0x0000000090400000| Complete 
| 261|0x0000000090500000, 0x0000000090600000, 0x0000000090600000|100%| E|CS|TAMS 0x0000000090500000, 0x0000000090500000| Complete 
| 262|0x0000000090600000, 0x0000000090700000, 0x0000000090700000|100%| E|CS|TAMS 0x0000000090600000, 0x0000000090600000| Complete 

Card table byte_map: [0x000001cd4a410000,0x000001cd4a810000] _byte_map_base: 0x000001cd4a010000

Marking Bits (Prev, Next): (CMBitMap*) 0x000001cd3785b740, (CMBitMap*) 0x000001cd3785b700
 Prev Bits: [0x000001cd4cc10000, 0x000001cd4ec10000)
 Next Bits: [0x000001cd4ac10000, 0x000001cd4cc10000)

Polling page: 0x000001cd356c0000

Metaspace:

Usage:
  Non-class:     44.19 MB used.
      Class:      6.74 MB used.
       Both:     50.94 MB used.

Virtual space:
  Non-class space:       48.00 MB reserved,      44.44 MB ( 93%) committed,  6 nodes.
      Class space:        1.00 GB reserved,       7.00 MB ( <1%) committed,  1 nodes.
             Both:        1.05 GB reserved,      51.44 MB (  5%) committed. 

Chunk freelists:
   Non-Class:  2.85 MB
       Class:  1.06 MB
        Both:  3.91 MB

MaxMetaspaceSize: unlimited
CompressedClassSpaceSize: 1.00 GB
Initial GC threshold: 21.00 MB
Current GC threshold: 84.19 MB
CDS: off
MetaspaceReclaimPolicy: balanced
 - commit_granule_bytes: 65536.
 - commit_granule_words: 8192.
 - virtual_space_node_default_size: 1048576.
 - enlarge_chunks_in_place: 1.
 - new_chunks_are_fully_committed: 0.
 - uncommit_free_chunks: 1.
 - use_allocation_guard: 0.
 - handle_deallocations: 1.


Internal statistics:

num_allocs_failed_limit: 3.
num_arena_births: 436.
num_arena_deaths: 4.
num_vsnodes_births: 7.
num_vsnodes_deaths: 0.
num_space_committed: 823.
num_space_uncommitted: 0.
num_chunks_returned_to_freelist: 10.
num_chunks_taken_from_freelist: 2084.
num_chunk_merges: 3.
num_chunk_splits: 1355.
num_chunks_enlarged: 948.
num_purges: 4.
num_inconsistent_stats: 0.

CodeHeap 'non-profiled nmethods': size=120000Kb used=4747Kb max_used=4747Kb free=115252Kb
 bounds [0x000001cd427a0000, 0x000001cd42c50000, 0x000001cd49cd0000]
CodeHeap 'profiled nmethods': size=120000Kb used=10076Kb max_used=11097Kb free=109923Kb
 bounds [0x000001cd3acd0000, 0x000001cd3b7d0000, 0x000001cd42200000]
CodeHeap 'non-nmethods': size=5760Kb used=2312Kb max_used=2425Kb free=3447Kb
 bounds [0x000001cd42200000, 0x000001cd42480000, 0x000001cd427a0000]
 total_blobs=6171 nmethods=5345 adapters=738
 compilation: enabled
              stopped_count=0, restarted_count=0
 full_count=0

Compilation events (20 events):
Event: 16.512 Thread 0x000001cd516993a0 6753       2       groovyjarjarasm.asm.Label::getCanonicalInstance (19 bytes)
Event: 16.512 Thread 0x000001cd516993a0 nmethod 6753 0x000001cd3b597890 code [0x000001cd3b597a20, 0x000001cd3b597b38]
Event: 16.512 Thread 0x000001cd516993a0 6751       2       org.codehaus.groovy.classgen.asm.MopWriter$MopKey::<init> (28 bytes)
Event: 16.512 Thread 0x000001cd516993a0 nmethod 6751 0x000001cd3b597110 code [0x000001cd3b5972c0, 0x000001cd3b5974c8]
Event: 16.512 Thread 0x000001cd516993a0 6752       2       groovyjarjarasm.asm.Frame::setLocal (65 bytes)
Event: 16.513 Thread 0x000001cd516993a0 nmethod 6752 0x000001cd3aeb0310 code [0x000001cd3aeb04c0, 0x000001cd3aeb08c8]
Event: 16.517 Thread 0x000001cd516993a0 6754  s!   2       java.io.FileDescriptor::closeAll (163 bytes)
Event: 16.518 Thread 0x000001cd516993a0 nmethod 6754 0x000001cd3acdf790 code [0x000001cd3acdf9c0, 0x000001cd3ace0088]
Event: 16.519 Thread 0x000001cd516993a0 6755       2       org.gradle.internal.logging.sink.LogEventDispatcher::onOutput (60 bytes)
Event: 16.520 Thread 0x000001cd516993a0 nmethod 6755 0x000001cd3b111390 code [0x000001cd3b111580, 0x000001cd3b111838]
Event: 16.529 Thread 0x000001cd516993a0 6756       1       com.google.common.cache.LocalCache$1::get (2 bytes)
Event: 16.529 Thread 0x000001cd516993a0 nmethod 6756 0x000001cd42c42810 code [0x000001cd42c429a0, 0x000001cd42c42a78]
Event: 16.529 Thread 0x000001cd516993a0 6757       2       sun.misc.Unsafe::compareAndSwapObject (13 bytes)
Event: 16.530 Thread 0x000001cd516993a0 nmethod 6757 0x000001cd3aeaff10 code [0x000001cd3aeb00a0, 0x000001cd3aeb0218]
Event: 16.538 Thread 0x000001cd516993a0 6758       2       java.util.concurrent.atomic.AtomicReferenceArray::set (13 bytes)
Event: 16.539 Thread 0x000001cd516993a0 nmethod 6758 0x000001cd3b13c110 code [0x000001cd3b13c340, 0x000001cd3b13ca08]
Event: 16.539 Thread 0x000001cd516993a0 6759       2       java.lang.invoke.VarHandleReferences$Array::setVolatile (61 bytes)
Event: 16.540 Thread 0x000001cd516993a0 nmethod 6759 0x000001cd3ae2c690 code [0x000001cd3ae2c8e0, 0x000001cd3ae2d028]
Event: 16.540 Thread 0x000001cd516993a0 6760       2       com.google.common.cache.LocalCache$Segment::setValue (82 bytes)
Event: 16.540 Thread 0x000001cd516993a0 nmethod 6760 0x000001cd3b195b90 code [0x000001cd3b195d60, 0x000001cd3b195fc8]

GC Heap History (20 events):
Event: 13.348 GC heap before
{Heap before GC invocations=45 (full 0):
 garbage-first heap   total 224256K, used 192888K [0x0000000080000000, 0x0000000100000000)
  region size 1024K, 126 young (129024K), 6 survivors (6144K)
 Metaspace       used 51854K, committed 52352K, reserved 1097728K
  class space    used 6887K, committed 7104K, reserved 1048576K
}
Event: 13.351 GC heap after
{Heap after GC invocations=46 (full 0):
 garbage-first heap   total 224256K, used 70045K [0x0000000080000000, 0x0000000100000000)
  region size 1024K, 6 young (6144K), 6 survivors (6144K)
 Metaspace       used 51854K, committed 52352K, reserved 1097728K
  class space    used 6887K, committed 7104K, reserved 1048576K
}
Event: 13.809 GC heap before
{Heap before GC invocations=46 (full 0):
 garbage-first heap   total 224256K, used 193949K [0x0000000080000000, 0x0000000100000000)
  region size 1024K, 126 young (129024K), 6 survivors (6144K)
 Metaspace       used 51854K, committed 52352K, reserved 1097728K
  class space    used 6887K, committed 7104K, reserved 1048576K
}
Event: 13.814 GC heap after
{Heap after GC invocations=47 (full 0):
 garbage-first heap   total 224256K, used 70994K [0x0000000080000000, 0x0000000100000000)
  region size 1024K, 7 young (7168K), 7 survivors (7168K)
 Metaspace       used 51854K, committed 52352K, reserved 1097728K
  class space    used 6887K, committed 7104K, reserved 1048576K
}
Event: 14.162 GC heap before
{Heap before GC invocations=47 (full 0):
 garbage-first heap   total 224256K, used 190802K [0x0000000080000000, 0x0000000100000000)
  region size 1024K, 125 young (128000K), 7 survivors (7168K)
 Metaspace       used 51855K, committed 52352K, reserved 1097728K
  class space    used 6888K, committed 7104K, reserved 1048576K
}
Event: 14.166 GC heap after
{Heap after GC invocations=48 (full 0):
 garbage-first heap   total 224256K, used 71937K [0x0000000080000000, 0x0000000100000000)
  region size 1024K, 7 young (7168K), 7 survivors (7168K)
 Metaspace       used 51855K, committed 52352K, reserved 1097728K
  class space    used 6888K, committed 7104K, reserved 1048576K
}
Event: 14.482 GC heap before
{Heap before GC invocations=48 (full 0):
 garbage-first heap   total 224256K, used 192769K [0x0000000080000000, 0x0000000100000000)
  region size 1024K, 125 young (128000K), 7 survivors (7168K)
 Metaspace       used 51856K, committed 52352K, reserved 1097728K
  class space    used 6888K, committed 7104K, reserved 1048576K
}
Event: 14.487 GC heap after
{Heap after GC invocations=49 (full 0):
 garbage-first heap   total 224256K, used 72789K [0x0000000080000000, 0x0000000100000000)
  region size 1024K, 8 young (8192K), 8 survivors (8192K)
 Metaspace       used 51856K, committed 52352K, reserved 1097728K
  class space    used 6888K, committed 7104K, reserved 1048576K
}
Event: 14.704 GC heap before
{Heap before GC invocations=49 (full 0):
 garbage-first heap   total 224256K, used 191573K [0x0000000080000000, 0x0000000100000000)
  region size 1024K, 124 young (126976K), 8 survivors (8192K)
 Metaspace       used 51856K, committed 52352K, reserved 1097728K
  class space    used 6888K, committed 7104K, reserved 1048576K
}
Event: 14.709 GC heap after
{Heap after GC invocations=50 (full 0):
 garbage-first heap   total 224256K, used 74329K [0x0000000080000000, 0x0000000100000000)
  region size 1024K, 10 young (10240K), 10 survivors (10240K)
 Metaspace       used 51856K, committed 52352K, reserved 1097728K
  class space    used 6888K, committed 7104K, reserved 1048576K
}
Event: 14.896 GC heap before
{Heap before GC invocations=50 (full 0):
 garbage-first heap   total 224256K, used 189017K [0x0000000080000000, 0x0000000100000000)
  region size 1024K, 122 young (124928K), 10 survivors (10240K)
 Metaspace       used 51856K, committed 52352K, reserved 1097728K
  class space    used 6888K, committed 7104K, reserved 1048576K
}
Event: 14.902 GC heap after
{Heap after GC invocations=51 (full 0):
 garbage-first heap   total 224256K, used 75836K [0x0000000080000000, 0x0000000100000000)
  region size 1024K, 9 young (9216K), 9 survivors (9216K)
 Metaspace       used 51856K, committed 52352K, reserved 1097728K
  class space    used 6888K, committed 7104K, reserved 1048576K
}
Event: 15.092 GC heap before
{Heap before GC invocations=51 (full 0):
 garbage-first heap   total 224256K, used 190524K [0x0000000080000000, 0x0000000100000000)
  region size 1024K, 121 young (123904K), 9 survivors (9216K)
 Metaspace       used 51856K, committed 52352K, reserved 1097728K
  class space    used 6888K, committed 7104K, reserved 1048576K
}
Event: 15.098 GC heap after
{Heap after GC invocations=52 (full 0):
 garbage-first heap   total 224256K, used 76654K [0x0000000080000000, 0x0000000100000000)
  region size 1024K, 10 young (10240K), 10 survivors (10240K)
 Metaspace       used 51856K, committed 52352K, reserved 1097728K
  class space    used 6888K, committed 7104K, reserved 1048576K
}
Event: 15.725 GC heap before
{Heap before GC invocations=52 (full 0):
 garbage-first heap   total 224256K, used 195438K [0x0000000080000000, 0x0000000100000000)
  region size 1024K, 120 young (122880K), 10 survivors (10240K)
 Metaspace       used 51861K, committed 52352K, reserved 1097728K
  class space    used 6888K, committed 7104K, reserved 1048576K
}
Event: 15.727 GC heap after
{Heap after GC invocations=53 (full 0):
 garbage-first heap   total 269312K, used 69669K [0x0000000080000000, 0x0000000100000000)
  region size 1024K, 2 young (2048K), 2 survivors (2048K)
 Metaspace       used 51861K, committed 52352K, reserved 1097728K
  class space    used 6888K, committed 7104K, reserved 1048576K
}
Event: 16.050 GC heap before
{Heap before GC invocations=53 (full 0):
 garbage-first heap   total 269312K, used 228389K [0x0000000080000000, 0x0000000100000000)
  region size 1024K, 157 young (160768K), 2 survivors (2048K)
 Metaspace       used 51861K, committed 52352K, reserved 1097728K
  class space    used 6888K, committed 7104K, reserved 1048576K
}
Event: 16.052 GC heap after
{Heap after GC invocations=54 (full 0):
 garbage-first heap   total 269312K, used 71222K [0x0000000080000000, 0x0000000100000000)
  region size 1024K, 4 young (4096K), 4 survivors (4096K)
 Metaspace       used 51861K, committed 52352K, reserved 1097728K
  class space    used 6888K, committed 7104K, reserved 1048576K
}
Event: 16.388 GC heap before
{Heap before GC invocations=54 (full 0):
 garbage-first heap   total 269312K, used 230966K [0x0000000080000000, 0x0000000100000000)
  region size 1024K, 157 young (160768K), 4 survivors (4096K)
 Metaspace       used 51870K, committed 52352K, reserved 1097728K
  class space    used 6888K, committed 7104K, reserved 1048576K
}
Event: 16.390 GC heap after
{Heap after GC invocations=55 (full 0):
 garbage-first heap   total 269312K, used 69146K [0x0000000080000000, 0x0000000100000000)
  region size 1024K, 2 young (2048K), 2 survivors (2048K)
 Metaspace       used 51870K, committed 52352K, reserved 1097728K
  class space    used 6888K, committed 7104K, reserved 1048576K
}

Dll operation events (2 events):
Event: 0.006 Loaded shared library C:\Users\Second Droid\AppData\Local\Programs\Android Studio\jbr\bin\java.dll
Event: 0.338 Loaded shared library C:\Users\Second Droid\AppData\Local\Programs\Android Studio\jbr\bin\verify.dll

Deoptimization events (20 events):
Event: 15.104 Thread 0x000001cd530b2ec0 DEOPT PACKING pc=0x000001cd42a1b430 sp=0x0000007cc35fe3f0
Event: 15.104 Thread 0x000001cd530b2ec0 DEOPT UNPACKING pc=0x000001cd422569a3 sp=0x0000007cc35fe378 mode 2
Event: 16.236 Thread 0x000001cd547f9af0 Uncommon trap: trap_request=0xffffff76 fr.pc=0x000001cd427f7c10 relative=0x0000000000000650
Event: 16.236 Thread 0x000001cd547f9af0 Uncommon trap: reason=predicate action=maybe_recompile pc=0x000001cd427f7c10 method=java.util.ComparableTimSort.reverseRange([Ljava/lang/Object;II)V @ 5 c2
Event: 16.236 Thread 0x000001cd547f9af0 DEOPT PACKING pc=0x000001cd427f7c10 sp=0x0000007cc25fe630
Event: 16.236 Thread 0x000001cd547f9af0 DEOPT UNPACKING pc=0x000001cd422569a3 sp=0x0000007cc25fe570 mode 2
Event: 16.303 Thread 0x000001cd530b4200 Uncommon trap: trap_request=0xffffff45 fr.pc=0x000001cd429baee8 relative=0x0000000000000828
Event: 16.303 Thread 0x000001cd530b4200 Uncommon trap: reason=unstable_if action=reinterpret pc=0x000001cd429baee8 method=java.util.ComparableTimSort.countRunAndMakeAscending([Ljava/lang/Object;II)I @ 25 c2
Event: 16.303 Thread 0x000001cd530b4200 DEOPT PACKING pc=0x000001cd429baee8 sp=0x0000007cc2bf9640
Event: 16.303 Thread 0x000001cd530b4200 DEOPT UNPACKING pc=0x000001cd422569a3 sp=0x0000007cc2bf95f8 mode 2
Event: 16.325 Thread 0x000001cd530b4200 Uncommon trap: trap_request=0xffffff45 fr.pc=0x000001cd42bbe48c relative=0x00000000000017ec
Event: 16.325 Thread 0x000001cd530b4200 Uncommon trap: reason=unstable_if action=reinterpret pc=0x000001cd42bbe48c method=org.gradle.api.internal.changedetection.state.MetaInfAwareClasspathResourceHasher.hash(Lorg/gradle/internal/fingerprint/hashing/ZipEntryContext;)Lorg/gradle/internal/hash/Ha
Event: 16.325 Thread 0x000001cd530b4200 DEOPT PACKING pc=0x000001cd42bbe48c sp=0x0000007cc2bf96c0
Event: 16.325 Thread 0x000001cd530b4200 DEOPT UNPACKING pc=0x000001cd422569a3 sp=0x0000007cc2bf95e0 mode 2
Event: 16.363 Thread 0x000001cd530b4200 Uncommon trap: trap_request=0xffffff45 fr.pc=0x000001cd42c0cdac relative=0x000000000000360c
Event: 16.363 Thread 0x000001cd530b4200 Uncommon trap: reason=unstable_if action=reinterpret pc=0x000001cd42c0cdac method=groovyjarjarantlr4.v4.runtime.atn.PredictionContextCache$IdentityCommutativePredictionContextOperands.equals(Ljava/lang/Object;)Z @ 40 c2
Event: 16.363 Thread 0x000001cd530b4200 DEOPT PACKING pc=0x000001cd42c0cdac sp=0x0000007cc2bf73f0
Event: 16.363 Thread 0x000001cd530b4200 DEOPT UNPACKING pc=0x000001cd422569a3 sp=0x0000007cc2bf7250 mode 2
Event: 16.511 Thread 0x000001cd530b4200 DEOPT PACKING pc=0x000001cd3b3fe09d sp=0x0000007cc2bf8db0
Event: 16.511 Thread 0x000001cd530b4200 DEOPT UNPACKING pc=0x000001cd42257143 sp=0x0000007cc2bf8270 mode 0

Classes unloaded (5 events):
Event: 8.344 Thread 0x000001cd5165d5c0 Unloading class 0x00000001005fc000 '_BuildScript_$_run_closure1'
Event: 8.344 Thread 0x000001cd5165d5c0 Unloading class 0x00000001005f4000 '_BuildScript_'
Event: 8.692 Thread 0x000001cd5165d5c0 Unloading class 0x0000000100638968 '_BuildScript_$_run_closure1$_closure2'
Event: 8.692 Thread 0x000001cd5165d5c0 Unloading class 0x0000000100638558 '_BuildScript_$_run_closure1'
Event: 8.692 Thread 0x000001cd5165d5c0 Unloading class 0x0000000100638000 '_BuildScript_'

Classes redefined (0 events):
No events

Internal exceptions (20 events):
Event: 12.518 Thread 0x000001cd530b29f0 Exception <a 'sun/nio/fs/WindowsException'{0x000000008a959c48}> (0x000000008a959c48) 
thrown [s\src\hotspot\share\prims\jni.cpp, line 517]
Event: 12.519 Thread 0x000001cd53584170 Exception <a 'sun/nio/fs/WindowsException'{0x000000008a760508}> (0x000000008a760508) 
thrown [s\src\hotspot\share\prims\jni.cpp, line 517]
Event: 12.521 Thread 0x000001cd53581150 Exception <a 'sun/nio/fs/WindowsException'{0x000000008a7144e0}> (0x000000008a7144e0) 
thrown [s\src\hotspot\share\prims\jni.cpp, line 517]
Event: 12.527 Thread 0x000001cd53584640 Exception <a 'sun/nio/fs/WindowsException'{0x000000008a577170}> (0x000000008a577170) 
thrown [s\src\hotspot\share\prims\jni.cpp, line 517]
Event: 12.528 Thread 0x000001cd530b3390 Exception <a 'sun/nio/fs/WindowsException'{0x000000008a79dd68}> (0x000000008a79dd68) 
thrown [s\src\hotspot\share\prims\jni.cpp, line 517]
Event: 12.530 Thread 0x000001cd53584640 Exception <a 'sun/nio/fs/WindowsException'{0x000000008a577330}> (0x000000008a577330) 
thrown [s\src\hotspot\share\prims\jni.cpp, line 517]
Event: 12.533 Thread 0x000001cd53581af0 Exception <a 'sun/nio/fs/WindowsException'{0x000000008a689ff0}> (0x000000008a689ff0) 
thrown [s\src\hotspot\share\prims\jni.cpp, line 517]
Event: 12.535 Thread 0x000001cd530b29f0 Exception <a 'sun/nio/fs/WindowsException'{0x000000008a1806a0}> (0x000000008a1806a0) 
thrown [s\src\hotspot\share\prims\jni.cpp, line 517]
Event: 12.538 Thread 0x000001cd530b29f0 Exception <a 'sun/nio/fs/WindowsException'{0x000000008a180870}> (0x000000008a180870) 
thrown [s\src\hotspot\share\prims\jni.cpp, line 517]
Event: 12.558 Thread 0x000001cd53581150 Exception <a 'sun/nio/fs/WindowsException'{0x00000000895b2310}> (0x00000000895b2310) 
thrown [s\src\hotspot\share\prims\jni.cpp, line 517]
Event: 12.563 Thread 0x000001cd53581150 Exception <a 'sun/nio/fs/WindowsException'{0x00000000895b24f8}> (0x00000000895b24f8) 
thrown [s\src\hotspot\share\prims\jni.cpp, line 517]
Event: 12.574 Thread 0x000001cd530b2ec0 Exception <a 'sun/nio/fs/WindowsException'{0x0000000088910180}> (0x0000000088910180) 
thrown [s\src\hotspot\share\prims\jni.cpp, line 517]
Event: 12.618 Thread 0x000001cd53584170 Exception <a 'sun/nio/fs/WindowsException'{0x0000000086f839b8}> (0x0000000086f839b8) 
thrown [s\src\hotspot\share\prims\jni.cpp, line 517]
Event: 12.620 Thread 0x000001cd53584170 Exception <a 'sun/nio/fs/WindowsException'{0x0000000086f83ba0}> (0x0000000086f83ba0) 
thrown [s\src\hotspot\share\prims\jni.cpp, line 517]
Event: 12.736 Thread 0x000001cd530b3390 Exception <a 'sun/nio/fs/WindowsException'{0x00000000891bfa80}> (0x00000000891bfa80) 
thrown [s\src\hotspot\share\prims\jni.cpp, line 517]
Event: 12.736 Thread 0x000001cd530b3390 Exception <a 'sun/nio/fs/WindowsException'{0x00000000891bfc10}> (0x00000000891bfc10) 
thrown [s\src\hotspot\share\prims\jni.cpp, line 517]
Event: 13.116 Thread 0x000001cd53581af0 Exception <a 'sun/nio/fs/WindowsException'{0x000000008a98c378}> (0x000000008a98c378) 
thrown [s\src\hotspot\share\prims\jni.cpp, line 517]
Event: 13.117 Thread 0x000001cd53581af0 Exception <a 'sun/nio/fs/WindowsException'{0x000000008a98c540}> (0x000000008a98c540) 
thrown [s\src\hotspot\share\prims\jni.cpp, line 517]
Event: 15.273 Thread 0x000001cd530b2ec0 Exception <a 'sun/nio/fs/WindowsException'{0x0000000089b94d98}> (0x0000000089b94d98) 
thrown [s\src\hotspot\share\prims\jni.cpp, line 517]
Event: 15.274 Thread 0x000001cd530b2ec0 Exception <a 'sun/nio/fs/WindowsException'{0x0000000089b94f70}> (0x0000000089b94f70) 
thrown [s\src\hotspot\share\prims\jni.cpp, line 517]

VM Operations (20 events):
Event: 13.809 Executing VM operation: G1CollectForAllocation
Event: 13.814 Executing VM operation: G1CollectForAllocation done
Event: 14.162 Executing VM operation: G1CollectForAllocation
Event: 14.166 Executing VM operation: G1CollectForAllocation done
Event: 14.482 Executing VM operation: G1CollectForAllocation
Event: 14.487 Executing VM operation: G1CollectForAllocation done
Event: 14.703 Executing VM operation: G1CollectForAllocation
Event: 14.709 Executing VM operation: G1CollectForAllocation done
Event: 14.896 Executing VM operation: G1CollectForAllocation
Event: 14.902 Executing VM operation: G1CollectForAllocation done
Event: 15.092 Executing VM operation: G1CollectForAllocation
Event: 15.098 Executing VM operation: G1CollectForAllocation done
Event: 15.725 Executing VM operation: G1CollectForAllocation
Event: 15.727 Executing VM operation: G1CollectForAllocation done
Event: 16.049 Executing VM operation: G1CollectForAllocation
Event: 16.052 Executing VM operation: G1CollectForAllocation done
Event: 16.388 Executing VM operation: G1CollectForAllocation
Event: 16.390 Executing VM operation: G1CollectForAllocation done
Event: 16.458 Executing VM operation: HandshakeAllThreads
Event: 16.458 Executing VM operation: HandshakeAllThreads done

Events (20 events):
Event: 12.509 Thread 0x000001cd5169e460 flushing nmethod 0x000001cd3b629f10
Event: 12.509 Thread 0x000001cd5169e460 flushing nmethod 0x000001cd3b652190
Event: 12.509 Thread 0x000001cd5169e460 flushing nmethod 0x000001cd3b69f390
Event: 12.509 Thread 0x000001cd5169e460 flushing nmethod 0x000001cd3b6c7d10
Event: 12.509 Thread 0x000001cd5169e460 flushing nmethod 0x000001cd3b6ca010
Event: 12.509 Thread 0x000001cd5169e460 flushing nmethod 0x000001cd3b6ce110
Event: 12.509 Thread 0x000001cd5169e460 flushing nmethod 0x000001cd3b6cf590
Event: 12.509 Thread 0x000001cd5169e460 flushing nmethod 0x000001cd3b6d7810
Event: 12.510 Thread 0x000001cd5169e460 flushing nmethod 0x000001cd3b70fb10
Event: 12.510 Thread 0x000001cd5169e460 flushing nmethod 0x000001cd3b711690
Event: 12.510 Thread 0x000001cd5169e460 flushing nmethod 0x000001cd3b727810
Event: 12.510 Thread 0x000001cd5169e460 flushing nmethod 0x000001cd3b737c10
Event: 13.965 Thread 0x000001cd526477e0 Thread exited: 0x000001cd526477e0
Event: 13.965 Thread 0x000001cd52649640 Thread exited: 0x000001cd52649640
Event: 15.264 Thread 0x000001cd526477e0 Thread added: 0x000001cd526477e0
Event: 15.264 Thread 0x000001cd52649640 Thread added: 0x000001cd52649640
Event: 15.844 Thread 0x000001cd52649640 Thread exited: 0x000001cd52649640
Event: 16.340 Thread 0x000001cd59d45860 Thread added: 0x000001cd59d45860
Event: 16.464 loading class java/lang/Override
Event: 16.464 loading class java/lang/Override done


Dynamic libraries:
0x00007ff671200000 - 0x00007ff67120a000 	C:\Users\Second Droid\AppData\Local\Programs\Android Studio\jbr\bin\java.exe
0x00007fff9ccb0000 - 0x00007fff9cea7000 	C:\WINDOWS\SYSTEM32\ntdll.dll
0x00007fff9b1c0000 - 0x00007fff9b27d000 	C:\WINDOWS\System32\KERNEL32.DLL
0x00007fff9a670000 - 0x00007fff9a966000 	C:\WINDOWS\System32\KERNELBASE.dll
0x00007fff9a970000 - 0x00007fff9aa70000 	C:\WINDOWS\System32\ucrtbase.dll
0x00007fff91ef0000 - 0x00007fff91f0b000 	C:\Users\Second Droid\AppData\Local\Programs\Android Studio\jbr\bin\VCRUNTIME140.dll
0x00007fff94970000 - 0x00007fff94987000 	C:\Users\Second Droid\AppData\Local\Programs\Android Studio\jbr\bin\jli.dll
0x00007fff9be10000 - 0x00007fff9bfae000 	C:\WINDOWS\System32\USER32.dll
0x00007fff9a390000 - 0x00007fff9a3b2000 	C:\WINDOWS\System32\win32u.dll
0x00007fff7b920000 - 0x00007fff7bbba000 	C:\WINDOWS\WinSxS\amd64_microsoft.windows.common-controls_6595b64144ccf1df_6.0.19041.3570_none_60bb2a3971f3e41a\COMCTL32.dll
0x00007fff9b460000 - 0x00007fff9b48c000 	C:\WINDOWS\System32\GDI32.dll
0x00007fff9b040000 - 0x00007fff9b0de000 	C:\WINDOWS\System32\msvcrt.dll
0x00007fff9a3c0000 - 0x00007fff9a4da000 	C:\WINDOWS\System32\gdi32full.dll
0x00007fff9abc0000 - 0x00007fff9ac5d000 	C:\WINDOWS\System32\msvcp_win.dll
0x00007fff9b900000 - 0x00007fff9b930000 	C:\WINDOWS\System32\IMM32.DLL
0x00007fff91c90000 - 0x00007fff91c9c000 	C:\Users\Second Droid\AppData\Local\Programs\Android Studio\jbr\bin\vcruntime140_1.dll
0x00007fff73e30000 - 0x00007fff73ebd000 	C:\Users\Second Droid\AppData\Local\Programs\Android Studio\jbr\bin\msvcp140.dll
0x00007fff623a0000 - 0x00007fff6300e000 	C:\Users\Second Droid\AppData\Local\Programs\Android Studio\jbr\bin\server\jvm.dll
0x00007fff9cbc0000 - 0x00007fff9cc6e000 	C:\WINDOWS\System32\ADVAPI32.dll
0x00007fff9b3c0000 - 0x00007fff9b45c000 	C:\WINDOWS\System32\sechost.dll
0x00007fff9ad10000 - 0x00007fff9ae36000 	C:\WINDOWS\System32\RPCRT4.dll
0x00007fff8e6b0000 - 0x00007fff8e6d7000 	C:\WINDOWS\SYSTEM32\WINMM.dll
0x00007fff808e0000 - 0x00007fff808e9000 	C:\WINDOWS\SYSTEM32\WSOCK32.dll
0x00007fff94440000 - 0x00007fff9444a000 	C:\WINDOWS\SYSTEM32\VERSION.dll
0x00007fff9c170000 - 0x00007fff9c1db000 	C:\WINDOWS\System32\WS2_32.dll
0x00007fff98c10000 - 0x00007fff98c22000 	C:\WINDOWS\SYSTEM32\kernel.appcore.dll
0x00007fff96fa0000 - 0x00007fff96faa000 	C:\Users\Second Droid\AppData\Local\Programs\Android Studio\jbr\bin\jimage.dll
0x00007fff988c0000 - 0x00007fff98aa4000 	C:\WINDOWS\SYSTEM32\DBGHELP.DLL
0x00007fff873c0000 - 0x00007fff873f4000 	C:\WINDOWS\SYSTEM32\dbgcore.DLL
0x00007fff9ab30000 - 0x00007fff9abb2000 	C:\WINDOWS\System32\bcryptPrimitives.dll
0x00007fff94a30000 - 0x00007fff94a55000 	C:\Users\Second Droid\AppData\Local\Programs\Android Studio\jbr\bin\java.dll
0x00007fff96e10000 - 0x00007fff96e28000 	C:\Users\Second Droid\AppData\Local\Programs\Android Studio\jbr\bin\zip.dll
0x00007fff9c260000 - 0x00007fff9c9a4000 	C:\WINDOWS\System32\SHELL32.dll
0x00007fff98060000 - 0x00007fff987fb000 	C:\WINDOWS\SYSTEM32\windows.storage.dll
0x00007fff9b9e0000 - 0x00007fff9bd34000 	C:\WINDOWS\System32\combase.dll
0x00007fff99dd0000 - 0x00007fff99dfd000 	C:\WINDOWS\SYSTEM32\Wldp.dll
0x00007fff9b930000 - 0x00007fff9b9dd000 	C:\WINDOWS\System32\SHCORE.dll
0x00007fff9cb60000 - 0x00007fff9cbb5000 	C:\WINDOWS\System32\shlwapi.dll
0x00007fff9a2c0000 - 0x00007fff9a2e5000 	C:\WINDOWS\SYSTEM32\profapi.dll
0x00007fff94a10000 - 0x00007fff94a29000 	C:\Users\Second Droid\AppData\Local\Programs\Android Studio\jbr\bin\net.dll
0x00007fff91610000 - 0x00007fff9171a000 	C:\WINDOWS\SYSTEM32\WINHTTP.dll
0x00007fff99b30000 - 0x00007fff99b9a000 	C:\WINDOWS\system32\mswsock.dll
0x00007fff949f0000 - 0x00007fff94a06000 	C:\Users\Second Droid\AppData\Local\Programs\Android Studio\jbr\bin\nio.dll
0x00007fff96ed0000 - 0x00007fff96ee0000 	C:\Users\Second Droid\AppData\Local\Programs\Android Studio\jbr\bin\verify.dll
0x00007fff92950000 - 0x00007fff92977000 	C:\Users\Second Droid\.gradle\native\e1d6ef7f7dcc3fd88c89a11ec53ec762bb8ba0a96d01ffa2cd45eb1d1d8dd5c5\windows-amd64\native-platform.dll
0x00007fff63ed0000 - 0x00007fff64014000 	C:\Users\Second Droid\.gradle\native\0d407fdbe67a94daf76414ababcb853783967236a71b16ec16e742cd7a986fd3\windows-amd64\native-platform-file-events.dll
0x00007fff947e0000 - 0x00007fff947e9000 	C:\Users\Second Droid\AppData\Local\Programs\Android Studio\jbr\bin\management.dll
0x00007fff944e0000 - 0x00007fff944eb000 	C:\Users\Second Droid\AppData\Local\Programs\Android Studio\jbr\bin\management_ext.dll
0x00007fff9bfb0000 - 0x00007fff9bfb8000 	C:\WINDOWS\System32\PSAPI.DLL
0x00007fff99d20000 - 0x00007fff99d38000 	C:\WINDOWS\SYSTEM32\CRYPTSP.dll
0x00007fff993d0000 - 0x00007fff99404000 	C:\WINDOWS\system32\rsaenh.dll
0x00007fff9a640000 - 0x00007fff9a667000 	C:\WINDOWS\System32\bcrypt.dll
0x00007fff9a240000 - 0x00007fff9a26e000 	C:\WINDOWS\SYSTEM32\USERENV.dll
0x00007fff99d40000 - 0x00007fff99d4c000 	C:\WINDOWS\SYSTEM32\CRYPTBASE.dll
0x00007fff997d0000 - 0x00007fff9980b000 	C:\WINDOWS\SYSTEM32\IPHLPAPI.DLL
0x00007fff9ae40000 - 0x00007fff9ae48000 	C:\WINDOWS\System32\NSI.dll
0x00007fff91ab0000 - 0x00007fff91ac7000 	C:\WINDOWS\SYSTEM32\dhcpcsvc6.DLL
0x00007fff92fa0000 - 0x00007fff92fbd000 	C:\WINDOWS\SYSTEM32\dhcpcsvc.DLL
0x00007fff99810000 - 0x00007fff998da000 	C:\WINDOWS\SYSTEM32\DNSAPI.dll
0x00007fff944d0000 - 0x00007fff944d7000 	C:\WINDOWS\system32\wshunix.dll

dbghelp: loaded successfully - version: 4.0.5 - missing functions: none
symbol engine: initialized successfully - sym options: 0x614 - pdb path: .;C:\Users\Second Droid\AppData\Local\Programs\Android Studio\jbr\bin;C:\WINDOWS\SYSTEM32;C:\WINDOWS\WinSxS\amd64_microsoft.windows.common-controls_6595b64144ccf1df_6.0.19041.3570_none_60bb2a3971f3e41a;C:\Users\Second Droid\AppData\Local\Programs\Android Studio\jbr\bin\server;C:\Users\Second Droid\.gradle\native\e1d6ef7f7dcc3fd88c89a11ec53ec762bb8ba0a96d01ffa2cd45eb1d1d8dd5c5\windows-amd64;C:\Users\Second Droid\.gradle\native\0d407fdbe67a94daf76414ababcb853783967236a71b16ec16e742cd7a986fd3\windows-amd64

VM Arguments:
jvm_args: --add-opens=java.base/java.util=ALL-UNNAMED --add-opens=java.base/java.lang=ALL-UNNAMED --add-opens=java.base/java.lang.invoke=ALL-UNNAMED --add-opens=java.base/java.util=ALL-UNNAMED --add-opens=java.prefs/java.util.prefs=ALL-UNNAMED --add-opens=java.prefs/java.util.prefs=ALL-UNNAMED --add-opens=java.base/java.nio.charset=ALL-UNNAMED --add-opens=java.base/java.net=ALL-UNNAMED --add-opens=java.base/java.util.concurrent.atomic=ALL-UNNAMED -Xmx2048m -Dfile.encoding=UTF-8 -Duser.country=RU -Duser.language=ru -Duser.variant 
java_command: org.gradle.launcher.daemon.bootstrap.GradleDaemon 7.5
java_class_path (initial): C:\Users\Second Droid\.gradle\wrapper\dists\gradle-7.5-bin\f1w0cc9nuo0eivz97x2xlu9sv\gradle-7.5\lib\gradle-launcher-7.5.jar
Launcher Type: SUN_STANDARD

[Global flags]
     intx CICompilerCount                          = 4                                         {product} {ergonomic}
     uint ConcGCThreads                            = 2                                         {product} {ergonomic}
     uint G1ConcRefinementThreads                  = 8                                         {product} {ergonomic}
   size_t G1HeapRegionSize                         = 1048576                                   {product} {ergonomic}
    uintx GCDrainStackTargetSize                   = 64                                        {product} {ergonomic}
   size_t InitialHeapSize                          = 134217728                                 {product} {ergonomic}
   size_t MarkStackSize                            = 4194304                                   {product} {ergonomic}
   size_t MaxHeapSize                              = 2147483648                                {product} {command line}
   size_t MaxNewSize                               = 1287651328                                {product} {ergonomic}
   size_t MinHeapDeltaBytes                        = 1048576                                   {product} {ergonomic}
   size_t MinHeapSize                              = 8388608                                   {product} {ergonomic}
    uintx NonNMethodCodeHeapSize                   = 5839372                                {pd product} {ergonomic}
    uintx NonProfiledCodeHeapSize                  = 122909434                              {pd product} {ergonomic}
    uintx ProfiledCodeHeapSize                     = 122909434                              {pd product} {ergonomic}
    uintx ReservedCodeCacheSize                    = 251658240                              {pd product} {ergonomic}
     bool SegmentedCodeCache                       = true                                      {product} {ergonomic}
   size_t SoftMaxHeapSize                          = 2147483648                             {manageable} {ergonomic}
     bool UseCompressedClassPointers               = true                           {product lp64_product} {ergonomic}
     bool UseCompressedOops                        = true                           {product lp64_product} {ergonomic}
     bool UseG1GC                                  = true                                      {product} {ergonomic}
     bool UseLargePagesIndividualAllocation        = false                                  {pd product} {ergonomic}

Logging:
Log output configuration:
 #0: stdout all=warning uptime,level,tags
 #1: stderr all=off uptime,level,tags

Environment Variables:
JAVA_HOME=F:\JetBrainsTools\apps\AndroidStudio\ch-0\213.7172.25.2113.9014738\jre
CLASSPATH=F:\javalibs\
PATH=C:\WINDOWS\system32;C:\WINDOWS;C:\WINDOWS\System32\Wbem;C:\WINDOWS\System32\WindowsPowerShell\v1.0\;F:\JetBrainsTools\apps\AndroidStudio\ch-0\213.7172.25.2113.9014738\jre\bin;D:\Program Files\Git\cmd;C:\Users\tim20\AppData\Local\Programs\Python\Python38;:\flutter\bin\cache\dart-sdk\bin;C:\flutter\bin;C:\Users\Second Droid\AppData\Local\Microsoft\WindowsApps;C:\Users\Second Droid\AppData\Local\JetBrains\Toolbox\scripts;
USERNAME=Second Droid
OS=Windows_NT
PROCESSOR_IDENTIFIER=Intel64 Family 6 Model 142 Stepping 10, GenuineIntel
TMP=C:\Users\SECOND~1\AppData\Local\Temp
TEMP=C:\Users\SECOND~1\AppData\Local\Temp


JNI global refs:
JNI global refs: 30, weak refs: 16

JNI global refs memory usage: 843, weak refs: 841


---------------  S Y S T E M  ---------------

OS:
 Windows 10 , 64 bit Build 19041 (10.0.19041.3570)
OS uptime: 0 days 2:19 hours

CPU: total 8 (initial active 8) (4 cores per cpu, 2 threads per core) family 6 model 142 stepping 10 microcode 0xb4, cx8, cmov, fxsr, ht, mmx, 3dnowpref, sse, sse2, sse3, ssse3, sse4.1, sse4.2, popcnt, lzcnt, tsc, tscinvbit, avx, avx2, aes, erms, clmul, bmi1, bmi2, adx, fma, vzeroupper, clflush, clflushopt

Memory: 4k page, system-wide physical 8074M (581M free)
TotalPageFile size 8074M (AvailPageFile size 5M)
current process WorkingSet (physical memory assigned to process): 446M, peak: 449M
current process commit charge ("private bytes"): 489M, peak: 491M

vm_info: OpenJDK 64-Bit Server VM (17.0.6+0-b2043.56-10027231) for windows-amd64 JRE (17.0.6+0-b2043.56-10027231), built on Apr 28 2023 00:43:19 by "androidbuild" with MS VC++ 16.10 / 16.11 (VS2019)

END.
