#
# There is insufficient memory for the Java Runtime Environment to continue.
# Native memory allocation (mmap) failed to map 134217728 bytes for G1 virtual space
# Possible reasons:
#   The system is out of physical RAM or swap space
#   The process is running with CompressedOops enabled, and the Java Heap may be blocking the growth of the native heap
# Possible solutions:
#   Reduce memory load on the system
#   Increase physical memory or swap space
#   Check if swap backing store is full
#   Decrease Java heap size (-Xmx/-Xms)
#   Decrease number of Java threads
#   Decrease Java thread stack sizes (-Xss)
#   Set larger code cache with -XX:ReservedCodeCacheSize=
#   JVM is running with Unscaled Compressed Oops mode in which the Java heap is
#     placed in the first 4GB address space. The Java Heap base address is the
#     maximum limit for the native heap growth. Please use -XX:HeapBaseMinAddress
#     to set the Java Heap base and to place the Java Heap above 4GB virtual address.
# This output file may be truncated or incomplete.
#
#  Out of Memory Error (os_windows.cpp:3769), pid=816, tid=6384
#
# JRE version:  (17.0.6) (build )
# Java VM: OpenJDK 64-Bit Server VM (17.0.6+0-b2043.56-10027231, mixed mode, sharing, tiered, compressed oops, compressed class ptrs, g1 gc, windows-amd64)
# No core dump will be written. Minidumps are not enabled by default on client versions of Windows
#

---------------  S U M M A R Y ------------

Command Line: org.jetbrains.kotlin.cli.jvm.K2JVMCompiler @D:\AndroidStudioProjects\Recipes\app\build\20231027_342697796956362045.compiler.options

Host: Intel(R) Core(TM) i5-8250U CPU @ 1.60GHz, 8 cores, 7G,  Windows 10 , 64 bit Build 19041 (10.0.19041.3570)
Time: Fri Oct 27 12:42:18 2023 RTZ 6 (s 10 , 64 bit Build 19041 (10.0.19041.3570) elapsed time: 0.009480 seconds (0d 0h 0m 0s)

---------------  T H R E A D  ---------------

Current thread (0x00000232bc88b390):  JavaThread "Unknown thread" [_thread_in_vm, id=6384, stack(0x0000006820e00000,0x0000006820f00000)]

Stack: [0x0000006820e00000,0x0000006820f00000]
Native frames: (J=compiled Java code, j=interpreted, Vv=VM code, C=native code)
V  [jvm.dll+0x683c9a]
V  [jvm.dll+0x8427a4]
V  [jvm.dll+0x843f9e]
V  [jvm.dll+0x844603]
V  [jvm.dll+0x249b75]
V  [jvm.dll+0x680b69]
V  [jvm.dll+0x67505a]
V  [jvm.dll+0x309acb]
V  [jvm.dll+0x310f86]
V  [jvm.dll+0x3608ee]
V  [jvm.dll+0x360b1f]
V  [jvm.dll+0x2dfbf8]
V  [jvm.dll+0x2e0b64]
V  [jvm.dll+0x814091]
V  [jvm.dll+0x36e6a1]
V  [jvm.dll+0x7f35cc]
V  [jvm.dll+0x3f0e8f]
V  [jvm.dll+0x3f29d1]
C  [jli.dll+0x526b]
C  [ucrtbase.dll+0x21bb2]
C  [KERNEL32.DLL+0x17344]
C  [ntdll.dll+0x526b1]


---------------  P R O C E S S  ---------------

Threads class SMR info:
_java_thread_list=0x00007fff62edc058, length=0, elements={
}

Java Threads: ( => current thread )

Other Threads:
  0x00000232bc8e7860 GCTaskThread "GC Thread#0" [stack: 0x0000006820f00000,0x0000006821000000] [id=8308]
  0x00000232bc8f8420 ConcurrentGCThread "G1 Main Marker" [stack: 0x0000006821000000,0x0000006821100000] [id=3948]
  0x00000232bc8f95d0 ConcurrentGCThread "G1 Conc#0" [stack: 0x0000006821100000,0x0000006821200000] [id=1620]

[error occurred during error reporting (printing all threads), id 0xc0000005, EXCEPTION_ACCESS_VIOLATION (0xc0000005) at pc=0x00007fff62690797]

VM state: not at safepoint (not fully initialized)

VM Mutex/Monitor currently owned by a thread:  ([mutex/lock_event])
[0x00000232bc886bb0] Heap_lock - owner thread: 0x00000232bc88b390

Heap address: 0x0000000081c00000, size: 2020 MB, Compressed Oops mode: 32-bit

CDS archive(s) mapped at: [0x0000000000000000-0x0000000000000000-0x0000000000000000), size 0, SharedBaseAddress: 0x0000000800000000, ArchiveRelocationMode: 0.
Narrow klass base: 0x0000000000000000, Narrow klass shift: 0, Narrow klass range: 0x0

GC Precious Log:
<Empty>

Heap:
 garbage-first heap   total 0K, used 0K [0x0000000081c00000, 0x0000000100000000)
  region size 1024K, 0 young (0K), 0 survivors (0K)

[error occurred during error reporting (printing heap information), id 0xc0000005, EXCEPTION_ACCESS_VIOLATION (0xc0000005) at pc=0x00007fff62a7da89]

GC Heap History (0 events):
No events

Dll operation events (1 events):
Event: 0.005 Loaded shared library C:\Users\Second Droid\AppData\Local\Programs\Android Studio\jbr\bin\java.dll

Deoptimization events (0 events):
No events

Classes unloaded (0 events):
No events

Classes redefined (0 events):
No events

Internal exceptions (0 events):
No events

VM Operations (0 events):
No events

Events (0 events):
No events


Dynamic libraries:
0x00007ff671200000 - 0x00007ff67120a000 	C:\Users\Second Droid\AppData\Local\Programs\Android Studio\jbr\bin\java.exe
0x00007fff9ccb0000 - 0x00007fff9cea7000 	C:\WINDOWS\SYSTEM32\ntdll.dll
0x00007fff9b1c0000 - 0x00007fff9b27d000 	C:\WINDOWS\System32\KERNEL32.DLL
0x00007fff9a670000 - 0x00007fff9a966000 	C:\WINDOWS\System32\KERNELBASE.dll
0x00007fff9a970000 - 0x00007fff9aa70000 	C:\WINDOWS\System32\ucrtbase.dll
0x00007fff91ef0000 - 0x00007fff91f07000 	C:\Users\Second Droid\AppData\Local\Programs\Android Studio\jbr\bin\jli.dll
0x00007fff7cab0000 - 0x00007fff7cacb000 	C:\Users\Second Droid\AppData\Local\Programs\Android Studio\jbr\bin\VCRUNTIME140.dll
0x00007fff9be10000 - 0x00007fff9bfae000 	C:\WINDOWS\System32\USER32.dll
0x00007fff9a390000 - 0x00007fff9a3b2000 	C:\WINDOWS\System32\win32u.dll
0x00007fff9b460000 - 0x00007fff9b48c000 	C:\WINDOWS\System32\GDI32.dll
0x00007fff7b920000 - 0x00007fff7bbba000 	C:\WINDOWS\WinSxS\amd64_microsoft.windows.common-controls_6595b64144ccf1df_6.0.19041.3570_none_60bb2a3971f3e41a\COMCTL32.dll
0x00007fff9a3c0000 - 0x00007fff9a4da000 	C:\WINDOWS\System32\gdi32full.dll
0x00007fff9b040000 - 0x00007fff9b0de000 	C:\WINDOWS\System32\msvcrt.dll
0x00007fff9abc0000 - 0x00007fff9ac5d000 	C:\WINDOWS\System32\msvcp_win.dll
0x00007fff9b900000 - 0x00007fff9b930000 	C:\WINDOWS\System32\IMM32.DLL
0x00007fff96e10000 - 0x00007fff96e1c000 	C:\Users\Second Droid\AppData\Local\Programs\Android Studio\jbr\bin\vcruntime140_1.dll
0x00007fff77630000 - 0x00007fff776bd000 	C:\Users\Second Droid\AppData\Local\Programs\Android Studio\jbr\bin\msvcp140.dll
0x00007fff623a0000 - 0x00007fff6300e000 	C:\Users\Second Droid\AppData\Local\Programs\Android Studio\jbr\bin\server\jvm.dll
0x00007fff9cbc0000 - 0x00007fff9cc6e000 	C:\WINDOWS\System32\ADVAPI32.dll
0x00007fff9b3c0000 - 0x00007fff9b45c000 	C:\WINDOWS\System32\sechost.dll
0x00007fff9ad10000 - 0x00007fff9ae36000 	C:\WINDOWS\System32\RPCRT4.dll
0x00007fff808e0000 - 0x00007fff808e9000 	C:\WINDOWS\SYSTEM32\WSOCK32.dll
0x00007fff8e6b0000 - 0x00007fff8e6d7000 	C:\WINDOWS\SYSTEM32\WINMM.dll
0x00007fff94440000 - 0x00007fff9444a000 	C:\WINDOWS\SYSTEM32\VERSION.dll
0x00007fff9c170000 - 0x00007fff9c1db000 	C:\WINDOWS\System32\WS2_32.dll
0x00007fff98c10000 - 0x00007fff98c22000 	C:\WINDOWS\SYSTEM32\kernel.appcore.dll
0x00007fff96fa0000 - 0x00007fff96faa000 	C:\Users\Second Droid\AppData\Local\Programs\Android Studio\jbr\bin\jimage.dll
0x00007fff988c0000 - 0x00007fff98aa4000 	C:\WINDOWS\SYSTEM32\DBGHELP.DLL
0x00007fff873c0000 - 0x00007fff873f4000 	C:\WINDOWS\SYSTEM32\dbgcore.DLL
0x00007fff9ab30000 - 0x00007fff9abb2000 	C:\WINDOWS\System32\bcryptPrimitives.dll
0x00007fff96e70000 - 0x00007fff96e95000 	C:\Users\Second Droid\AppData\Local\Programs\Android Studio\jbr\bin\java.dll

dbghelp: loaded successfully - version: 4.0.5 - missing functions: none
symbol engine: initialized successfully - sym options: 0x614 - pdb path: .;C:\Users\Second Droid\AppData\Local\Programs\Android Studio\jbr\bin;C:\WINDOWS\SYSTEM32;C:\WINDOWS\WinSxS\amd64_microsoft.windows.common-controls_6595b64144ccf1df_6.0.19041.3570_none_60bb2a3971f3e41a;C:\Users\Second Droid\AppData\Local\Programs\Android Studio\jbr\bin\server

VM Arguments:
java_command: org.jetbrains.kotlin.cli.jvm.K2JVMCompiler @D:\AndroidStudioProjects\Recipes\app\build\20231027_342697796956362045.compiler.options
java_class_path (initial): C:\Users\Second Droid\.gradle\caches\modules-2\files-2.1\org.jetbrains.kotlin\kotlin-compiler-embeddable\1.7.10\909803167c98606fcf22b4c848647c68e351d48d\kotlin-compiler-embeddable-1.7.10.jar;C:\Users\Second Droid\.gradle\caches\modules-2\files-2.1\org.jetbrains.kotlin\kotlin-reflect\1.7.10\165e600dfea6185cf5efa700756294cc4904dbeb\kotlin-reflect-1.7.10.jar;C:\Users\Second Droid\.gradle\caches\modules-2\files-2.1\org.jetbrains.kotlin\kotlin-stdlib\1.7.10\d2abf9e77736acc4450dc4a3f707fa2c10f5099d\kotlin-stdlib-1.7.10.jar;C:\Users\Second Droid\.gradle\caches\modules-2\files-2.1\org.jetbrains.kotlin\kotlin-script-runtime\1.7.10\c99c87a6988d8fd8d5142e9ed5c9f34a7cf561ee\kotlin-script-runtime-1.7.10.jar;C:\Users\Second Droid\.gradle\caches\modules-2\files-2.1\org.jetbrains.kotlin\kotlin-daemon-embeddable\1.7.10\3a9f7aef7080d3ae63126cbba4f827ed664f32fa\kotlin-daemon-embeddable-1.7.10.jar;C:\Users\Second Droid\.gradle\caches\modules-2\files-2.1\org.jetbrains.intellij.deps\trove4j\1.0.20200330\3afb14d5f9ceb459d724e907a21145e8ff394f02\trove4j-1.0.20200330.jar;C:\Users\Second Droid\.gradle\caches\modules-2\files-2.1\net.java.dev.jna\jna\5.6.0\330f2244e9030119ab3030fc3fededc86713d9cc\jna-5.6.0.jar;C:\Users\Second Droid\.gradle\caches\modules-2\files-2.1\org.jetbrains.kotlin\kotlin-stdlib-common\1.7.10\bac80c520d0a9e3f3673bc2658c6ed02ef45a76a\kotlin-stdlib-common-1.7.10.jar;C:\Users\Second Droid\.gradle\caches\modules-2\files-2.1\org.jetbrains\annotations\13.0\919f0dfe192fb4e063e7dacadee7f8bb9a2672a9\annotations-13.0.jar
Launcher Type: SUN_STANDARD

[Global flags]
     intx CICompilerCount                          = 4                                         {product} {ergonomic}
     uint ConcGCThreads                            = 2                                         {product} {ergonomic}
     uint G1ConcRefinementThreads                  = 8                                         {product} {ergonomic}
   size_t G1HeapRegionSize                         = 1048576                                   {product} {ergonomic}
    uintx GCDrainStackTargetSize                   = 64                                        {product} {ergonomic}
   size_t InitialHeapSize                          = 134217728                                 {product} {ergonomic}
   size_t MarkStackSize                            = 4194304                                   {product} {ergonomic}
   size_t MaxHeapSize                              = 2118123520                                {product} {ergonomic}
   size_t MinHeapDeltaBytes                        = 1048576                                   {product} {ergonomic}
   size_t MinHeapSize                              = 8388608                                   {product} {ergonomic}
    uintx NonNMethodCodeHeapSize                   = 5839372                                {pd product} {ergonomic}
    uintx NonProfiledCodeHeapSize                  = 122909434                              {pd product} {ergonomic}
    uintx ProfiledCodeHeapSize                     = 122909434                              {pd product} {ergonomic}
    uintx ReservedCodeCacheSize                    = 251658240                              {pd product} {ergonomic}
     bool SegmentedCodeCache                       = true                                      {product} {ergonomic}
   size_t SoftMaxHeapSize                          = 2118123520                             {manageable} {ergonomic}
     bool UseCompressedClassPointers               = true                           {product lp64_product} {ergonomic}
     bool UseCompressedOops                        = true                           {product lp64_product} {ergonomic}
     bool UseG1GC                                  = true                                      {product} {ergonomic}
     bool UseLargePagesIndividualAllocation        = false                                  {pd product} {ergonomic}

Logging:
Log output configuration:
 #0: stdout all=warning uptime,level,tags
 #1: stderr all=off uptime,level,tags

Environment Variables:
JAVA_HOME=F:\JetBrainsTools\apps\AndroidStudio\ch-0\213.7172.25.2113.9014738\jre
CLASSPATH=F:\javalibs\
PATH=C:\WINDOWS\system32;C:\WINDOWS;C:\WINDOWS\System32\Wbem;C:\WINDOWS\System32\WindowsPowerShell\v1.0\;F:\JetBrainsTools\apps\AndroidStudio\ch-0\213.7172.25.2113.9014738\jre\bin;D:\Program Files\Git\cmd;C:\Users\tim20\AppData\Local\Programs\Python\Python38;Ñ:\flutter\bin\cache\dart-sdk\bin;C:\flutter\bin;C:\Users\Second Droid\AppData\Local\Microsoft\WindowsApps;C:\Users\Second Droid\AppData\Local\JetBrains\Toolbox\scripts;
USERNAME=Second Droid
OS=Windows_NT
PROCESSOR_IDENTIFIER=Intel64 Family 6 Model 142 Stepping 10, GenuineIntel
TMP=C:\Users\SECOND~1\AppData\Local\Temp
TEMP=C:\Users\SECOND~1\AppData\Local\Temp


JNI global refs:

[error occurred during error reporting (JNI global references), id 0xc0000005, EXCEPTION_ACCESS_VIOLATION (0xc0000005) at pc=0x00007fff62457a10]


---------------  S Y S T E M  ---------------

OS:
 Windows 10 , 64 bit Build 19041 (10.0.19041.3570)
OS uptime: 0 days 0:55 hours

CPU: total 8 (initial active 8) (4 cores per cpu, 2 threads per core) family 6 model 142 stepping 10 microcode 0xb4, cx8, cmov, fxsr, ht, mmx, 3dnowpref, sse, sse2, sse3, ssse3, sse4.1, sse4.2, popcnt, lzcnt, tsc, tscinvbit, avx, avx2, aes, erms, clmul, bmi1, bmi2, adx, fma, vzeroupper, clflush, clflushopt

Memory: 4k page, system-wide physical 8074M (839M free)
TotalPageFile size 8074M (AvailPageFile size 59M)
current process WorkingSet (physical memory assigned to process): 10M, peak: 10M
current process commit charge ("private bytes"): 60M, peak: 188M

vm_info: OpenJDK 64-Bit Server VM (17.0.6+0-b2043.56-10027231) for windows-amd64 JRE (17.0.6+0-b2043.56-10027231), built on Apr 28 2023 00:43:19 by "androidbuild" with MS VC++ 16.10 / 16.11 (VS2019)

END.
