#
# There is insufficient memory for the Java Runtime Environment to continue.
# Native memory allocation (malloc) failed to allocate 32744 bytes for ChunkPool::allocate
# Possible reasons:
#   The system is out of physical RAM or swap space
#   The process is running with CompressedOops enabled, and the Java Heap may be blocking the growth of the native heap
# Possible solutions:
#   Reduce memory load on the system
#   Increase physical memory or swap space
#   Check if swap backing store is full
#   Decrease Java heap size (-Xmx/-Xms)
#   Decrease number of Java threads
#   Decrease Java thread stack sizes (-Xss)
#   Set larger code cache with -XX:ReservedCodeCacheSize=
#   JVM is running with Unscaled Compressed Oops mode in which the Java heap is
#     placed in the first 4GB address space. The Java Heap base address is the
#     maximum limit for the native heap growth. Please use -XX:HeapBaseMinAddress
#     to set the Java Heap base and to place the Java Heap above 4GB virtual address.
# This output file may be truncated or incomplete.
#
#  Out of Memory Error (arena.cpp:78), pid=8792, tid=2576
#
# JRE version: OpenJDK Runtime Environment (17.0.6) (build 17.0.6+0-b2043.56-10027231)
# Java VM: OpenJDK 64-Bit Server VM (17.0.6+0-b2043.56-10027231, mixed mode, tiered, compressed oops, compressed class ptrs, g1 gc, windows-amd64)
# No core dump will be written. Minidumps are not enabled by default on client versions of Windows
#

---------------  S U M M A R Y ------------

Command Line: --add-opens=java.base/java.util=ALL-UNNAMED --add-opens=java.base/java.lang=ALL-UNNAMED --add-opens=java.base/java.lang.invoke=ALL-UNNAMED --add-opens=java.prefs/java.util.prefs=ALL-UNNAMED --add-opens=java.base/java.nio.charset=ALL-UNNAMED --add-opens=java.base/java.net=ALL-UNNAMED --add-opens=java.base/java.util.concurrent.atomic=ALL-UNNAMED -Xmx2048m -Dfile.encoding=UTF-8 -Duser.country=RU -Duser.language=ru -Duser.variant org.gradle.launcher.daemon.bootstrap.GradleDaemon 8.0

Host: Intel(R) Core(TM) i5-8250U CPU @ 1.60GHz, 8 cores, 7G,  Windows 10 , 64 bit Build 19041 (10.0.19041.3570)
Time: Fri Oct 27 14:37:38 2023 RTZ 6 (s 10 , 64 bit Build 19041 (10.0.19041.3570) elapsed time: 7.941224 seconds (0d 0h 0m 7s)

---------------  T H R E A D  ---------------

Current thread (0x000001e0e36c7e10):  JavaThread "C1 CompilerThread0" daemon [_thread_in_native, id=2576, stack(0x000000c0c9300000,0x000000c0c9400000)]


Current CompileTask:
C1:   7941 4777       3       java.util.HashMap$TreeNode::find (172 bytes)

Stack: [0x000000c0c9300000,0x000000c0c9400000]
Native frames: (J=compiled Java code, j=interpreted, Vv=VM code, C=native code)
V  [jvm.dll+0x683c9a]
V  [jvm.dll+0x8427a4]
V  [jvm.dll+0x843f9e]
V  [jvm.dll+0x844603]
V  [jvm.dll+0x249b75]
V  [jvm.dll+0xabecc]
V  [jvm.dll+0xac27c]
V  [jvm.dll+0x11dcb5]
V  [jvm.dll+0x17b22e]
V  [jvm.dll+0x17b7f3]
V  [jvm.dll+0x135f83]
V  [jvm.dll+0x13587f]
V  [jvm.dll+0x135ab6]
V  [jvm.dll+0x134f4a]
V  [jvm.dll+0x136c11]
V  [jvm.dll+0x22b098]
V  [jvm.dll+0x229159]
V  [jvm.dll+0x7f81ec]
V  [jvm.dll+0x7f274a]
V  [jvm.dll+0x682ad5]
C  [ucrtbase.dll+0x21bb2]
C  [KERNEL32.DLL+0x17344]
C  [ntdll.dll+0x526b1]


---------------  P R O C E S S  ---------------

Threads class SMR info:
_java_thread_list=0x000001e0e9f53d30, length=43, elements={
0x000001e0c98599d0, 0x000001e0e36dc260, 0x000001e0e36dcfe0, 0x000001e0e4015b40,
0x000001e0e4018510, 0x000001e0e4018dd0, 0x000001e0e36c3420, 0x000001e0e36c7510,
0x000001e0e36c7e10, 0x000001e0e36c8710, 0x000001e0e41b8cc0, 0x000001e0e41c3970,
0x000001e0e5665570, 0x000001e0e6b8b100, 0x000001e0e56f7520, 0x000001e0e69c62f0,
0x000001e0e67e7760, 0x000001e0e589b1f0, 0x000001e0e5899510, 0x000001e0e589a850,
0x000001e0e589a380, 0x000001e0e5897d00, 0x000001e0e589ad20, 0x000001e0e58981d0,
0x000001e0e589b6c0, 0x000001e0e58986a0, 0x000001e0e5898b70, 0x000001e0e5899040,
0x000001e0e58999e0, 0x000001e0e5899eb0, 0x000001e0e8535a00, 0x000001e0e8533d20,
0x000001e0e8533850, 0x000001e0e85341f0, 0x000001e0e853b0a0, 0x000001e0e85346c0,
0x000001e0e8536870, 0x000001e0e8534b90, 0x000001e0e8536d40, 0x000001e0e8535060,
0x000001e0e8539d60, 0x000001e0e8a5b680, 0x000001e0e9a03050
}

Java Threads: ( => current thread )
  0x000001e0c98599d0 JavaThread "main" [_thread_blocked, id=3836, stack(0x000000c0c8500000,0x000000c0c8600000)]
  0x000001e0e36dc260 JavaThread "Reference Handler" daemon [_thread_blocked, id=5016, stack(0x000000c0c8c00000,0x000000c0c8d00000)]
  0x000001e0e36dcfe0 JavaThread "Finalizer" daemon [_thread_blocked, id=1444, stack(0x000000c0c8d00000,0x000000c0c8e00000)]
  0x000001e0e4015b40 JavaThread "Signal Dispatcher" daemon [_thread_blocked, id=1196, stack(0x000000c0c8e00000,0x000000c0c8f00000)]
  0x000001e0e4018510 JavaThread "Attach Listener" daemon [_thread_blocked, id=9348, stack(0x000000c0c8f00000,0x000000c0c9000000)]
  0x000001e0e4018dd0 JavaThread "Service Thread" daemon [_thread_blocked, id=8228, stack(0x000000c0c9000000,0x000000c0c9100000)]
  0x000001e0e36c3420 JavaThread "Monitor Deflation Thread" daemon [_thread_blocked, id=7480, stack(0x000000c0c9100000,0x000000c0c9200000)]
  0x000001e0e36c7510 JavaThread "C2 CompilerThread0" daemon [_thread_in_native, id=9212, stack(0x000000c0c9200000,0x000000c0c9300000)]
=>0x000001e0e36c7e10 JavaThread "C1 CompilerThread0" daemon [_thread_in_native, id=2576, stack(0x000000c0c9300000,0x000000c0c9400000)]
  0x000001e0e36c8710 JavaThread "Sweeper thread" daemon [_thread_blocked, id=11116, stack(0x000000c0c9400000,0x000000c0c9500000)]
  0x000001e0e41b8cc0 JavaThread "Common-Cleaner" daemon [_thread_blocked, id=10580, stack(0x000000c0c9500000,0x000000c0c9600000)]
  0x000001e0e41c3970 JavaThread "Notification Thread" daemon [_thread_blocked, id=7388, stack(0x000000c0c9600000,0x000000c0c9700000)]
  0x000001e0e5665570 JavaThread "Daemon health stats" [_thread_blocked, id=2436, stack(0x000000c0c9d00000,0x000000c0c9e00000)]
  0x000001e0e6b8b100 JavaThread "Incoming local TCP Connector on port 63730" [_thread_in_native, id=544, stack(0x000000c0c9800000,0x000000c0c9900000)]
  0x000001e0e56f7520 JavaThread "Daemon periodic checks" [_thread_blocked, id=1620, stack(0x000000c0c9e00000,0x000000c0c9f00000)]
  0x000001e0e69c62f0 JavaThread "Daemon" [_thread_blocked, id=6712, stack(0x000000c0c9f00000,0x000000c0ca000000)]
  0x000001e0e67e7760 JavaThread "Handler for socket connection from /127.0.0.1:63730 to /127.0.0.1:63731" [_thread_in_native, id=8544, stack(0x000000c0ca000000,0x000000c0ca100000)]
  0x000001e0e589b1f0 JavaThread "Cancel handler" [_thread_blocked, id=9800, stack(0x000000c0ca100000,0x000000c0ca200000)]
  0x000001e0e5899510 JavaThread "Daemon worker" [_thread_in_Java, id=6548, stack(0x000000c0ca200000,0x000000c0ca300000)]
  0x000001e0e589a850 JavaThread "Asynchronous log dispatcher for DefaultDaemonConnection: socket connection from /127.0.0.1:63730 to /127.0.0.1:63731" [_thread_blocked, id=8412, stack(0x000000c0ca300000,0x000000c0ca400000)]
  0x000001e0e589a380 JavaThread "Stdin handler" [_thread_blocked, id=10136, stack(0x000000c0ca400000,0x000000c0ca500000)]
  0x000001e0e5897d00 JavaThread "Daemon client event forwarder" [_thread_blocked, id=3792, stack(0x000000c0ca500000,0x000000c0ca600000)]
  0x000001e0e589ad20 JavaThread "Cache worker for journal cache (C:\Users\Second Droid\.gradle\caches\journal-1)" [_thread_blocked, id=8012, stack(0x000000c0caa00000,0x000000c0cab00000)]
  0x000001e0e58981d0 JavaThread "File lock request listener" [_thread_in_native, id=9780, stack(0x000000c0cab00000,0x000000c0cac00000)]
  0x000001e0e589b6c0 JavaThread "Cache worker for file hash cache (C:\Users\Second Droid\.gradle\caches\8.0\fileHashes)" [_thread_blocked, id=5204, stack(0x000000c0cac00000,0x000000c0cad00000)]
  0x000001e0e58986a0 JavaThread "File watcher server" daemon [_thread_in_native, id=9604, stack(0x000000c0caf00000,0x000000c0cb000000)]
  0x000001e0e5898b70 JavaThread "File watcher consumer" daemon [_thread_blocked, id=10856, stack(0x000000c0cb000000,0x000000c0cb100000)]
  0x000001e0e5899040 JavaThread "jar transforms" [_thread_blocked, id=5752, stack(0x000000c0cb100000,0x000000c0cb200000)]
  0x000001e0e58999e0 JavaThread "jar transforms Thread 2" [_thread_blocked, id=10492, stack(0x000000c0cb200000,0x000000c0cb300000)]
  0x000001e0e5899eb0 JavaThread "jar transforms Thread 3" [_thread_blocked, id=7088, stack(0x000000c0cb300000,0x000000c0cb400000)]
  0x000001e0e8535a00 JavaThread "jar transforms Thread 4" [_thread_blocked, id=4320, stack(0x000000c0cb400000,0x000000c0cb500000)]
  0x000001e0e8533d20 JavaThread "jar transforms Thread 5" [_thread_blocked, id=4340, stack(0x000000c0cb500000,0x000000c0cb600000)]
  0x000001e0e8533850 JavaThread "jar transforms Thread 6" [_thread_blocked, id=1988, stack(0x000000c0cb600000,0x000000c0cb700000)]
  0x000001e0e85341f0 JavaThread "jar transforms Thread 7" [_thread_blocked, id=8096, stack(0x000000c0cb700000,0x000000c0cb800000)]
  0x000001e0e853b0a0 JavaThread "jar transforms Thread 8" [_thread_blocked, id=10244, stack(0x000000c0cb800000,0x000000c0cb900000)]
  0x000001e0e85346c0 JavaThread "Cache worker for checksums cache (D:\AndroidStudioProjects\Recipes\.gradle\8.0\checksums)" [_thread_blocked, id=1128, stack(0x000000c0cbb00000,0x000000c0cbc00000)]
  0x000001e0e8536870 JavaThread "Cache worker for cache directory md-rule (C:\Users\Second Droid\.gradle\caches\8.0\md-rule)" [_thread_blocked, id=9612, stack(0x000000c0cbc00000,0x000000c0cbd00000)]
  0x000001e0e8534b90 JavaThread "Cache worker for file content cache (C:\Users\Second Droid\.gradle\caches\8.0\fileContent)" [_thread_blocked, id=540, stack(0x000000c0cbd00000,0x000000c0cbe00000)]
  0x000001e0e8536d40 JavaThread "Cache worker for file hash cache (D:\AndroidStudioProjects\Recipes\.gradle\8.0\fileHashes)" [_thread_blocked, id=4928, stack(0x000000c0cbe00000,0x000000c0cbf00000)]
  0x000001e0e8535060 JavaThread "Cache worker for cache directory md-supplier (C:\Users\Second Droid\.gradle\caches\8.0\md-supplier)" [_thread_blocked, id=4140, stack(0x000000c0cbf00000,0x000000c0cc000000)]
  0x000001e0e8539d60 JavaThread "Cache worker for execution history cache (C:\Users\Second Droid\.gradle\caches\8.0\executionHistory)" [_thread_blocked, id=5476, stack(0x000000c0cc000000,0x000000c0cc100000)]
  0x000001e0e8a5b680 JavaThread "C2 CompilerThread1" daemon [_thread_in_native, id=10224, stack(0x000000c0cad00000,0x000000c0cae00000)]
  0x000001e0e9a03050 JavaThread "C2 CompilerThread2" daemon [_thread_in_native, id=432, stack(0x000000c0cae00000,0x000000c0caf00000)]

Other Threads:
  0x000001e0e36a12a0 VMThread "VM Thread" [stack: 0x000000c0c8b00000,0x000000c0c8c00000] [id=1496]
  0x000001e0e4121760 WatcherThread [stack: 0x000000c0c9700000,0x000000c0c9800000] [id=6696]
  0x000001e0c98b8c90 GCTaskThread "GC Thread#0" [stack: 0x000000c0c8600000,0x000000c0c8700000] [id=3012]
  0x000001e0e514a3e0 GCTaskThread "GC Thread#1" [stack: 0x000000c0c9a00000,0x000000c0c9b00000] [id=2828]
  0x000001e0e4fc34e0 GCTaskThread "GC Thread#2" [stack: 0x000000c0c9b00000,0x000000c0c9c00000] [id=7104]
  0x000001e0e4bbca60 GCTaskThread "GC Thread#3" [stack: 0x000000c0c9c00000,0x000000c0c9d00000] [id=6884]
  0x000001e0e5203650 GCTaskThread "GC Thread#4" [stack: 0x000000c0c9900000,0x000000c0c9a00000] [id=7876]
  0x000001e0e6de0770 GCTaskThread "GC Thread#5" [stack: 0x000000c0ca600000,0x000000c0ca700000] [id=1636]
  0x000001e0e6de0f80 GCTaskThread "GC Thread#6" [stack: 0x000000c0ca700000,0x000000c0ca800000] [id=8556]
  0x000001e0e6de0210 GCTaskThread "GC Thread#7" [stack: 0x000000c0ca800000,0x000000c0ca900000] [id=11064]
  0x000001e0c98c9ae0 ConcurrentGCThread "G1 Main Marker" [stack: 0x000000c0c8700000,0x000000c0c8800000] [id=5376]
  0x000001e0c98caba0 ConcurrentGCThread "G1 Conc#0" [stack: 0x000000c0c8800000,0x000000c0c8900000] [id=4816]
  0x000001e0e6de1230 ConcurrentGCThread "G1 Conc#1" [stack: 0x000000c0ca900000,0x000000c0caa00000] [id=10620]
  0x000001e0c992d1f0 ConcurrentGCThread "G1 Refine#0" [stack: 0x000000c0c8900000,0x000000c0c8a00000] [id=6800]
  0x000001e0e6fd0430 ConcurrentGCThread "G1 Refine#1" [stack: 0x000000c0cb900000,0x000000c0cba00000] [id=3240]
  0x000001e0e8548460 ConcurrentGCThread "G1 Refine#2" [stack: 0x000000c0cba00000,0x000000c0cbb00000] [id=428]
  0x000001e0c992eb30 ConcurrentGCThread "G1 Service" [stack: 0x000000c0c8a00000,0x000000c0c8b00000] [id=3632]

Threads with active compile tasks:
C2 CompilerThread0     7970 4589       4       java.net.URLClassLoader$1::run (5 bytes)
C1 CompilerThread0     7970 4777       3       java.util.HashMap$TreeNode::find (172 bytes)
C2 CompilerThread1     7970 4723       4       groovyjarjarantlr4.v4.runtime.atn.ParserATNSimulator::closure (784 bytes)
C2 CompilerThread2     7970 4588   !   4       java.net.URLClassLoader::findClass (47 bytes)

VM state: not at safepoint (normal execution)

VM Mutex/Monitor currently owned by a thread: None

Heap address: 0x0000000080000000, size: 2048 MB, Compressed Oops mode: 32-bit

CDS archive(s) not mapped
Compressed class space mapped at: 0x0000000100000000-0x0000000140000000, reserved size: 1073741824
Narrow klass base: 0x0000000000000000, Narrow klass shift: 3, Narrow klass range: 0x140000000

GC Precious Log:
 CPUs: 8 total, 8 available
 Memory: 8074M
 Large Page Support: Disabled
 NUMA Support: Disabled
 Compressed Oops: Enabled (32-bit)
 Heap Region Size: 1M
 Heap Min Capacity: 8M
 Heap Initial Capacity: 128M
 Heap Max Capacity: 2G
 Pre-touch: Disabled
 Parallel Workers: 8
 Concurrent Workers: 2
 Concurrent Refinement Workers: 8
 Periodic GC: Disabled

Heap:
 garbage-first heap   total 119808K, used 82100K [0x0000000080000000, 0x0000000100000000)
  region size 1024K, 17 young (17408K), 2 survivors (2048K)
 Metaspace       used 51938K, committed 52288K, reserved 1097728K
  class space    used 6896K, committed 7040K, reserved 1048576K

Heap Regions: E=young(eden), S=young(survivor), O=old, HS=humongous(starts), HC=humongous(continues), CS=collection set, F=free, OA=open archive, CA=closed archive, TAMS=top-at-mark-start (previous, next)
|   0|0x0000000080000000, 0x0000000080100000, 0x0000000080100000|100%|HS|  |TAMS 0x0000000080100000, 0x0000000080000000| Complete 
|   1|0x0000000080100000, 0x0000000080200000, 0x0000000080200000|100%|HC|  |TAMS 0x0000000080200000, 0x0000000080100000| Complete 
|   2|0x0000000080200000, 0x0000000080300000, 0x0000000080300000|100%|HC|  |TAMS 0x0000000080300000, 0x0000000080200000| Complete 
|   3|0x0000000080300000, 0x0000000080400000, 0x0000000080400000|100%|HC|  |TAMS 0x0000000080400000, 0x0000000080300000| Complete 
|   4|0x0000000080400000, 0x0000000080500000, 0x0000000080500000|100%| O|  |TAMS 0x0000000080500000, 0x0000000080400000| Untracked 
|   5|0x0000000080500000, 0x0000000080600000, 0x0000000080600000|100%| O|  |TAMS 0x0000000080600000, 0x0000000080500000| Untracked 
|   6|0x0000000080600000, 0x0000000080700000, 0x0000000080700000|100%| O|  |TAMS 0x0000000080700000, 0x0000000080600000| Untracked 
|   7|0x0000000080700000, 0x0000000080800000, 0x0000000080800000|100%| O|  |TAMS 0x0000000080800000, 0x0000000080700000| Untracked 
|   8|0x0000000080800000, 0x0000000080900000, 0x0000000080900000|100%| O|  |TAMS 0x0000000080900000, 0x0000000080800000| Untracked 
|   9|0x0000000080900000, 0x0000000080a00000, 0x0000000080a00000|100%| O|  |TAMS 0x0000000080a00000, 0x0000000080900000| Untracked 
|  10|0x0000000080a00000, 0x0000000080b00000, 0x0000000080b00000|100%| O|  |TAMS 0x0000000080b00000, 0x0000000080a00000| Untracked 
|  11|0x0000000080b00000, 0x0000000080b56400, 0x0000000080c00000| 33%| O|  |TAMS 0x0000000080b56400, 0x0000000080b00000| Untracked 
|  12|0x0000000080c00000, 0x0000000080d00000, 0x0000000080d00000|100%| O|  |TAMS 0x0000000080d00000, 0x0000000080c00000| Untracked 
|  13|0x0000000080d00000, 0x0000000080e00000, 0x0000000080e00000|100%| O|  |TAMS 0x0000000080e00000, 0x0000000080d00000| Untracked 
|  14|0x0000000080e00000, 0x0000000080f00000, 0x0000000080f00000|100%| O|  |TAMS 0x0000000080f00000, 0x0000000080e00000| Untracked 
|  15|0x0000000080f00000, 0x0000000081000000, 0x0000000081000000|100%| O|  |TAMS 0x0000000081000000, 0x0000000080f00000| Untracked 
|  16|0x0000000081000000, 0x0000000081100000, 0x0000000081100000|100%| O|  |TAMS 0x0000000081100000, 0x0000000081000000| Untracked 
|  17|0x0000000081100000, 0x0000000081200000, 0x0000000081200000|100%| O|  |TAMS 0x0000000081200000, 0x0000000081100000| Untracked 
|  18|0x0000000081200000, 0x0000000081300000, 0x0000000081300000|100%| O|  |TAMS 0x0000000081300000, 0x0000000081200000| Untracked 
|  19|0x0000000081300000, 0x0000000081400000, 0x0000000081400000|100%|HS|  |TAMS 0x0000000081400000, 0x0000000081300000| Complete 
|  20|0x0000000081400000, 0x0000000081500000, 0x0000000081500000|100%|HC|  |TAMS 0x0000000081500000, 0x0000000081400000| Complete 
|  21|0x0000000081500000, 0x0000000081600000, 0x0000000081600000|100%|HS|  |TAMS 0x0000000081600000, 0x0000000081500000| Complete 
|  22|0x0000000081600000, 0x0000000081700000, 0x0000000081700000|100%|HC|  |TAMS 0x0000000081700000, 0x0000000081600000| Complete 
|  23|0x0000000081700000, 0x0000000081800000, 0x0000000081800000|100%|HC|  |TAMS 0x0000000081800000, 0x0000000081700000| Complete 
|  24|0x0000000081800000, 0x0000000081900000, 0x0000000081900000|100%| O|  |TAMS 0x0000000081900000, 0x0000000081800000| Untracked 
|  25|0x0000000081900000, 0x0000000081a00000, 0x0000000081a00000|100%| O|  |TAMS 0x0000000081a00000, 0x0000000081900000| Untracked 
|  26|0x0000000081a00000, 0x0000000081b00000, 0x0000000081b00000|100%| O|  |TAMS 0x0000000081b00000, 0x0000000081a00000| Untracked 
|  27|0x0000000081b00000, 0x0000000081c00000, 0x0000000081c00000|100%|HS|  |TAMS 0x0000000081c00000, 0x0000000081b00000| Complete 
|  28|0x0000000081c00000, 0x0000000081d00000, 0x0000000081d00000|100%|HC|  |TAMS 0x0000000081d00000, 0x0000000081c00000| Complete 
|  29|0x0000000081d00000, 0x0000000081e00000, 0x0000000081e00000|100%|HC|  |TAMS 0x0000000081e00000, 0x0000000081d00000| Complete 
|  30|0x0000000081e00000, 0x0000000081f00000, 0x0000000081f00000|100%| O|  |TAMS 0x0000000081f00000, 0x0000000081e00000| Untracked 
|  31|0x0000000081f00000, 0x0000000082000000, 0x0000000082000000|100%| O|  |TAMS 0x0000000082000000, 0x0000000081f00000| Untracked 
|  32|0x0000000082000000, 0x0000000082100000, 0x0000000082100000|100%| O|  |TAMS 0x0000000082100000, 0x0000000082000000| Untracked 
|  33|0x0000000082100000, 0x0000000082200000, 0x0000000082200000|100%| O|  |TAMS 0x0000000082200000, 0x0000000082100000| Untracked 
|  34|0x0000000082200000, 0x0000000082300000, 0x0000000082300000|100%|HS|  |TAMS 0x0000000082300000, 0x0000000082200000| Complete 
|  35|0x0000000082300000, 0x0000000082400000, 0x0000000082400000|100%|HC|  |TAMS 0x0000000082400000, 0x0000000082300000| Complete 
|  36|0x0000000082400000, 0x0000000082500000, 0x0000000082500000|100%| O|  |TAMS 0x0000000082500000, 0x0000000082400000| Untracked 
|  37|0x0000000082500000, 0x0000000082600000, 0x0000000082600000|100%| O|  |TAMS 0x0000000082600000, 0x0000000082500000| Untracked 
|  38|0x0000000082600000, 0x0000000082700000, 0x0000000082700000|100%| O|  |TAMS 0x0000000082700000, 0x0000000082600000| Untracked 
|  39|0x0000000082700000, 0x0000000082800000, 0x0000000082800000|100%| O|  |TAMS 0x0000000082800000, 0x0000000082700000| Untracked 
|  40|0x0000000082800000, 0x0000000082900000, 0x0000000082900000|100%| O|  |TAMS 0x0000000082900000, 0x0000000082800000| Untracked 
|  41|0x0000000082900000, 0x0000000082a00000, 0x0000000082a00000|100%| O|  |TAMS 0x0000000082a00000, 0x0000000082900000| Untracked 
|  42|0x0000000082a00000, 0x0000000082b00000, 0x0000000082b00000|100%| O|  |TAMS 0x0000000082b00000, 0x0000000082a00000| Untracked 
|  43|0x0000000082b00000, 0x0000000082c00000, 0x0000000082c00000|100%| O|  |TAMS 0x0000000082bdc200, 0x0000000082b00000| Untracked 
|  44|0x0000000082c00000, 0x0000000082d00000, 0x0000000082d00000|100%| O|  |TAMS 0x0000000082d00000, 0x0000000082c00000| Untracked 
|  45|0x0000000082d00000, 0x0000000082e00000, 0x0000000082e00000|100%|HS|  |TAMS 0x0000000082e00000, 0x0000000082d00000| Complete 
|  46|0x0000000082e00000, 0x0000000082f00000, 0x0000000082f00000|100%|HC|  |TAMS 0x0000000082f00000, 0x0000000082e00000| Complete 
|  47|0x0000000082f00000, 0x0000000083000000, 0x0000000083000000|100%|HC|  |TAMS 0x0000000083000000, 0x0000000082f00000| Complete 
|  48|0x0000000083000000, 0x0000000083100000, 0x0000000083100000|100%|HC|  |TAMS 0x0000000083100000, 0x0000000083000000| Complete 
|  49|0x0000000083100000, 0x0000000083200000, 0x0000000083200000|100%|HC|  |TAMS 0x0000000083200000, 0x0000000083100000| Complete 
|  50|0x0000000083200000, 0x0000000083300000, 0x0000000083300000|100%|HC|  |TAMS 0x0000000083300000, 0x0000000083200000| Complete 
|  51|0x0000000083300000, 0x0000000083400000, 0x0000000083400000|100%|HC|  |TAMS 0x0000000083400000, 0x0000000083300000| Complete 
|  52|0x0000000083400000, 0x0000000083500000, 0x0000000083500000|100%|HC|  |TAMS 0x0000000083500000, 0x0000000083400000| Complete 
|  53|0x0000000083500000, 0x0000000083600000, 0x0000000083600000|100%|HC|  |TAMS 0x0000000083600000, 0x0000000083500000| Complete 
|  54|0x0000000083600000, 0x0000000083700000, 0x0000000083700000|100%|HC|  |TAMS 0x0000000083700000, 0x0000000083600000| Complete 
|  55|0x0000000083700000, 0x0000000083800000, 0x0000000083800000|100%|HC|  |TAMS 0x0000000083800000, 0x0000000083700000| Complete 
|  56|0x0000000083800000, 0x0000000083900000, 0x0000000083900000|100%|HC|  |TAMS 0x0000000083900000, 0x0000000083800000| Complete 
|  57|0x0000000083900000, 0x0000000083a00000, 0x0000000083a00000|100%|HS|  |TAMS 0x0000000083a00000, 0x0000000083900000| Complete 
|  58|0x0000000083a00000, 0x0000000083b00000, 0x0000000083b00000|100%|HC|  |TAMS 0x0000000083b00000, 0x0000000083a00000| Complete 
|  59|0x0000000083b00000, 0x0000000083c00000, 0x0000000083c00000|100%|HC|  |TAMS 0x0000000083c00000, 0x0000000083b00000| Complete 
|  60|0x0000000083c00000, 0x0000000083d00000, 0x0000000083d00000|100%|HS|  |TAMS 0x0000000083d00000, 0x0000000083c00000| Complete 
|  61|0x0000000083d00000, 0x0000000083e00000, 0x0000000083e00000|100%|HC|  |TAMS 0x0000000083e00000, 0x0000000083d00000| Complete 
|  62|0x0000000083e00000, 0x0000000083f00000, 0x0000000083f00000|100%|HC|  |TAMS 0x0000000083f00000, 0x0000000083e00000| Complete 
|  63|0x0000000083f00000, 0x0000000084000000, 0x0000000084000000|100%| O|  |TAMS 0x0000000083f00000, 0x0000000083f00000| Untracked 
|  64|0x0000000084000000, 0x0000000084100000, 0x0000000084100000|100%| O|  |TAMS 0x0000000084000000, 0x0000000084000000| Untracked 
|  65|0x0000000084100000, 0x0000000084100000, 0x0000000084200000|  0%| F|  |TAMS 0x0000000084100000, 0x0000000084100000| Untracked 
|  66|0x0000000084200000, 0x0000000084300000, 0x0000000084300000|100%| O|  |TAMS 0x0000000084200000, 0x0000000084200000| Untracked 
|  67|0x0000000084300000, 0x0000000084354e00, 0x0000000084400000| 33%| O|  |TAMS 0x0000000084300000, 0x0000000084300000| Untracked 
|  68|0x0000000084400000, 0x0000000084400000, 0x0000000084500000|  0%| F|  |TAMS 0x0000000084400000, 0x0000000084400000| Untracked 
|  69|0x0000000084500000, 0x0000000084500000, 0x0000000084600000|  0%| F|  |TAMS 0x0000000084500000, 0x0000000084500000| Untracked 
|  70|0x0000000084600000, 0x0000000084600000, 0x0000000084700000|  0%| F|  |TAMS 0x0000000084600000, 0x0000000084600000| Untracked 
|  71|0x0000000084700000, 0x0000000084700000, 0x0000000084800000|  0%| F|  |TAMS 0x0000000084700000, 0x0000000084700000| Untracked 
|  72|0x0000000084800000, 0x0000000084800000, 0x0000000084900000|  0%| F|  |TAMS 0x0000000084800000, 0x0000000084800000| Untracked 
|  73|0x0000000084900000, 0x0000000084900000, 0x0000000084a00000|  0%| F|  |TAMS 0x0000000084900000, 0x0000000084900000| Untracked 
|  74|0x0000000084a00000, 0x0000000084a00000, 0x0000000084b00000|  0%| F|  |TAMS 0x0000000084a00000, 0x0000000084a00000| Untracked 
|  75|0x0000000084b00000, 0x0000000084b00000, 0x0000000084c00000|  0%| F|  |TAMS 0x0000000084b00000, 0x0000000084b00000| Untracked 
|  76|0x0000000084c00000, 0x0000000084c00000, 0x0000000084d00000|  0%| F|  |TAMS 0x0000000084c00000, 0x0000000084c00000| Untracked 
|  77|0x0000000084d00000, 0x0000000084d00000, 0x0000000084e00000|  0%| F|  |TAMS 0x0000000084d00000, 0x0000000084d00000| Untracked 
|  78|0x0000000084e00000, 0x0000000084e00000, 0x0000000084f00000|  0%| F|  |TAMS 0x0000000084e00000, 0x0000000084e00000| Untracked 
|  79|0x0000000084f00000, 0x0000000084f00000, 0x0000000085000000|  0%| F|  |TAMS 0x0000000084f00000, 0x0000000084f00000| Untracked 
|  80|0x0000000085000000, 0x0000000085000000, 0x0000000085100000|  0%| F|  |TAMS 0x0000000085000000, 0x0000000085000000| Untracked 
|  81|0x0000000085100000, 0x0000000085100000, 0x0000000085200000|  0%| F|  |TAMS 0x0000000085100000, 0x0000000085100000| Untracked 
|  82|0x0000000085200000, 0x0000000085200000, 0x0000000085300000|  0%| F|  |TAMS 0x0000000085200000, 0x0000000085200000| Untracked 
|  83|0x0000000085300000, 0x0000000085300000, 0x0000000085400000|  0%| F|  |TAMS 0x0000000085300000, 0x0000000085300000| Untracked 
|  84|0x0000000085400000, 0x0000000085400000, 0x0000000085500000|  0%| F|  |TAMS 0x0000000085400000, 0x0000000085400000| Untracked 
|  85|0x0000000085500000, 0x0000000085500000, 0x0000000085600000|  0%| F|  |TAMS 0x0000000085500000, 0x0000000085500000| Untracked 
|  86|0x0000000085600000, 0x0000000085600000, 0x0000000085700000|  0%| F|  |TAMS 0x0000000085600000, 0x0000000085600000| Untracked 
|  87|0x0000000085700000, 0x0000000085700000, 0x0000000085800000|  0%| F|  |TAMS 0x0000000085700000, 0x0000000085700000| Untracked 
|  88|0x0000000085800000, 0x0000000085800000, 0x0000000085900000|  0%| F|  |TAMS 0x0000000085800000, 0x0000000085800000| Untracked 
|  89|0x0000000085900000, 0x0000000085900000, 0x0000000085a00000|  0%| F|  |TAMS 0x0000000085900000, 0x0000000085900000| Untracked 
|  90|0x0000000085a00000, 0x0000000085a00000, 0x0000000085b00000|  0%| F|  |TAMS 0x0000000085a00000, 0x0000000085a00000| Untracked 
|  91|0x0000000085b00000, 0x0000000085b00000, 0x0000000085c00000|  0%| F|  |TAMS 0x0000000085b00000, 0x0000000085b00000| Untracked 
|  92|0x0000000085c00000, 0x0000000085c00000, 0x0000000085d00000|  0%| F|  |TAMS 0x0000000085c00000, 0x0000000085c00000| Untracked 
|  93|0x0000000085d00000, 0x0000000085d00000, 0x0000000085e00000|  0%| F|  |TAMS 0x0000000085d00000, 0x0000000085d00000| Untracked 
|  94|0x0000000085e00000, 0x0000000085e00000, 0x0000000085f00000|  0%| F|  |TAMS 0x0000000085e00000, 0x0000000085e00000| Untracked 
|  95|0x0000000085f00000, 0x0000000085f00000, 0x0000000086000000|  0%| F|  |TAMS 0x0000000085f00000, 0x0000000085f00000| Untracked 
|  96|0x0000000086000000, 0x0000000086000000, 0x0000000086100000|  0%| F|  |TAMS 0x0000000086000000, 0x0000000086000000| Untracked 
|  97|0x0000000086100000, 0x0000000086100000, 0x0000000086200000|  0%| F|  |TAMS 0x0000000086100000, 0x0000000086100000| Untracked 
|  98|0x0000000086200000, 0x00000000862821b0, 0x0000000086300000| 50%| S|CS|TAMS 0x0000000086200000, 0x0000000086200000| Complete 
|  99|0x0000000086300000, 0x0000000086400000, 0x0000000086400000|100%| S|CS|TAMS 0x0000000086300000, 0x0000000086300000| Complete 
| 100|0x0000000086400000, 0x0000000086400000, 0x0000000086500000|  0%| F|  |TAMS 0x0000000086400000, 0x0000000086400000| Untracked 
| 101|0x0000000086500000, 0x000000008656a800, 0x0000000086600000| 41%| E|  |TAMS 0x0000000086500000, 0x0000000086500000| Complete 
| 102|0x0000000086600000, 0x0000000086700000, 0x0000000086700000|100%| E|CS|TAMS 0x0000000086600000, 0x0000000086600000| Complete 
| 103|0x0000000086700000, 0x0000000086800000, 0x0000000086800000|100%| E|CS|TAMS 0x0000000086700000, 0x0000000086700000| Complete 
| 104|0x0000000086800000, 0x0000000086900000, 0x0000000086900000|100%| E|CS|TAMS 0x0000000086800000, 0x0000000086800000| Complete 
| 105|0x0000000086900000, 0x0000000086a00000, 0x0000000086a00000|100%| E|CS|TAMS 0x0000000086900000, 0x0000000086900000| Complete 
| 106|0x0000000086a00000, 0x0000000086b00000, 0x0000000086b00000|100%| E|CS|TAMS 0x0000000086a00000, 0x0000000086a00000| Complete 
| 107|0x0000000086b00000, 0x0000000086c00000, 0x0000000086c00000|100%| E|CS|TAMS 0x0000000086b00000, 0x0000000086b00000| Complete 
| 108|0x0000000086c00000, 0x0000000086d00000, 0x0000000086d00000|100%| E|CS|TAMS 0x0000000086c00000, 0x0000000086c00000| Complete 
| 109|0x0000000086d00000, 0x0000000086e00000, 0x0000000086e00000|100%| E|CS|TAMS 0x0000000086d00000, 0x0000000086d00000| Complete 
| 110|0x0000000086e00000, 0x0000000086f00000, 0x0000000086f00000|100%| E|CS|TAMS 0x0000000086e00000, 0x0000000086e00000| Complete 
| 111|0x0000000086f00000, 0x0000000087000000, 0x0000000087000000|100%| E|CS|TAMS 0x0000000086f00000, 0x0000000086f00000| Complete 
| 112|0x0000000087000000, 0x0000000087100000, 0x0000000087100000|100%| E|CS|TAMS 0x0000000087000000, 0x0000000087000000| Complete 
| 113|0x0000000087100000, 0x0000000087200000, 0x0000000087200000|100%| E|  |TAMS 0x0000000087100000, 0x0000000087100000| Complete 
| 114|0x0000000087200000, 0x0000000087300000, 0x0000000087300000|100%| E|CS|TAMS 0x0000000087200000, 0x0000000087200000| Complete 
| 115|0x0000000087300000, 0x0000000087400000, 0x0000000087400000|100%| E|CS|TAMS 0x0000000087300000, 0x0000000087300000| Complete 
| 127|0x0000000087f00000, 0x0000000088000000, 0x0000000088000000|100%| E|CS|TAMS 0x0000000087f00000, 0x0000000087f00000| Complete 

Card table byte_map: [0x000001e0dc460000,0x000001e0dc860000] _byte_map_base: 0x000001e0dc060000

Marking Bits (Prev, Next): (CMBitMap*) 0x000001e0c98b91b0, (CMBitMap*) 0x000001e0c98b91f0
 Prev Bits: [0x000001e0dcc60000, 0x000001e0dec60000)
 Next Bits: [0x000001e0dec60000, 0x000001e0e0c60000)

Polling page: 0x000001e0c77b0000

Metaspace:

Usage:
  Non-class:     43.99 MB used.
      Class:      6.73 MB used.
       Both:     50.72 MB used.

Virtual space:
  Non-class space:       48.00 MB reserved,      44.19 MB ( 92%) committed,  6 nodes.
      Class space:        1.00 GB reserved,       6.88 MB ( <1%) committed,  1 nodes.
             Both:        1.05 GB reserved,      51.06 MB (  5%) committed. 

Chunk freelists:
   Non-Class:  3.69 MB
       Class:  960.00 KB
        Both:  4.62 MB

MaxMetaspaceSize: unlimited
CompressedClassSpaceSize: 1.00 GB
Initial GC threshold: 21.00 MB
Current GC threshold: 79.06 MB
CDS: off
MetaspaceReclaimPolicy: balanced
 - commit_granule_bytes: 65536.
 - commit_granule_words: 8192.
 - virtual_space_node_default_size: 1048576.
 - enlarge_chunks_in_place: 1.
 - new_chunks_are_fully_committed: 0.
 - uncommit_free_chunks: 1.
 - use_allocation_guard: 0.
 - handle_deallocations: 1.


Internal statistics:

num_allocs_failed_limit: 3.
num_arena_births: 474.
num_arena_deaths: 0.
num_vsnodes_births: 7.
num_vsnodes_deaths: 0.
num_space_committed: 817.
num_space_uncommitted: 0.
num_chunks_returned_to_freelist: 3.
num_chunks_taken_from_freelist: 2116.
num_chunk_merges: 3.
num_chunk_splits: 1386.
num_chunks_enlarged: 952.
num_purges: 0.
num_inconsistent_stats: 0.

CodeHeap 'non-profiled nmethods': size=120000Kb used=3070Kb max_used=3070Kb free=116930Kb
 bounds [0x000001e0d4800000, 0x000001e0d4b00000, 0x000001e0dbd30000]
CodeHeap 'profiled nmethods': size=120000Kb used=9936Kb max_used=9936Kb free=110063Kb
 bounds [0x000001e0ccd30000, 0x000001e0cd6f0000, 0x000001e0d4260000]
CodeHeap 'non-nmethods': size=5760Kb used=2314Kb max_used=2409Kb free=3446Kb
 bounds [0x000001e0d4260000, 0x000001e0d44d0000, 0x000001e0d4800000]
 total_blobs=5586 nmethods=4759 adapters=738
 compilation: enabled
              stopped_count=0, restarted_count=0
 full_count=0

Compilation events (20 events):
Event: 7.932 Thread 0x000001e0e36c7e10 nmethod 4765 0x000001e0d4afec10 code [0x000001e0d4afeda0, 0x000001e0d4afee78]
Event: 7.932 Thread 0x000001e0e36c7e10 4766       3       java.util.ArrayDeque::push (6 bytes)
Event: 7.932 Thread 0x000001e0e36c7e10 nmethod 4766 0x000001e0cd6e1310 code [0x000001e0cd6e14a0, 0x000001e0cd6e15e8]
Event: 7.932 Thread 0x000001e0e36c7e10 4767       3       java.util.ArrayList::hashCodeRange (68 bytes)
Event: 7.933 Thread 0x000001e0e36c7e10 nmethod 4767 0x000001e0cd6e1690 code [0x000001e0cd6e1860, 0x000001e0cd6e1c98]
Event: 7.933 Thread 0x000001e0e36c7e10 4768       3       groovyjarjarantlr4.v4.runtime.atn.ATNConfigSet::size (8 bytes)
Event: 7.933 Thread 0x000001e0e36c7e10 nmethod 4768 0x000001e0cd6e1e90 code [0x000001e0cd6e2020, 0x000001e0cd6e2158]
Event: 7.934 Thread 0x000001e0e36c7e10 4769       3       groovyjarjarantlr4.v4.runtime.CodePointCharStream$CodePoint8BitCharStream::LA (98 bytes)
Event: 7.934 Thread 0x000001e0e36c7e10 nmethod 4769 0x000001e0cd6e2210 code [0x000001e0cd6e2400, 0x000001e0cd6e2868]
Event: 7.934 Thread 0x000001e0e36c7e10 4770       3       java.lang.Integer::signum (11 bytes)
Event: 7.934 Thread 0x000001e0e36c7e10 nmethod 4770 0x000001e0cd6e2a10 code [0x000001e0cd6e2ba0, 0x000001e0cd6e2c98]
Event: 7.934 Thread 0x000001e0e36c7e10 4772       1       groovyjarjarantlr4.v4.runtime.Recognizer::getInterpreter (5 bytes)
Event: 7.934 Thread 0x000001e0e36c7e10 nmethod 4772 0x000001e0d4afef10 code [0x000001e0d4aff0a0, 0x000001e0d4aff178]
Event: 7.935 Thread 0x000001e0e36c7e10 4773       1       groovyjarjarantlr4.v4.runtime.atn.PlusBlockStartState::getStateType (2 bytes)
Event: 7.935 Thread 0x000001e0e36c7e10 nmethod 4773 0x000001e0d4aff210 code [0x000001e0d4aff3a0, 0x000001e0d4aff478]
Event: 7.936 Thread 0x000001e0e36c7e10 4775       1       groovyjarjarantlr4.v4.runtime.dfa.DFA::getEmptyContextEdgeMap (5 bytes)
Event: 7.937 Thread 0x000001e0e36c7e10 nmethod 4775 0x000001e0d4aff510 code [0x000001e0d4aff6a0, 0x000001e0d4aff778]
Event: 7.937 Thread 0x000001e0e36c7e10 4776       3       java.util.HashMap::comparableClassFor (115 bytes)
Event: 7.938 Thread 0x000001e0e36c7e10 nmethod 4776 0x000001e0cd6e2d10 code [0x000001e0cd6e2f80, 0x000001e0cd6e3d38]
Event: 7.938 Thread 0x000001e0e36c7e10 4777       3       java.util.HashMap$TreeNode::find (172 bytes)

GC Heap History (20 events):
Event: 5.369 GC heap before
{Heap before GC invocations=9 (full 0):
 garbage-first heap   total 86016K, used 64982K [0x0000000080000000, 0x0000000100000000)
  region size 1024K, 17 young (17408K), 2 survivors (2048K)
 Metaspace       used 32485K, committed 32832K, reserved 1081344K
  class space    used 4484K, committed 4672K, reserved 1048576K
}
Event: 5.370 GC heap after
{Heap after GC invocations=10 (full 0):
 garbage-first heap   total 86016K, used 50230K [0x0000000080000000, 0x0000000100000000)
  region size 1024K, 1 young (1024K), 1 survivors (1024K)
 Metaspace       used 32485K, committed 32832K, reserved 1081344K
  class space    used 4484K, committed 4672K, reserved 1048576K
}
Event: 5.642 GC heap before
{Heap before GC invocations=11 (full 0):
 garbage-first heap   total 89088K, used 66614K [0x0000000080000000, 0x0000000100000000)
  region size 1024K, 17 young (17408K), 1 survivors (1024K)
 Metaspace       used 34864K, committed 35200K, reserved 1081344K
  class space    used 4859K, committed 4992K, reserved 1048576K
}
Event: 5.644 GC heap after
{Heap after GC invocations=12 (full 0):
 garbage-first heap   total 89088K, used 50914K [0x0000000080000000, 0x0000000100000000)
  region size 1024K, 2 young (2048K), 2 survivors (2048K)
 Metaspace       used 34864K, committed 35200K, reserved 1081344K
  class space    used 4859K, committed 4992K, reserved 1048576K
}
Event: 6.107 GC heap before
{Heap before GC invocations=12 (full 0):
 garbage-first heap   total 89088K, used 68322K [0x0000000080000000, 0x0000000100000000)
  region size 1024K, 20 young (20480K), 2 survivors (2048K)
 Metaspace       used 40325K, committed 40768K, reserved 1089536K
  class space    used 5440K, committed 5632K, reserved 1048576K
}
Event: 6.110 GC heap after
{Heap after GC invocations=13 (full 0):
 garbage-first heap   total 89088K, used 53507K [0x0000000080000000, 0x0000000100000000)
  region size 1024K, 3 young (3072K), 3 survivors (3072K)
 Metaspace       used 40325K, committed 40768K, reserved 1089536K
  class space    used 5440K, committed 5632K, reserved 1048576K
}
Event: 6.268 GC heap before
{Heap before GC invocations=14 (full 0):
 garbage-first heap   total 94208K, used 69891K [0x0000000080000000, 0x0000000100000000)
  region size 1024K, 20 young (20480K), 3 survivors (3072K)
 Metaspace       used 41732K, committed 42112K, reserved 1089536K
  class space    used 5583K, committed 5760K, reserved 1048576K
}
Event: 6.273 GC heap after
{Heap after GC invocations=15 (full 0):
 garbage-first heap   total 94208K, used 55987K [0x0000000080000000, 0x0000000100000000)
  region size 1024K, 3 young (3072K), 3 survivors (3072K)
 Metaspace       used 41732K, committed 42112K, reserved 1089536K
  class space    used 5583K, committed 5760K, reserved 1048576K
}
Event: 6.384 GC heap before
{Heap before GC invocations=15 (full 0):
 garbage-first heap   total 94208K, used 66227K [0x0000000080000000, 0x0000000100000000)
  region size 1024K, 15 young (15360K), 3 survivors (3072K)
 Metaspace       used 42211K, committed 42560K, reserved 1089536K
  class space    used 5628K, committed 5824K, reserved 1048576K
}
Event: 6.387 GC heap after
{Heap after GC invocations=16 (full 0):
 garbage-first heap   total 94208K, used 56649K [0x0000000080000000, 0x0000000100000000)
  region size 1024K, 2 young (2048K), 2 survivors (2048K)
 Metaspace       used 42211K, committed 42560K, reserved 1089536K
  class space    used 5628K, committed 5824K, reserved 1048576K
}
Event: 6.824 GC heap before
{Heap before GC invocations=17 (full 0):
 garbage-first heap   total 104448K, used 77129K [0x0000000080000000, 0x0000000100000000)
  region size 1024K, 20 young (20480K), 2 survivors (2048K)
 Metaspace       used 45368K, committed 45760K, reserved 1089536K
  class space    used 6006K, committed 6144K, reserved 1048576K
}
Event: 6.827 GC heap after
{Heap after GC invocations=18 (full 0):
 garbage-first heap   total 104448K, used 57707K [0x0000000080000000, 0x0000000100000000)
  region size 1024K, 2 young (2048K), 2 survivors (2048K)
 Metaspace       used 45368K, committed 45760K, reserved 1089536K
  class space    used 6006K, committed 6144K, reserved 1048576K
}
Event: 7.147 GC heap before
{Heap before GC invocations=18 (full 0):
 garbage-first heap   total 104448K, used 67947K [0x0000000080000000, 0x0000000100000000)
  region size 1024K, 14 young (14336K), 2 survivors (2048K)
 Metaspace       used 46674K, committed 47104K, reserved 1097728K
  class space    used 6198K, committed 6400K, reserved 1048576K
}
Event: 7.150 GC heap after
{Heap after GC invocations=19 (full 0):
 garbage-first heap   total 104448K, used 58984K [0x0000000080000000, 0x0000000100000000)
  region size 1024K, 3 young (3072K), 3 survivors (3072K)
 Metaspace       used 46674K, committed 47104K, reserved 1097728K
  class space    used 6198K, committed 6400K, reserved 1048576K
}
Event: 7.200 GC heap before
{Heap before GC invocations=20 (full 0):
 garbage-first heap   total 107520K, used 62056K [0x0000000080000000, 0x0000000100000000)
  region size 1024K, 4 young (4096K), 3 survivors (3072K)
 Metaspace       used 46675K, committed 47104K, reserved 1097728K
  class space    used 6198K, committed 6400K, reserved 1048576K
}
Event: 7.204 GC heap after
{Heap after GC invocations=21 (full 0):
 garbage-first heap   total 107520K, used 62782K [0x0000000080000000, 0x0000000100000000)
  region size 1024K, 3 young (3072K), 3 survivors (3072K)
 Metaspace       used 46675K, committed 47104K, reserved 1097728K
  class space    used 6198K, committed 6400K, reserved 1048576K
}
Event: 7.426 GC heap before
{Heap before GC invocations=22 (full 0):
 garbage-first heap   total 114688K, used 75070K [0x0000000080000000, 0x0000000100000000)
  region size 1024K, 14 young (14336K), 3 survivors (3072K)
 Metaspace       used 47395K, committed 47808K, reserved 1097728K
  class space    used 6279K, committed 6464K, reserved 1048576K
}
Event: 7.428 GC heap after
{Heap after GC invocations=23 (full 0):
 garbage-first heap   total 114688K, used 67856K [0x0000000080000000, 0x0000000100000000)
  region size 1024K, 3 young (3072K), 3 survivors (3072K)
 Metaspace       used 47395K, committed 47808K, reserved 1097728K
  class space    used 6279K, committed 6464K, reserved 1048576K
}
Event: 7.779 GC heap before
{Heap before GC invocations=24 (full 0):
 garbage-first heap   total 119808K, used 85264K [0x0000000080000000, 0x0000000100000000)
  region size 1024K, 20 young (20480K), 3 survivors (3072K)
 Metaspace       used 50281K, committed 50752K, reserved 1097728K
  class space    used 6643K, committed 6848K, reserved 1048576K
}
Event: 7.783 GC heap after
{Heap after GC invocations=25 (full 0):
 garbage-first heap   total 119808K, used 68788K [0x0000000080000000, 0x0000000100000000)
  region size 1024K, 2 young (2048K), 2 survivors (2048K)
 Metaspace       used 50281K, committed 50752K, reserved 1097728K
  class space    used 6643K, committed 6848K, reserved 1048576K
}

Dll operation events (2 events):
Event: 0.009 Loaded shared library C:\Users\Second Droid\AppData\Local\Programs\Android Studio\jbr\bin\java.dll
Event: 0.425 Loaded shared library C:\Users\Second Droid\AppData\Local\Programs\Android Studio\jbr\bin\verify.dll

Deoptimization events (20 events):
Event: 7.925 Thread 0x000001e0e5899510 Uncommon trap: trap_request=0xffffff45 fr.pc=0x000001e0d4a10b80 relative=0x0000000000000260
Event: 7.925 Thread 0x000001e0e5899510 Uncommon trap: reason=unstable_if action=reinterpret pc=0x000001e0d4a10b80 method=java.util.HashMap.getNode(Ljava/lang/Object;)Ljava/util/HashMap$Node; @ 85 c2
Event: 7.925 Thread 0x000001e0e5899510 DEOPT PACKING pc=0x000001e0d4a10b80 sp=0x000000c0ca2f6b20
Event: 7.925 Thread 0x000001e0e5899510 DEOPT UNPACKING pc=0x000001e0d42b69a3 sp=0x000000c0ca2f6a20 mode 2
Event: 7.926 Thread 0x000001e0e5899510 Uncommon trap: trap_request=0xffffff45 fr.pc=0x000001e0d49f7ddc relative=0x000000000000023c
Event: 7.926 Thread 0x000001e0e5899510 Uncommon trap: reason=unstable_if action=reinterpret pc=0x000001e0d49f7ddc method=java.util.HashMap.getNode(Ljava/lang/Object;)Ljava/util/HashMap$Node; @ 85 c2
Event: 7.926 Thread 0x000001e0e5899510 DEOPT PACKING pc=0x000001e0d49f7ddc sp=0x000000c0ca2f6a90
Event: 7.926 Thread 0x000001e0e5899510 DEOPT UNPACKING pc=0x000001e0d42b69a3 sp=0x000000c0ca2f6a10 mode 2
Event: 7.928 Thread 0x000001e0e5899510 Uncommon trap: trap_request=0xffffff45 fr.pc=0x000001e0d487bb48 relative=0x0000000000000a68
Event: 7.928 Thread 0x000001e0e5899510 Uncommon trap: reason=unstable_if action=reinterpret pc=0x000001e0d487bb48 method=java.util.HashMap.resize()[Ljava/util/HashMap$Node; @ 203 c2
Event: 7.928 Thread 0x000001e0e5899510 DEOPT PACKING pc=0x000001e0d487bb48 sp=0x000000c0ca2f6c40
Event: 7.928 Thread 0x000001e0e5899510 DEOPT UNPACKING pc=0x000001e0d42b69a3 sp=0x000000c0ca2f6be0 mode 2
Event: 7.930 Thread 0x000001e0e5899510 Uncommon trap: trap_request=0xffffff45 fr.pc=0x000001e0d4a05138 relative=0x0000000000000758
Event: 7.930 Thread 0x000001e0e5899510 Uncommon trap: reason=unstable_if action=reinterpret pc=0x000001e0d4a05138 method=java.util.HashMap.putVal(ILjava/lang/Object;Ljava/lang/Object;ZZ)Ljava/lang/Object; @ 109 c2
Event: 7.930 Thread 0x000001e0e5899510 DEOPT PACKING pc=0x000001e0d4a05138 sp=0x000000c0ca2f7120
Event: 7.930 Thread 0x000001e0e5899510 DEOPT UNPACKING pc=0x000001e0d42b69a3 sp=0x000000c0ca2f7038 mode 2
Event: 7.930 Thread 0x000001e0e5899510 Uncommon trap: trap_request=0xffffff45 fr.pc=0x000001e0d49f73c0 relative=0x00000000000006e0
Event: 7.930 Thread 0x000001e0e5899510 Uncommon trap: reason=unstable_if action=reinterpret pc=0x000001e0d49f73c0 method=java.util.HashMap.putVal(ILjava/lang/Object;Ljava/lang/Object;ZZ)Ljava/lang/Object; @ 109 c2
Event: 7.930 Thread 0x000001e0e5899510 DEOPT PACKING pc=0x000001e0d49f73c0 sp=0x000000c0ca2f7070
Event: 7.930 Thread 0x000001e0e5899510 DEOPT UNPACKING pc=0x000001e0d42b69a3 sp=0x000000c0ca2f7028 mode 2

Classes unloaded (0 events):
No events

Classes redefined (0 events):
No events

Internal exceptions (20 events):
Event: 7.520 Thread 0x000001e0e5899510 Exception <a 'java/lang/ClassNotFoundException'{0x00000000870a1d80}: org/jetbrains/plugins/gradle/tooling/builder/DependencyGraphModelBuilderImplBeanInfo> (0x00000000870a1d80) 
thrown [s\src\hotspot\share\classfile\systemDictionary.cpp, line 256]
Event: 7.520 Thread 0x000001e0e5899510 Exception <a 'java/lang/ClassNotFoundException'{0x00000000870ad2d8}: org/jetbrains/plugins/gradle/tooling/builder/DependencyGraphModelBuilderImplCustomizer> (0x00000000870ad2d8) 
thrown [s\src\hotspot\share\classfile\systemDictionary.cpp, line 256]
Event: 7.530 Thread 0x000001e0e5899510 Exception <a 'java/lang/ClassNotFoundException'{0x0000000086f3f2d8}: org/jetbrains/plugins/gradle/tooling/builder/ExternalTestsModelBuilderImplBeanInfo> (0x0000000086f3f2d8) 
thrown [s\src\hotspot\share\classfile\systemDictionary.cpp, line 256]
Event: 7.530 Thread 0x000001e0e5899510 Exception <a 'java/lang/ClassNotFoundException'{0x0000000086f4a828}: org/jetbrains/plugins/gradle/tooling/builder/ExternalTestsModelBuilderImplCustomizer> (0x0000000086f4a828) 
thrown [s\src\hotspot\share\classfile\systemDictionary.cpp, line 256]
Event: 7.560 Thread 0x000001e0e5899510 Exception <a 'java/lang/ClassNotFoundException'{0x0000000086d72298}: org/jetbrains/plugins/gradle/tooling/builder/ProjectExtensionsDataBuilderImplBeanInfo> (0x0000000086d72298) 
thrown [s\src\hotspot\share\classfile\systemDictionary.cpp, line 256]
Event: 7.560 Thread 0x000001e0e5899510 Exception <a 'java/lang/ClassNotFoundException'{0x0000000086d7d7f0}: org/jetbrains/plugins/gradle/tooling/builder/ProjectExtensionsDataBuilderImplCustomizer> (0x0000000086d7d7f0) 
thrown [s\src\hotspot\share\classfile\systemDictionary.cpp, line 256]
Event: 7.563 Thread 0x000001e0e5899510 Exception <a 'java/lang/ClassNotFoundException'{0x0000000086da9a00}: org/jetbrains/plugins/gradle/tooling/builder/IntelliJSettingsBuilderBeanInfo> (0x0000000086da9a00) 
thrown [s\src\hotspot\share\classfile\systemDictionary.cpp, line 256]
Event: 7.563 Thread 0x000001e0e5899510 Exception <a 'java/lang/ClassNotFoundException'{0x0000000086db5178}: org/jetbrains/plugins/gradle/tooling/builder/IntelliJSettingsBuilderCustomizer> (0x0000000086db5178) 
thrown [s\src\hotspot\share\classfile\systemDictionary.cpp, line 256]
Event: 7.565 Thread 0x000001e0e5899510 Exception <a 'java/lang/ClassNotFoundException'{0x0000000086de0310}: org/jetbrains/plugins/gradle/tooling/builder/IntelliJProjectSettingsBuilderBeanInfo> (0x0000000086de0310) 
thrown [s\src\hotspot\share\classfile\systemDictionary.cpp, line 256]
Event: 7.566 Thread 0x000001e0e5899510 Exception <a 'java/lang/ClassNotFoundException'{0x0000000086deb860}: org/jetbrains/plugins/gradle/tooling/builder/IntelliJProjectSettingsBuilderCustomizer> (0x0000000086deb860) 
thrown [s\src\hotspot\share\classfile\systemDictionary.cpp, line 256]
Event: 7.568 Thread 0x000001e0e5899510 Exception <a 'java/lang/ClassNotFoundException'{0x0000000086c18880}: org/jetbrains/plugins/gradle/tooling/builder/DependencyAccessorsModelBuilderBeanInfo> (0x0000000086c18880) 
thrown [s\src\hotspot\share\classfile\systemDictionary.cpp, line 256]
Event: 7.569 Thread 0x000001e0e5899510 Exception <a 'java/lang/ClassNotFoundException'{0x0000000086c23dd8}: org/jetbrains/plugins/gradle/tooling/builder/DependencyAccessorsModelBuilderCustomizer> (0x0000000086c23dd8) 
thrown [s\src\hotspot\share\classfile\systemDictionary.cpp, line 256]
Event: 7.654 Thread 0x000001e0e5899510 Exception <a 'java/lang/ClassNotFoundException'{0x0000000086b31bc0}: ijtestinit_851025zi2307b88hn15efmcfhBeanInfo> (0x0000000086b31bc0) 
thrown [s\src\hotspot\share\classfile\systemDictionary.cpp, line 256]
Event: 7.654 Thread 0x000001e0e5899510 Exception <a 'java/lang/ClassNotFoundException'{0x0000000086b38458}: ijtestinit_851025zi2307b88hn15efmcfhCustomizer> (0x0000000086b38458) 
thrown [s\src\hotspot\share\classfile\systemDictionary.cpp, line 256]
Event: 7.665 Thread 0x000001e0e5899510 Exception <a 'java/lang/ClassNotFoundException'{0x0000000086bc17e8}: org/gradle/execution/taskgraph/DefaultTaskExecutionGraphBeanInfo> (0x0000000086bc17e8) 
thrown [s\src\hotspot\share\classfile\systemDictionary.cpp, line 256]
Event: 7.666 Thread 0x000001e0e5899510 Exception <a 'java/lang/ClassNotFoundException'{0x0000000086bd1088}: org/gradle/execution/taskgraph/DefaultTaskExecutionGraphCustomizer> (0x0000000086bd1088) 
thrown [s\src\hotspot\share\classfile\systemDictionary.cpp, line 256]
Event: 7.672 Thread 0x000001e0e5899510 Exception <a 'java/lang/ClassNotFoundException'{0x0000000086a1e950}: org/gradle/configuration/internal/DefaultListenerBuildOperationDecorator$BuildOperationEmittingClosureBeanInfo> (0x0000000086a1e950) 
thrown [s\src\hotspot\share\classfile\systemDictionary.cpp, line 256]
Event: 7.673 Thread 0x000001e0e5899510 Exception <a 'java/lang/ClassNotFoundException'{0x0000000086a2f590}: org/gradle/configuration/internal/DefaultListenerBuildOperationDecorator$BuildOperationEmittingClosureCustomizer> (0x0000000086a2f590) 
thrown [s\src\hotspot\share\classfile\systemDictionary.cpp, line 256]
Event: 7.689 Thread 0x000001e0e5899510 Exception <a 'java/lang/NoSuchMethodError'{0x0000000086946968}: 'java.lang.Object java.lang.invoke.DirectMethodHandle$Holder.newInvokeSpecial(java.lang.Object, java.lang.Object, int, int)'> (0x0000000086946968) 
thrown [s\src\hotspot\share\interpreter\linkResolver.cpp, line 771]
Event: 7.722 Thread 0x000001e0e5899510 Exception <a 'java/lang/NoSuchMethodError'{0x00000000868b32a0}: 'void java.lang.invoke.DirectMethodHandle$Holder.invokeVirtual(java.lang.Object, java.lang.Object)'> (0x00000000868b32a0) 
thrown [s\src\hotspot\share\interpreter\linkResolver.cpp, line 771]

VM Operations (20 events):
Event: 7.244 Executing VM operation: G1Concurrent
Event: 7.245 Executing VM operation: G1Concurrent done
Event: 7.345 Executing VM operation: HandshakeAllThreads
Event: 7.345 Executing VM operation: HandshakeAllThreads done
Event: 7.426 Executing VM operation: G1TryInitiateConcMark
Event: 7.428 Executing VM operation: G1TryInitiateConcMark done
Event: 7.448 Executing VM operation: G1Concurrent
Event: 7.450 Executing VM operation: G1Concurrent done
Event: 7.461 Executing VM operation: G1Concurrent
Event: 7.461 Executing VM operation: G1Concurrent done
Event: 7.779 Executing VM operation: G1CollectForAllocation
Event: 7.783 Executing VM operation: G1CollectForAllocation done
Event: 7.819 Executing VM operation: HandshakeAllThreads
Event: 7.819 Executing VM operation: HandshakeAllThreads done
Event: 7.889 Executing VM operation: HandshakeAllThreads
Event: 7.889 Executing VM operation: HandshakeAllThreads done
Event: 7.895 Executing VM operation: HandshakeAllThreads
Event: 7.895 Executing VM operation: HandshakeAllThreads done
Event: 7.907 Executing VM operation: HandshakeAllThreads
Event: 7.907 Executing VM operation: HandshakeAllThreads done

Events (20 events):
Event: 7.567 loading class java/net/UnknownServiceException
Event: 7.567 loading class java/net/UnknownServiceException done
Event: 7.696 loading class jdk/internal/reflect/UnsafeStaticIntegerFieldAccessorImpl
Event: 7.696 loading class jdk/internal/reflect/UnsafeStaticIntegerFieldAccessorImpl done
Event: 7.789 loading class java/lang/Byte$ByteCache
Event: 7.789 loading class java/lang/Byte$ByteCache done
Event: 7.797 loading class java/util/EmptyStackException
Event: 7.797 loading class java/util/EmptyStackException done
Event: 7.800 loading class java/util/DualPivotQuicksort
Event: 7.800 loading class java/util/DualPivotQuicksort done
Event: 7.801 loading class java/io/InvalidClassException
Event: 7.801 loading class java/io/InvalidClassException done
Event: 7.818 loading class java/util/ArrayList$ListItr
Event: 7.818 loading class java/util/ArrayList$ListItr done
Event: 7.833 loading class java/util/concurrent/locks/ReentrantReadWriteLock$FairSync
Event: 7.833 loading class java/util/concurrent/locks/ReentrantReadWriteLock$FairSync done
Event: 7.891 loading class java/util/concurrent/atomic/AtomicIntegerArray
Event: 7.891 loading class java/util/concurrent/atomic/AtomicIntegerArray done
Event: 7.891 loading class java/lang/invoke/VarHandleInts$Array
Event: 7.892 loading class java/lang/invoke/VarHandleInts$Array done


Dynamic libraries:
0x00007ff7dfcc0000 - 0x00007ff7dfcca000 	C:\Users\Second Droid\AppData\Local\Programs\Android Studio\jbr\bin\java.exe
0x00007ffedb4b0000 - 0x00007ffedb6a7000 	C:\WINDOWS\SYSTEM32\ntdll.dll
0x00007ffeda780000 - 0x00007ffeda83d000 	C:\WINDOWS\System32\KERNEL32.DLL
0x00007ffed9210000 - 0x00007ffed9506000 	C:\WINDOWS\System32\KERNELBASE.dll
0x00007ffed90c0000 - 0x00007ffed91c0000 	C:\WINDOWS\System32\ucrtbase.dll
0x00007ffed2b10000 - 0x00007ffed2b2b000 	C:\Users\Second Droid\AppData\Local\Programs\Android Studio\jbr\bin\VCRUNTIME140.dll
0x00007ffead940000 - 0x00007ffead957000 	C:\Users\Second Droid\AppData\Local\Programs\Android Studio\jbr\bin\jli.dll
0x00007ffedb0a0000 - 0x00007ffedb23e000 	C:\WINDOWS\System32\USER32.dll
0x00007ffebb3a0000 - 0x00007ffebb63a000 	C:\WINDOWS\WinSxS\amd64_microsoft.windows.common-controls_6595b64144ccf1df_6.0.19041.3570_none_60bb2a3971f3e41a\COMCTL32.dll
0x00007ffed8fe0000 - 0x00007ffed9002000 	C:\WINDOWS\System32\win32u.dll
0x00007ffedb300000 - 0x00007ffedb39e000 	C:\WINDOWS\System32\msvcrt.dll
0x00007ffeda750000 - 0x00007ffeda77c000 	C:\WINDOWS\System32\GDI32.dll
0x00007ffed8c50000 - 0x00007ffed8d6a000 	C:\WINDOWS\System32\gdi32full.dll
0x00007ffed8f40000 - 0x00007ffed8fdd000 	C:\WINDOWS\System32\msvcp_win.dll
0x00007ffeda840000 - 0x00007ffeda870000 	C:\WINDOWS\System32\IMM32.DLL
0x00007ffed5b50000 - 0x00007ffed5b5c000 	C:\Users\Second Droid\AppData\Local\Programs\Android Studio\jbr\bin\vcruntime140_1.dll
0x00007ffea1cd0000 - 0x00007ffea1d5d000 	C:\Users\Second Droid\AppData\Local\Programs\Android Studio\jbr\bin\msvcp140.dll
0x00007ffea06f0000 - 0x00007ffea135e000 	C:\Users\Second Droid\AppData\Local\Programs\Android Studio\jbr\bin\server\jvm.dll
0x00007ffeda570000 - 0x00007ffeda61e000 	C:\WINDOWS\System32\ADVAPI32.dll
0x00007ffedafe0000 - 0x00007ffedb07c000 	C:\WINDOWS\System32\sechost.dll
0x00007ffed9510000 - 0x00007ffed9636000 	C:\WINDOWS\System32\RPCRT4.dll
0x00007ffebf330000 - 0x00007ffebf339000 	C:\WINDOWS\SYSTEM32\WSOCK32.dll
0x00007ffed1f20000 - 0x00007ffed1f2a000 	C:\WINDOWS\SYSTEM32\VERSION.dll
0x00007ffec37a0000 - 0x00007ffec37c7000 	C:\WINDOWS\SYSTEM32\WINMM.dll
0x00007ffeda970000 - 0x00007ffeda9db000 	C:\WINDOWS\System32\WS2_32.dll
0x00007ffed7630000 - 0x00007ffed7642000 	C:\WINDOWS\SYSTEM32\kernel.appcore.dll
0x00007ffed57b0000 - 0x00007ffed57ba000 	C:\Users\Second Droid\AppData\Local\Programs\Android Studio\jbr\bin\jimage.dll
0x00007ffed70c0000 - 0x00007ffed72a4000 	C:\WINDOWS\SYSTEM32\DBGHELP.DLL
0x00007ffec5180000 - 0x00007ffec51b4000 	C:\WINDOWS\SYSTEM32\dbgcore.DLL
0x00007ffed8bc0000 - 0x00007ffed8c42000 	C:\WINDOWS\System32\bcryptPrimitives.dll
0x00007ffed2db0000 - 0x00007ffed2dd5000 	C:\Users\Second Droid\AppData\Local\Programs\Android Studio\jbr\bin\java.dll
0x00007ffed5770000 - 0x00007ffed5788000 	C:\Users\Second Droid\AppData\Local\Programs\Android Studio\jbr\bin\zip.dll
0x00007ffed9640000 - 0x00007ffed9d84000 	C:\WINDOWS\System32\SHELL32.dll
0x00007ffed6920000 - 0x00007ffed70bb000 	C:\WINDOWS\SYSTEM32\windows.storage.dll
0x00007ffed9fd0000 - 0x00007ffeda324000 	C:\WINDOWS\System32\combase.dll
0x00007ffed85d0000 - 0x00007ffed85fd000 	C:\WINDOWS\SYSTEM32\Wldp.dll
0x00007ffed9eb0000 - 0x00007ffed9f5d000 	C:\WINDOWS\System32\SHCORE.dll
0x00007ffedab10000 - 0x00007ffedab65000 	C:\WINDOWS\System32\shlwapi.dll
0x00007ffed8ac0000 - 0x00007ffed8ae5000 	C:\WINDOWS\SYSTEM32\profapi.dll
0x00007ffeb2520000 - 0x00007ffeb2539000 	C:\Users\Second Droid\AppData\Local\Programs\Android Studio\jbr\bin\net.dll
0x00007ffecfa80000 - 0x00007ffecfb8a000 	C:\WINDOWS\SYSTEM32\WINHTTP.dll
0x00007ffed8330000 - 0x00007ffed839a000 	C:\WINDOWS\system32\mswsock.dll
0x00007ffeb2500000 - 0x00007ffeb2516000 	C:\Users\Second Droid\AppData\Local\Programs\Android Studio\jbr\bin\nio.dll
0x00007ffeb24f0000 - 0x00007ffeb2500000 	C:\Users\Second Droid\AppData\Local\Programs\Android Studio\jbr\bin\verify.dll
0x00007ffeb1e70000 - 0x00007ffeb1e97000 	C:\Users\Second Droid\.gradle\native\68d5fa5c4cc2d200863cafc0d521ce42e7d3e7ee720ec0a83991735586a16f82\windows-amd64\native-platform.dll
0x00007ffeb1d20000 - 0x00007ffeb1e64000 	C:\Users\Second Droid\.gradle\native\e376f236ea51e6404a007f0833ffe2c6e607c4080706a723a18a27aeea778392\windows-amd64\native-platform-file-events.dll
0x00007ffeb15b0000 - 0x00007ffeb15b9000 	C:\Users\Second Droid\AppData\Local\Programs\Android Studio\jbr\bin\management.dll
0x00007ffeadb20000 - 0x00007ffeadb2b000 	C:\Users\Second Droid\AppData\Local\Programs\Android Studio\jbr\bin\management_ext.dll
0x00007ffed9fc0000 - 0x00007ffed9fc8000 	C:\WINDOWS\System32\PSAPI.DLL
0x00007ffed8520000 - 0x00007ffed8538000 	C:\WINDOWS\SYSTEM32\CRYPTSP.dll
0x00007ffed7bd0000 - 0x00007ffed7c04000 	C:\WINDOWS\system32\rsaenh.dll
0x00007ffed8b90000 - 0x00007ffed8bb7000 	C:\WINDOWS\System32\bcrypt.dll
0x00007ffed8a40000 - 0x00007ffed8a6e000 	C:\WINDOWS\SYSTEM32\USERENV.dll
0x00007ffed8540000 - 0x00007ffed854c000 	C:\WINDOWS\SYSTEM32\CRYPTBASE.dll
0x00007ffed7fd0000 - 0x00007ffed800b000 	C:\WINDOWS\SYSTEM32\IPHLPAPI.DLL
0x00007ffeda870000 - 0x00007ffeda878000 	C:\WINDOWS\System32\NSI.dll
0x00007ffed0bc0000 - 0x00007ffed0bd7000 	C:\WINDOWS\SYSTEM32\dhcpcsvc6.DLL
0x00007ffed1ae0000 - 0x00007ffed1afd000 	C:\WINDOWS\SYSTEM32\dhcpcsvc.DLL
0x00007ffed8010000 - 0x00007ffed80da000 	C:\WINDOWS\SYSTEM32\DNSAPI.dll
0x00007ffeadb10000 - 0x00007ffeadb17000 	C:\WINDOWS\system32\wshunix.dll

dbghelp: loaded successfully - version: 4.0.5 - missing functions: none
symbol engine: initialized successfully - sym options: 0x614 - pdb path: .;C:\Users\Second Droid\AppData\Local\Programs\Android Studio\jbr\bin;C:\WINDOWS\SYSTEM32;C:\WINDOWS\WinSxS\amd64_microsoft.windows.common-controls_6595b64144ccf1df_6.0.19041.3570_none_60bb2a3971f3e41a;C:\Users\Second Droid\AppData\Local\Programs\Android Studio\jbr\bin\server;C:\Users\Second Droid\.gradle\native\68d5fa5c4cc2d200863cafc0d521ce42e7d3e7ee720ec0a83991735586a16f82\windows-amd64;C:\Users\Second Droid\.gradle\native\e376f236ea51e6404a007f0833ffe2c6e607c4080706a723a18a27aeea778392\windows-amd64

VM Arguments:
jvm_args: --add-opens=java.base/java.util=ALL-UNNAMED --add-opens=java.base/java.lang=ALL-UNNAMED --add-opens=java.base/java.lang.invoke=ALL-UNNAMED --add-opens=java.prefs/java.util.prefs=ALL-UNNAMED --add-opens=java.base/java.nio.charset=ALL-UNNAMED --add-opens=java.base/java.net=ALL-UNNAMED --add-opens=java.base/java.util.concurrent.atomic=ALL-UNNAMED -Xmx2048m -Dfile.encoding=UTF-8 -Duser.country=RU -Duser.language=ru -Duser.variant 
java_command: org.gradle.launcher.daemon.bootstrap.GradleDaemon 8.0
java_class_path (initial): C:\Users\Second Droid\.gradle\wrapper\dists\gradle-8.0-bin\ca5e32bp14vu59qr306oxotwh\gradle-8.0\lib\gradle-launcher-8.0.jar
Launcher Type: SUN_STANDARD

[Global flags]
     intx CICompilerCount                          = 4                                         {product} {ergonomic}
     uint ConcGCThreads                            = 2                                         {product} {ergonomic}
     uint G1ConcRefinementThreads                  = 8                                         {product} {ergonomic}
   size_t G1HeapRegionSize                         = 1048576                                   {product} {ergonomic}
    uintx GCDrainStackTargetSize                   = 64                                        {product} {ergonomic}
   size_t InitialHeapSize                          = 134217728                                 {product} {ergonomic}
   size_t MarkStackSize                            = 4194304                                   {product} {ergonomic}
   size_t MaxHeapSize                              = 2147483648                                {product} {command line}
   size_t MaxNewSize                               = 1287651328                                {product} {ergonomic}
   size_t MinHeapDeltaBytes                        = 1048576                                   {product} {ergonomic}
   size_t MinHeapSize                              = 8388608                                   {product} {ergonomic}
    uintx NonNMethodCodeHeapSize                   = 5839372                                {pd product} {ergonomic}
    uintx NonProfiledCodeHeapSize                  = 122909434                              {pd product} {ergonomic}
    uintx ProfiledCodeHeapSize                     = 122909434                              {pd product} {ergonomic}
    uintx ReservedCodeCacheSize                    = 251658240                              {pd product} {ergonomic}
     bool SegmentedCodeCache                       = true                                      {product} {ergonomic}
   size_t SoftMaxHeapSize                          = 2147483648                             {manageable} {ergonomic}
     bool UseCompressedClassPointers               = true                           {product lp64_product} {ergonomic}
     bool UseCompressedOops                        = true                           {product lp64_product} {ergonomic}
     bool UseG1GC                                  = true                                      {product} {ergonomic}
     bool UseLargePagesIndividualAllocation        = false                                  {pd product} {ergonomic}

Logging:
Log output configuration:
 #0: stdout all=warning uptime,level,tags
 #1: stderr all=off uptime,level,tags

Environment Variables:
JAVA_HOME=F:\JetBrainsTools\apps\AndroidStudio\ch-0\213.7172.25.2113.9014738\jre
CLASSPATH=F:\javalibs\
PATH=C:\WINDOWS\system32;C:\WINDOWS;C:\WINDOWS\System32\Wbem;C:\WINDOWS\System32\WindowsPowerShell\v1.0\;F:\JetBrainsTools\apps\AndroidStudio\ch-0\213.7172.25.2113.9014738\jre\bin;D:\Program Files\Git\cmd;C:\Users\tim20\AppData\Local\Programs\Python\Python38;:\flutter\bin\cache\dart-sdk\bin;C:\flutter\bin;C:\Users\Second Droid\AppData\Local\Microsoft\WindowsApps;C:\Users\Second Droid\AppData\Local\JetBrains\Toolbox\scripts;
USERNAME=Second Droid
OS=Windows_NT
PROCESSOR_IDENTIFIER=Intel64 Family 6 Model 142 Stepping 10, GenuineIntel
TMP=C:\Users\SECOND~1\AppData\Local\Temp
TEMP=C:\Users\SECOND~1\AppData\Local\Temp


JNI global refs:
JNI global refs: 26, weak refs: 37

JNI global refs memory usage: 843, weak refs: 841


---------------  S Y S T E M  ---------------

OS:
 Windows 10 , 64 bit Build 19041 (10.0.19041.3570)
OS uptime: 0 days 0:29 hours

CPU: total 8 (initial active 8) (4 cores per cpu, 2 threads per core) family 6 model 142 stepping 10 microcode 0xb4, cx8, cmov, fxsr, ht, mmx, 3dnowpref, sse, sse2, sse3, ssse3, sse4.1, sse4.2, popcnt, lzcnt, tsc, tscinvbit, avx, avx2, aes, erms, clmul, bmi1, bmi2, adx, fma, vzeroupper, clflush, clflushopt

Memory: 4k page, system-wide physical 8074M (693M free)
TotalPageFile size 8074M (AvailPageFile size 5M)
current process WorkingSet (physical memory assigned to process): 286M, peak: 286M
current process commit charge ("private bytes"): 322M, peak: 323M

vm_info: OpenJDK 64-Bit Server VM (17.0.6+0-b2043.56-10027231) for windows-amd64 JRE (17.0.6+0-b2043.56-10027231), built on Apr 28 2023 00:43:19 by "androidbuild" with MS VC++ 16.10 / 16.11 (VS2019)

END.
