#
# There is insufficient memory for the Java Runtime Environment to continue.
# Native memory allocation (malloc) failed to allocate 1465696 bytes for Chunk::new
# Possible reasons:
#   The system is out of physical RAM or swap space
#   The process is running with CompressedOops enabled, and the Java Heap may be blocking the growth of the native heap
# Possible solutions:
#   Reduce memory load on the system
#   Increase physical memory or swap space
#   Check if swap backing store is full
#   Decrease Java heap size (-Xmx/-Xms)
#   Decrease number of Java threads
#   Decrease Java thread stack sizes (-Xss)
#   Set larger code cache with -XX:ReservedCodeCacheSize=
#   JVM is running with Unscaled Compressed Oops mode in which the Java heap is
#     placed in the first 4GB address space. The Java Heap base address is the
#     maximum limit for the native heap growth. Please use -XX:HeapBaseMinAddress
#     to set the Java Heap base and to place the Java Heap above 4GB virtual address.
# This output file may be truncated or incomplete.
#
#  Out of Memory Error (arena.cpp:189), pid=7048, tid=7548
#
# JRE version: OpenJDK Runtime Environment (17.0.6) (build 17.0.6+0-b2043.56-10027231)
# Java VM: OpenJDK 64-Bit Server VM (17.0.6+0-b2043.56-10027231, mixed mode, tiered, compressed oops, compressed class ptrs, g1 gc, windows-amd64)
# No core dump will be written. Minidumps are not enabled by default on client versions of Windows
#

---------------  S U M M A R Y ------------

Command Line: --add-opens=java.base/java.util=ALL-UNNAMED --add-opens=java.base/java.lang=ALL-UNNAMED --add-opens=java.base/java.lang.invoke=ALL-UNNAMED --add-opens=java.prefs/java.util.prefs=ALL-UNNAMED --add-opens=java.base/java.nio.charset=ALL-UNNAMED --add-opens=java.base/java.net=ALL-UNNAMED --add-opens=java.base/java.util.concurrent.atomic=ALL-UNNAMED -Xmx2048m -Dfile.encoding=UTF-8 -Duser.country=RU -Duser.language=ru -Duser.variant -javaagent:C:\Users\Second Droid\.gradle\wrapper\dists\gradle-8.1-bin\2eyty4r6kz6fpakefpk52nbbm\gradle-8.1\lib\agents\gradle-instrumentation-agent-8.1.jar org.gradle.launcher.daemon.bootstrap.GradleDaemon 8.1

Host: Intel(R) Core(TM) i5-8250U CPU @ 1.60GHz, 8 cores, 7G,  Windows 10 , 64 bit Build 19041 (10.0.19041.3570)
Time: Fri Oct 27 11:25:36 2023 RTZ 6 (s 10 , 64 bit Build 19041 (10.0.19041.3570) elapsed time: 14.648648 seconds (0d 0h 0m 14s)

---------------  T H R E A D  ---------------

Current thread (0x0000024a3cbe37f0):  JavaThread "C2 CompilerThread2" daemon [_thread_in_native, id=7548, stack(0x0000005214d00000,0x0000005214e00000)]


Current CompileTask:
C2:  14648 4981       4       org.objectweb.asm.MethodVisitor::visitMethodInsn (80 bytes)

Stack: [0x0000005214d00000,0x0000005214e00000]
Native frames: (J=compiled Java code, j=interpreted, Vv=VM code, C=native code)
V  [jvm.dll+0x683c9a]
V  [jvm.dll+0x8427a4]
V  [jvm.dll+0x843f9e]
V  [jvm.dll+0x844603]
V  [jvm.dll+0x249b75]
V  [jvm.dll+0xabcac]
V  [jvm.dll+0xac27c]
V  [jvm.dll+0x2b0eef]
V  [jvm.dll+0x58a267]
V  [jvm.dll+0x2243b2]
V  [jvm.dll+0x22478f]
V  [jvm.dll+0x21e055]
V  [jvm.dll+0x21b51b]
V  [jvm.dll+0x1a4fdd]
V  [jvm.dll+0x22b098]
V  [jvm.dll+0x229159]
V  [jvm.dll+0x7f81ec]
V  [jvm.dll+0x7f274a]
V  [jvm.dll+0x682ad5]
C  [ucrtbase.dll+0x21bb2]
C  [KERNEL32.DLL+0x17344]
C  [ntdll.dll+0x526b1]


---------------  P R O C E S S  ---------------

Threads class SMR info:
_java_thread_list=0x0000024a3e828740, length=43, elements={
0x0000024a214fe960, 0x0000024a3b396610, 0x0000024a3bc01590, 0x0000024a3b3671c0,
0x0000024a3b367b80, 0x0000024a3b368440, 0x0000024a3b368d00, 0x0000024a3bc18a10,
0x0000024a3bc34e70, 0x0000024a3bc37780, 0x0000024a3bd0d1f0, 0x0000024a3bed3010,
0x0000024a3d7bb4a0, 0x0000024a3e799f30, 0x0000024a3d79ab50, 0x0000024a3d785020,
0x0000024a3ede4db0, 0x0000024a3e550fc0, 0x0000024a3e550af0, 0x0000024a3e552300,
0x0000024a3e553170, 0x0000024a3e5527d0, 0x0000024a3e54f7b0, 0x0000024a3e550620,
0x0000024a3e552ca0, 0x0000024a3e551960, 0x0000024a3e54fc80, 0x0000024a3e550150,
0x0000024a3e551e30, 0x0000024a3bfbc580, 0x0000024a3bfbcf20, 0x0000024a3bfba8a0,
0x0000024a3bfb7880, 0x0000024a3bfbd8c0, 0x0000024a3bfbad70, 0x0000024a3bfbb240,
0x0000024a3bfbf0d0, 0x0000024a3bfb7d50, 0x0000024a3bfbe730, 0x0000024a3bfb9f00,
0x0000024a3bfb8220, 0x0000024a3f35ac40, 0x0000024a3cbe37f0
}

Java Threads: ( => current thread )
  0x0000024a214fe960 JavaThread "main" [_thread_blocked, id=12344, stack(0x0000005211400000,0x0000005211500000)]
  0x0000024a3b396610 JavaThread "Reference Handler" daemon [_thread_blocked, id=11140, stack(0x0000005211b00000,0x0000005211c00000)]
  0x0000024a3bc01590 JavaThread "Finalizer" daemon [_thread_blocked, id=10964, stack(0x0000005211c00000,0x0000005211d00000)]
  0x0000024a3b3671c0 JavaThread "Signal Dispatcher" daemon [_thread_blocked, id=14244, stack(0x0000005211d00000,0x0000005211e00000)]
  0x0000024a3b367b80 JavaThread "Attach Listener" daemon [_thread_blocked, id=5776, stack(0x0000005211e00000,0x0000005211f00000)]
  0x0000024a3b368440 JavaThread "Service Thread" daemon [_thread_blocked, id=10804, stack(0x0000005211f00000,0x0000005212000000)]
  0x0000024a3b368d00 JavaThread "Monitor Deflation Thread" daemon [_thread_blocked, id=9816, stack(0x0000005212000000,0x0000005212100000)]
  0x0000024a3bc18a10 JavaThread "C2 CompilerThread0" daemon [_thread_in_native, id=17308, stack(0x0000005212100000,0x0000005212200000)]
  0x0000024a3bc34e70 JavaThread "C1 CompilerThread0" daemon [_thread_blocked, id=6264, stack(0x0000005212200000,0x0000005212300000)]
  0x0000024a3bc37780 JavaThread "Sweeper thread" daemon [_thread_blocked, id=3988, stack(0x0000005212300000,0x0000005212400000)]
  0x0000024a3bd0d1f0 JavaThread "Common-Cleaner" daemon [_thread_blocked, id=6876, stack(0x0000005212400000,0x0000005212500000)]
  0x0000024a3bed3010 JavaThread "Notification Thread" daemon [_thread_blocked, id=14168, stack(0x0000005212500000,0x0000005212600000)]
  0x0000024a3d7bb4a0 JavaThread "Daemon health stats" [_thread_blocked, id=1308, stack(0x0000005212d00000,0x0000005212e00000)]
  0x0000024a3e799f30 JavaThread "Incoming local TCP Connector on port 60739" [_thread_in_native, id=2800, stack(0x0000005212e00000,0x0000005212f00000)]
  0x0000024a3d79ab50 JavaThread "Daemon periodic checks" [_thread_blocked, id=17472, stack(0x0000005212f00000,0x0000005213000000)]
  0x0000024a3d785020 JavaThread "Daemon" [_thread_blocked, id=11124, stack(0x0000005213000000,0x0000005213100000)]
  0x0000024a3ede4db0 JavaThread "Handler for socket connection from /127.0.0.1:60739 to /127.0.0.1:60740" [_thread_in_native, id=16092, stack(0x0000005213100000,0x0000005213200000)]
  0x0000024a3e550fc0 JavaThread "Cancel handler" [_thread_blocked, id=14760, stack(0x0000005213200000,0x0000005213300000)]
  0x0000024a3e550af0 JavaThread "Daemon worker" [_thread_blocked, id=7448, stack(0x0000005213300000,0x0000005213400000)]
  0x0000024a3e552300 JavaThread "Asynchronous log dispatcher for DefaultDaemonConnection: socket connection from /127.0.0.1:60739 to /127.0.0.1:60740" [_thread_blocked, id=15280, stack(0x0000005213400000,0x0000005213500000)]
  0x0000024a3e553170 JavaThread "Stdin handler" [_thread_blocked, id=13604, stack(0x0000005213500000,0x0000005213600000)]
  0x0000024a3e5527d0 JavaThread "Daemon client event forwarder" [_thread_blocked, id=9356, stack(0x0000005213600000,0x0000005213700000)]
  0x0000024a3e54f7b0 JavaThread "Cache worker for journal cache (C:\Users\Second Droid\.gradle\caches\journal-1)" [_thread_blocked, id=10348, stack(0x0000005213900000,0x0000005213a00000)]
  0x0000024a3e550620 JavaThread "File lock request listener" [_thread_in_native, id=8036, stack(0x0000005213a00000,0x0000005213b00000)]
  0x0000024a3e552ca0 JavaThread "Cache worker for file hash cache (C:\Users\Second Droid\.gradle\caches\8.1\fileHashes)" [_thread_blocked, id=7664, stack(0x0000005213b00000,0x0000005213c00000)]
  0x0000024a3e551960 JavaThread "File watcher server" daemon [_thread_in_native, id=1756, stack(0x0000005213c00000,0x0000005213d00000)]
  0x0000024a3e54fc80 JavaThread "File watcher consumer" daemon [_thread_blocked, id=14688, stack(0x0000005213d00000,0x0000005213e00000)]
  0x0000024a3e550150 JavaThread "jar transforms" [_thread_blocked, id=15836, stack(0x0000005213e00000,0x0000005213f00000)]
  0x0000024a3e551e30 JavaThread "jar transforms Thread 2" [_thread_in_native, id=11460, stack(0x0000005213f00000,0x0000005214000000)]
  0x0000024a3bfbc580 JavaThread "jar transforms Thread 3" [_thread_blocked, id=18356, stack(0x0000005214000000,0x0000005214100000)]
  0x0000024a3bfbcf20 JavaThread "jar transforms Thread 4" [_thread_blocked, id=6564, stack(0x0000005214100000,0x0000005214200000)]
  0x0000024a3bfba8a0 JavaThread "jar transforms Thread 5" [_thread_blocked, id=1788, stack(0x0000005214200000,0x0000005214300000)]
  0x0000024a3bfb7880 JavaThread "jar transforms Thread 6" [_thread_blocked, id=9484, stack(0x0000005214300000,0x0000005214400000)]
  0x0000024a3bfbd8c0 JavaThread "jar transforms Thread 7" [_thread_blocked, id=10860, stack(0x0000005214400000,0x0000005214500000)]
  0x0000024a3bfbad70 JavaThread "jar transforms Thread 8" [_thread_blocked, id=6756, stack(0x0000005214500000,0x0000005214600000)]
  0x0000024a3bfbb240 JavaThread "Cache worker for checksums cache (D:\AndroidStudioProjects\Recipes\.gradle\8.1\checksums)" [_thread_blocked, id=14836, stack(0x0000005214700000,0x0000005214800000)]
  0x0000024a3bfbf0d0 JavaThread "Cache worker for cache directory md-rule (C:\Users\Second Droid\.gradle\caches\8.1\md-rule)" [_thread_blocked, id=716, stack(0x0000005214600000,0x0000005214700000)]
  0x0000024a3bfb7d50 JavaThread "Cache worker for file content cache (C:\Users\Second Droid\.gradle\caches\8.1\fileContent)" [_thread_blocked, id=9740, stack(0x0000005214800000,0x0000005214900000)]
  0x0000024a3bfbe730 JavaThread "Cache worker for file hash cache (D:\AndroidStudioProjects\Recipes\.gradle\8.1\fileHashes)" [_thread_blocked, id=16348, stack(0x0000005214900000,0x0000005214a00000)]
  0x0000024a3bfb9f00 JavaThread "Cache worker for cache directory md-supplier (C:\Users\Second Droid\.gradle\caches\8.1\md-supplier)" [_thread_blocked, id=18268, stack(0x0000005214a00000,0x0000005214b00000)]
  0x0000024a3bfb8220 JavaThread "Cache worker for execution history cache (C:\Users\Second Droid\.gradle\caches\8.1\executionHistory)" [_thread_blocked, id=18276, stack(0x0000005214b00000,0x0000005214c00000)]
  0x0000024a3f35ac40 JavaThread "C2 CompilerThread1" daemon [_thread_in_native, id=11176, stack(0x0000005214c00000,0x0000005214d00000)]
=>0x0000024a3cbe37f0 JavaThread "C2 CompilerThread2" daemon [_thread_in_native, id=7548, stack(0x0000005214d00000,0x0000005214e00000)]

Other Threads:
  0x0000024a3b382c50 VMThread "VM Thread" [stack: 0x0000005211a00000,0x0000005211b00000] [id=8296]
  0x0000024a214ff820 WatcherThread [stack: 0x0000005212600000,0x0000005212700000] [id=17616]
  0x0000024a21559b30 GCTaskThread "GC Thread#0" [stack: 0x0000005211500000,0x0000005211600000] [id=5852]
  0x0000024a3cba8520 GCTaskThread "GC Thread#1" [stack: 0x0000005212700000,0x0000005212800000] [id=8856]
  0x0000024a3cba87d0 GCTaskThread "GC Thread#2" [stack: 0x0000005212800000,0x0000005212900000] [id=17312]
  0x0000024a3c748cc0 GCTaskThread "GC Thread#3" [stack: 0x0000005212900000,0x0000005212a00000] [id=17096]
  0x0000024a3c738b60 GCTaskThread "GC Thread#4" [stack: 0x0000005212a00000,0x0000005212b00000] [id=9616]
  0x0000024a3cd46850 GCTaskThread "GC Thread#5" [stack: 0x0000005212b00000,0x0000005212c00000] [id=8172]
  0x0000024a3f393d10 GCTaskThread "GC Thread#6" [stack: 0x0000005212c00000,0x0000005212d00000] [id=17904]
  0x0000024a3efde800 GCTaskThread "GC Thread#7" [stack: 0x0000005213700000,0x0000005213800000] [id=9028]
  0x0000024a2156a980 ConcurrentGCThread "G1 Main Marker" [stack: 0x0000005211600000,0x0000005211700000] [id=13644]
  0x0000024a2156ba40 ConcurrentGCThread "G1 Conc#0" [stack: 0x0000005211700000,0x0000005211800000] [id=11440]
  0x0000024a3f87fc10 ConcurrentGCThread "G1 Conc#1" [stack: 0x0000005213800000,0x0000005213900000] [id=7528]
  0x0000024a215ce9f0 ConcurrentGCThread "G1 Refine#0" [stack: 0x0000005211800000,0x0000005211900000] [id=12656]
  0x0000024a3b1c84d0 ConcurrentGCThread "G1 Service" [stack: 0x0000005211900000,0x0000005211a00000] [id=7140]

Threads with active compile tasks:
C2 CompilerThread0    14677 4976 %     4       org.objectweb.asm.ClassReader::readCode @ 92 (5109 bytes)
C2 CompilerThread1    14677 5326       4       org.gradle.internal.classpath.InstrumentingBackwardsCompatibilityVisitor$BackwardCompatibilityMethodVisitor::visitMethodInsn (26 bytes)
C2 CompilerThread2    14677 4981       4       org.objectweb.asm.MethodVisitor::visitMethodInsn (80 bytes)

VM state: not at safepoint (normal execution)

VM Mutex/Monitor currently owned by a thread: None

Heap address: 0x0000000080000000, size: 2048 MB, Compressed Oops mode: 32-bit

CDS archive(s) not mapped
Compressed class space mapped at: 0x0000000100000000-0x0000000140000000, reserved size: 1073741824
Narrow klass base: 0x0000000000000000, Narrow klass shift: 3, Narrow klass range: 0x140000000

GC Precious Log:
 CPUs: 8 total, 8 available
 Memory: 8074M
 Large Page Support: Disabled
 NUMA Support: Disabled
 Compressed Oops: Enabled (32-bit)
 Heap Region Size: 1M
 Heap Min Capacity: 8M
 Heap Initial Capacity: 128M
 Heap Max Capacity: 2G
 Pre-touch: Disabled
 Parallel Workers: 8
 Concurrent Workers: 2
 Concurrent Refinement Workers: 8
 Periodic GC: Disabled

Heap:
 garbage-first heap   total 126976K, used 79975K [0x0000000080000000, 0x0000000100000000)
  region size 1024K, 14 young (14336K), 4 survivors (4096K)
 Metaspace       used 52977K, committed 53376K, reserved 1097728K
  class space    used 7068K, committed 7232K, reserved 1048576K

Heap Regions: E=young(eden), S=young(survivor), O=old, HS=humongous(starts), HC=humongous(continues), CS=collection set, F=free, OA=open archive, CA=closed archive, TAMS=top-at-mark-start (previous, next)
|   0|0x0000000080000000, 0x0000000080100000, 0x0000000080100000|100%|HS|  |TAMS 0x0000000080100000, 0x0000000080000000| Complete 
|   1|0x0000000080100000, 0x0000000080200000, 0x0000000080200000|100%|HC|  |TAMS 0x0000000080200000, 0x0000000080100000| Complete 
|   2|0x0000000080200000, 0x0000000080300000, 0x0000000080300000|100%|HC|  |TAMS 0x0000000080300000, 0x0000000080200000| Complete 
|   3|0x0000000080300000, 0x0000000080400000, 0x0000000080400000|100%|HC|  |TAMS 0x0000000080400000, 0x0000000080300000| Complete 
|   4|0x0000000080400000, 0x0000000080500000, 0x0000000080500000|100%| O|  |TAMS 0x0000000080500000, 0x0000000080400000| Untracked 
|   5|0x0000000080500000, 0x0000000080600000, 0x0000000080600000|100%| O|  |TAMS 0x0000000080600000, 0x0000000080500000| Untracked 
|   6|0x0000000080600000, 0x0000000080700000, 0x0000000080700000|100%| O|  |TAMS 0x0000000080700000, 0x0000000080600000| Untracked 
|   7|0x0000000080700000, 0x0000000080800000, 0x0000000080800000|100%| O|  |TAMS 0x0000000080800000, 0x0000000080700000| Untracked 
|   8|0x0000000080800000, 0x0000000080900000, 0x0000000080900000|100%| O|  |TAMS 0x0000000080900000, 0x0000000080800000| Untracked 
|   9|0x0000000080900000, 0x0000000080a00000, 0x0000000080a00000|100%| O|  |TAMS 0x0000000080a00000, 0x0000000080900000| Untracked 
|  10|0x0000000080a00000, 0x0000000080b00000, 0x0000000080b00000|100%|HS|  |TAMS 0x0000000080b00000, 0x0000000080a00000| Complete 
|  11|0x0000000080b00000, 0x0000000080c00000, 0x0000000080c00000|100%| O|  |TAMS 0x0000000080c00000, 0x0000000080b00000| Untracked 
|  12|0x0000000080c00000, 0x0000000080d00000, 0x0000000080d00000|100%| O|  |TAMS 0x0000000080d00000, 0x0000000080c00000| Untracked 
|  13|0x0000000080d00000, 0x0000000080e00000, 0x0000000080e00000|100%| O|  |TAMS 0x0000000080e00000, 0x0000000080d00000| Untracked 
|  14|0x0000000080e00000, 0x0000000080f00000, 0x0000000080f00000|100%| O|  |TAMS 0x0000000080f00000, 0x0000000080e00000| Untracked 
|  15|0x0000000080f00000, 0x0000000081000000, 0x0000000081000000|100%| O|  |TAMS 0x0000000081000000, 0x0000000080f00000| Untracked 
|  16|0x0000000081000000, 0x0000000081100000, 0x0000000081100000|100%| O|  |TAMS 0x0000000081100000, 0x0000000081000000| Untracked 
|  17|0x0000000081100000, 0x0000000081200000, 0x0000000081200000|100%| O|  |TAMS 0x0000000081200000, 0x0000000081100000| Untracked 
|  18|0x0000000081200000, 0x0000000081300000, 0x0000000081300000|100%| O|  |TAMS 0x0000000081300000, 0x0000000081200000| Untracked 
|  19|0x0000000081300000, 0x0000000081400000, 0x0000000081400000|100%|HS|  |TAMS 0x0000000081400000, 0x0000000081300000| Complete 
|  20|0x0000000081400000, 0x0000000081500000, 0x0000000081500000|100%|HC|  |TAMS 0x0000000081500000, 0x0000000081400000| Complete 
|  21|0x0000000081500000, 0x0000000081600000, 0x0000000081600000|100%|HS|  |TAMS 0x0000000081600000, 0x0000000081500000| Complete 
|  22|0x0000000081600000, 0x0000000081700000, 0x0000000081700000|100%|HC|  |TAMS 0x0000000081700000, 0x0000000081600000| Complete 
|  23|0x0000000081700000, 0x0000000081800000, 0x0000000081800000|100%|HC|  |TAMS 0x0000000081800000, 0x0000000081700000| Complete 
|  24|0x0000000081800000, 0x0000000081900000, 0x0000000081900000|100%| O|  |TAMS 0x0000000081900000, 0x0000000081800000| Untracked 
|  25|0x0000000081900000, 0x0000000081a00000, 0x0000000081a00000|100%| O|  |TAMS 0x0000000081a00000, 0x0000000081900000| Untracked 
|  26|0x0000000081a00000, 0x0000000081b00000, 0x0000000081b00000|100%| O|  |TAMS 0x0000000081b00000, 0x0000000081a00000| Untracked 
|  27|0x0000000081b00000, 0x0000000081c00000, 0x0000000081c00000|100%| O|  |TAMS 0x0000000081c00000, 0x0000000081b00000| Untracked 
|  28|0x0000000081c00000, 0x0000000081d00000, 0x0000000081d00000|100%|HS|  |TAMS 0x0000000081d00000, 0x0000000081c00000| Complete 
|  29|0x0000000081d00000, 0x0000000081e00000, 0x0000000081e00000|100%|HC|  |TAMS 0x0000000081e00000, 0x0000000081d00000| Complete 
|  30|0x0000000081e00000, 0x0000000081f00000, 0x0000000081f00000|100%|HC|  |TAMS 0x0000000081f00000, 0x0000000081e00000| Complete 
|  31|0x0000000081f00000, 0x0000000082000000, 0x0000000082000000|100%| O|  |TAMS 0x0000000082000000, 0x0000000081f00000| Untracked 
|  32|0x0000000082000000, 0x0000000082100000, 0x0000000082100000|100%| O|  |TAMS 0x0000000082100000, 0x0000000082000000| Untracked 
|  33|0x0000000082100000, 0x0000000082200000, 0x0000000082200000|100%|HS|  |TAMS 0x0000000082200000, 0x0000000082100000| Complete 
|  34|0x0000000082200000, 0x0000000082300000, 0x0000000082300000|100%|HC|  |TAMS 0x0000000082300000, 0x0000000082200000| Complete 
|  35|0x0000000082300000, 0x0000000082400000, 0x0000000082400000|100%|HC|  |TAMS 0x0000000082400000, 0x0000000082300000| Complete 
|  36|0x0000000082400000, 0x0000000082500000, 0x0000000082500000|100%|HC|  |TAMS 0x0000000082500000, 0x0000000082400000| Complete 
|  37|0x0000000082500000, 0x0000000082600000, 0x0000000082600000|100%|HC|  |TAMS 0x0000000082600000, 0x0000000082500000| Complete 
|  38|0x0000000082600000, 0x0000000082700000, 0x0000000082700000|100%|HC|  |TAMS 0x0000000082700000, 0x0000000082600000| Complete 
|  39|0x0000000082700000, 0x0000000082800000, 0x0000000082800000|100%|HC|  |TAMS 0x0000000082800000, 0x0000000082700000| Complete 
|  40|0x0000000082800000, 0x0000000082900000, 0x0000000082900000|100%|HC|  |TAMS 0x0000000082900000, 0x0000000082800000| Complete 
|  41|0x0000000082900000, 0x0000000082a00000, 0x0000000082a00000|100%|HC|  |TAMS 0x0000000082a00000, 0x0000000082900000| Complete 
|  42|0x0000000082a00000, 0x0000000082b00000, 0x0000000082b00000|100%|HC|  |TAMS 0x0000000082b00000, 0x0000000082a00000| Complete 
|  43|0x0000000082b00000, 0x0000000082c00000, 0x0000000082c00000|100%|HC|  |TAMS 0x0000000082c00000, 0x0000000082b00000| Complete 
|  44|0x0000000082c00000, 0x0000000082d00000, 0x0000000082d00000|100%|HC|  |TAMS 0x0000000082d00000, 0x0000000082c00000| Complete 
|  45|0x0000000082d00000, 0x0000000082e00000, 0x0000000082e00000|100%|HS|  |TAMS 0x0000000082e00000, 0x0000000082d00000| Complete 
|  46|0x0000000082e00000, 0x0000000082f00000, 0x0000000082f00000|100%|HC|  |TAMS 0x0000000082f00000, 0x0000000082e00000| Complete 
|  47|0x0000000082f00000, 0x0000000083000000, 0x0000000083000000|100%| O|  |TAMS 0x0000000083000000, 0x0000000082f00000| Untracked 
|  48|0x0000000083000000, 0x0000000083100000, 0x0000000083100000|100%| O|  |TAMS 0x0000000083100000, 0x0000000083000000| Untracked 
|  49|0x0000000083100000, 0x0000000083200000, 0x0000000083200000|100%| O|  |TAMS 0x0000000083200000, 0x0000000083100000| Untracked 
|  50|0x0000000083200000, 0x0000000083300000, 0x0000000083300000|100%| O|  |TAMS 0x0000000083300000, 0x0000000083200000| Untracked 
|  51|0x0000000083300000, 0x0000000083400000, 0x0000000083400000|100%| O|  |TAMS 0x0000000083400000, 0x0000000083300000| Untracked 
|  52|0x0000000083400000, 0x0000000083500000, 0x0000000083500000|100%| O|  |TAMS 0x0000000083500000, 0x0000000083400000| Untracked 
|  53|0x0000000083500000, 0x0000000083600000, 0x0000000083600000|100%| O|  |TAMS 0x0000000083600000, 0x0000000083500000| Untracked 
|  54|0x0000000083600000, 0x0000000083700000, 0x0000000083700000|100%| O|  |TAMS 0x0000000083700000, 0x0000000083600000| Untracked 
|  55|0x0000000083700000, 0x0000000083800000, 0x0000000083800000|100%| O|  |TAMS 0x0000000083800000, 0x0000000083700000| Untracked 
|  56|0x0000000083800000, 0x0000000083900000, 0x0000000083900000|100%| O|  |TAMS 0x0000000083900000, 0x0000000083800000| Untracked 
|  57|0x0000000083900000, 0x0000000083a00000, 0x0000000083a00000|100%|HS|  |TAMS 0x0000000083a00000, 0x0000000083900000| Complete 
|  58|0x0000000083a00000, 0x0000000083b00000, 0x0000000083b00000|100%|HC|  |TAMS 0x0000000083b00000, 0x0000000083a00000| Complete 
|  59|0x0000000083b00000, 0x0000000083c00000, 0x0000000083c00000|100%|HC|  |TAMS 0x0000000083c00000, 0x0000000083b00000| Complete 
|  60|0x0000000083c00000, 0x0000000083d00000, 0x0000000083d00000|100%| O|  |TAMS 0x0000000083d00000, 0x0000000083c00000| Untracked 
|  61|0x0000000083d00000, 0x0000000083e00000, 0x0000000083e00000|100%| O|  |TAMS 0x0000000083e00000, 0x0000000083d00000| Untracked 
|  62|0x0000000083e00000, 0x0000000083f00000, 0x0000000083f00000|100%| O|  |TAMS 0x0000000083f00000, 0x0000000083e00000| Untracked 
|  63|0x0000000083f00000, 0x0000000084000000, 0x0000000084000000|100%| O|  |TAMS 0x0000000084000000, 0x0000000083f00000| Untracked 
|  64|0x0000000084000000, 0x00000000840e3000, 0x0000000084100000| 88%| O|  |TAMS 0x00000000840e3000, 0x0000000084000000| Untracked 
|  65|0x0000000084100000, 0x0000000084200000, 0x0000000084200000|100%|HS|  |TAMS 0x0000000084100000, 0x0000000084100000| Complete 
|  66|0x0000000084200000, 0x0000000084200000, 0x0000000084300000|  0%| F|  |TAMS 0x0000000084200000, 0x0000000084200000| Untracked 
|  67|0x0000000084300000, 0x0000000084300000, 0x0000000084400000|  0%| F|  |TAMS 0x0000000084300000, 0x0000000084300000| Untracked 
|  68|0x0000000084400000, 0x0000000084400000, 0x0000000084500000|  0%| F|  |TAMS 0x0000000084400000, 0x0000000084400000| Untracked 
|  69|0x0000000084500000, 0x0000000084500000, 0x0000000084600000|  0%| F|  |TAMS 0x0000000084500000, 0x0000000084500000| Untracked 
|  70|0x0000000084600000, 0x0000000084600000, 0x0000000084700000|  0%| F|  |TAMS 0x0000000084600000, 0x0000000084600000| Untracked 
|  71|0x0000000084700000, 0x0000000084700000, 0x0000000084800000|  0%| F|  |TAMS 0x0000000084700000, 0x0000000084700000| Untracked 
|  72|0x0000000084800000, 0x0000000084800000, 0x0000000084900000|  0%| F|  |TAMS 0x0000000084800000, 0x0000000084800000| Untracked 
|  73|0x0000000084900000, 0x0000000084900000, 0x0000000084a00000|  0%| F|  |TAMS 0x0000000084900000, 0x0000000084900000| Untracked 
|  74|0x0000000084a00000, 0x0000000084a00000, 0x0000000084b00000|  0%| F|  |TAMS 0x0000000084a00000, 0x0000000084a00000| Untracked 
|  75|0x0000000084b00000, 0x0000000084b00000, 0x0000000084c00000|  0%| F|  |TAMS 0x0000000084b00000, 0x0000000084b00000| Untracked 
|  76|0x0000000084c00000, 0x0000000084c00000, 0x0000000084d00000|  0%| F|  |TAMS 0x0000000084c00000, 0x0000000084c00000| Untracked 
|  77|0x0000000084d00000, 0x0000000084d00000, 0x0000000084e00000|  0%| F|  |TAMS 0x0000000084d00000, 0x0000000084d00000| Untracked 
|  78|0x0000000084e00000, 0x0000000084e00000, 0x0000000084f00000|  0%| F|  |TAMS 0x0000000084e00000, 0x0000000084e00000| Untracked 
|  79|0x0000000084f00000, 0x0000000084f00000, 0x0000000085000000|  0%| F|  |TAMS 0x0000000084f00000, 0x0000000084f00000| Untracked 
|  80|0x0000000085000000, 0x0000000085000000, 0x0000000085100000|  0%| F|  |TAMS 0x0000000085000000, 0x0000000085000000| Untracked 
|  81|0x0000000085100000, 0x0000000085100000, 0x0000000085200000|  0%| F|  |TAMS 0x0000000085100000, 0x0000000085100000| Untracked 
|  82|0x0000000085200000, 0x0000000085200000, 0x0000000085300000|  0%| F|  |TAMS 0x0000000085200000, 0x0000000085200000| Untracked 
|  83|0x0000000085300000, 0x0000000085300000, 0x0000000085400000|  0%| F|  |TAMS 0x0000000085300000, 0x0000000085300000| Untracked 
|  84|0x0000000085400000, 0x0000000085400000, 0x0000000085500000|  0%| F|  |TAMS 0x0000000085400000, 0x0000000085400000| Untracked 
|  85|0x0000000085500000, 0x0000000085500000, 0x0000000085600000|  0%| F|  |TAMS 0x0000000085500000, 0x0000000085500000| Untracked 
|  86|0x0000000085600000, 0x0000000085600000, 0x0000000085700000|  0%| F|  |TAMS 0x0000000085600000, 0x0000000085600000| Untracked 
|  87|0x0000000085700000, 0x0000000085700000, 0x0000000085800000|  0%| F|  |TAMS 0x0000000085700000, 0x0000000085700000| Untracked 
|  88|0x0000000085800000, 0x0000000085800000, 0x0000000085900000|  0%| F|  |TAMS 0x0000000085800000, 0x0000000085800000| Untracked 
|  89|0x0000000085900000, 0x0000000085900000, 0x0000000085a00000|  0%| F|  |TAMS 0x0000000085900000, 0x0000000085900000| Untracked 
|  90|0x0000000085a00000, 0x0000000085a00000, 0x0000000085b00000|  0%| F|  |TAMS 0x0000000085a00000, 0x0000000085a00000| Untracked 
|  91|0x0000000085b00000, 0x0000000085b00000, 0x0000000085c00000|  0%| F|  |TAMS 0x0000000085b00000, 0x0000000085b00000| Untracked 
|  92|0x0000000085c00000, 0x0000000085c00000, 0x0000000085d00000|  0%| F|  |TAMS 0x0000000085c00000, 0x0000000085c00000| Untracked 
|  93|0x0000000085d00000, 0x0000000085d00000, 0x0000000085e00000|  0%| F|  |TAMS 0x0000000085d00000, 0x0000000085d00000| Untracked 
|  94|0x0000000085e00000, 0x0000000085e00000, 0x0000000085f00000|  0%| F|  |TAMS 0x0000000085e00000, 0x0000000085e00000| Untracked 
|  95|0x0000000085f00000, 0x0000000085f00000, 0x0000000086000000|  0%| F|  |TAMS 0x0000000085f00000, 0x0000000085f00000| Untracked 
|  96|0x0000000086000000, 0x0000000086000000, 0x0000000086100000|  0%| F|  |TAMS 0x0000000086000000, 0x0000000086000000| Untracked 
|  97|0x0000000086100000, 0x0000000086100000, 0x0000000086200000|  0%| F|  |TAMS 0x0000000086100000, 0x0000000086100000| Untracked 
|  98|0x0000000086200000, 0x0000000086236d30, 0x0000000086300000| 21%| S|CS|TAMS 0x0000000086200000, 0x0000000086200000| Complete 
|  99|0x0000000086300000, 0x0000000086400000, 0x0000000086400000|100%| S|CS|TAMS 0x0000000086300000, 0x0000000086300000| Complete 
| 100|0x0000000086400000, 0x0000000086500000, 0x0000000086500000|100%| S|CS|TAMS 0x0000000086400000, 0x0000000086400000| Complete 
| 101|0x0000000086500000, 0x0000000086600000, 0x0000000086600000|100%| S|CS|TAMS 0x0000000086500000, 0x0000000086500000| Complete 
| 102|0x0000000086600000, 0x0000000086600000, 0x0000000086700000|  0%| F|  |TAMS 0x0000000086600000, 0x0000000086600000| Untracked 
| 103|0x0000000086700000, 0x0000000086700000, 0x0000000086800000|  0%| F|  |TAMS 0x0000000086700000, 0x0000000086700000| Untracked 
| 104|0x0000000086800000, 0x0000000086800000, 0x0000000086900000|  0%| F|  |TAMS 0x0000000086800000, 0x0000000086800000| Untracked 
| 105|0x0000000086900000, 0x0000000086900000, 0x0000000086a00000|  0%| F|  |TAMS 0x0000000086900000, 0x0000000086900000| Untracked 
| 106|0x0000000086a00000, 0x0000000086a00000, 0x0000000086b00000|  0%| F|  |TAMS 0x0000000086a00000, 0x0000000086a00000| Untracked 
| 107|0x0000000086b00000, 0x0000000086b00000, 0x0000000086c00000|  0%| F|  |TAMS 0x0000000086b00000, 0x0000000086b00000| Untracked 
| 108|0x0000000086c00000, 0x0000000086c00000, 0x0000000086d00000|  0%| F|  |TAMS 0x0000000086c00000, 0x0000000086c00000| Untracked 
| 109|0x0000000086d00000, 0x0000000086d00000, 0x0000000086e00000|  0%| F|  |TAMS 0x0000000086d00000, 0x0000000086d00000| Untracked 
| 110|0x0000000086e00000, 0x0000000086e00000, 0x0000000086f00000|  0%| F|  |TAMS 0x0000000086e00000, 0x0000000086e00000| Untracked 
| 111|0x0000000086f00000, 0x0000000086f00000, 0x0000000087000000|  0%| F|  |TAMS 0x0000000086f00000, 0x0000000086f00000| Untracked 
| 112|0x0000000087000000, 0x0000000087000000, 0x0000000087100000|  0%| F|  |TAMS 0x0000000087000000, 0x0000000087000000| Untracked 
| 113|0x0000000087100000, 0x0000000087200000, 0x0000000087200000|100%| E|CS|TAMS 0x0000000087100000, 0x0000000087100000| Complete 
| 114|0x0000000087200000, 0x0000000087300000, 0x0000000087300000|100%| E|CS|TAMS 0x0000000087200000, 0x0000000087200000| Complete 
| 115|0x0000000087300000, 0x0000000087400000, 0x0000000087400000|100%| E|CS|TAMS 0x0000000087300000, 0x0000000087300000| Complete 
| 116|0x0000000087400000, 0x00000000874439f8, 0x0000000087500000| 26%| E|  |TAMS 0x0000000087400000, 0x0000000087400000| Complete 
| 117|0x0000000087500000, 0x0000000087600000, 0x0000000087600000|100%| E|CS|TAMS 0x0000000087500000, 0x0000000087500000| Complete 
| 118|0x0000000087600000, 0x0000000087700000, 0x0000000087700000|100%| E|CS|TAMS 0x0000000087600000, 0x0000000087600000| Complete 
| 119|0x0000000087700000, 0x0000000087800000, 0x0000000087800000|100%| E|CS|TAMS 0x0000000087700000, 0x0000000087700000| Complete 
| 120|0x0000000087800000, 0x0000000087900000, 0x0000000087900000|100%| E|CS|TAMS 0x0000000087800000, 0x0000000087800000| Complete 
| 121|0x0000000087900000, 0x0000000087a00000, 0x0000000087a00000|100%| E|CS|TAMS 0x0000000087900000, 0x0000000087900000| Complete 
| 122|0x0000000087a00000, 0x0000000087b00000, 0x0000000087b00000|100%| E|CS|TAMS 0x0000000087a00000, 0x0000000087a00000| Complete 
| 127|0x0000000087f00000, 0x0000000088000000, 0x0000000088000000|100%| E|CS|TAMS 0x0000000087f00000, 0x0000000087f00000| Complete 

Card table byte_map: [0x0000024a34100000,0x0000024a34500000] _byte_map_base: 0x0000024a33d00000

Marking Bits (Prev, Next): (CMBitMap*) 0x0000024a2155a090, (CMBitMap*) 0x0000024a2155a050
 Prev Bits: [0x0000024a36900000, 0x0000024a38900000)
 Next Bits: [0x0000024a34900000, 0x0000024a36900000)

Polling page: 0x0000024a1f430000

Metaspace:

Usage:
  Non-class:     44.83 MB used.
      Class:      6.90 MB used.
       Both:     51.74 MB used.

Virtual space:
  Non-class space:       48.00 MB reserved,      45.06 MB ( 94%) committed,  6 nodes.
      Class space:        1.00 GB reserved,       7.06 MB ( <1%) committed,  1 nodes.
             Both:        1.05 GB reserved,      52.12 MB (  5%) committed. 

Chunk freelists:
   Non-Class:  2.26 MB
       Class:  836.00 KB
        Both:  3.08 MB

MaxMetaspaceSize: unlimited
CompressedClassSpaceSize: 1.00 GB
Initial GC threshold: 21.00 MB
Current GC threshold: 86.88 MB
CDS: off
MetaspaceReclaimPolicy: balanced
 - commit_granule_bytes: 65536.
 - commit_granule_words: 8192.
 - virtual_space_node_default_size: 1048576.
 - enlarge_chunks_in_place: 1.
 - new_chunks_are_fully_committed: 0.
 - uncommit_free_chunks: 1.
 - use_allocation_guard: 0.
 - handle_deallocations: 1.


Internal statistics:

num_allocs_failed_limit: 3.
num_arena_births: 456.
num_arena_deaths: 12.
num_vsnodes_births: 7.
num_vsnodes_deaths: 0.
num_space_committed: 834.
num_space_uncommitted: 0.
num_chunks_returned_to_freelist: 18.
num_chunks_taken_from_freelist: 2135.
num_chunk_merges: 5.
num_chunk_splits: 1399.
num_chunks_enlarged: 983.
num_purges: 4.
num_inconsistent_stats: 0.

CodeHeap 'non-profiled nmethods': size=120000Kb used=2331Kb max_used=3096Kb free=117668Kb
 bounds [0x0000024a2c4a0000, 0x0000024a2c7b0000, 0x0000024a339d0000]
CodeHeap 'profiled nmethods': size=120000Kb used=9032Kb max_used=10241Kb free=110967Kb
 bounds [0x0000024a249d0000, 0x0000024a253e0000, 0x0000024a2bf00000]
CodeHeap 'non-nmethods': size=5760Kb used=2319Kb max_used=2402Kb free=3440Kb
 bounds [0x0000024a2bf00000, 0x0000024a2c170000, 0x0000024a2c4a0000]
 total_blobs=5363 nmethods=4527 adapters=748
 compilation: enabled
              stopped_count=0, restarted_count=0
 full_count=0

Compilation events (20 events):
Event: 14.634 Thread 0x0000024a3bc34e70 5374       2       org.objectweb.asm.SymbolTable::addBootstrapMethod (209 bytes)
Event: 14.635 Thread 0x0000024a3bc34e70 nmethod 5374 0x0000024a251dc590 code [0x0000024a251dc7c0, 0x0000024a251dcef8]
Event: 14.635 Thread 0x0000024a3bc34e70 5372       2       org.objectweb.asm.MethodWriter::visitInvokeDynamicInsn (147 bytes)
Event: 14.635 Thread 0x0000024a3bc34e70 nmethod 5372 0x0000024a24c18410 code [0x0000024a24c18600, 0x0000024a24c188c8]
Event: 14.635 Thread 0x0000024a3bc34e70 5373       2       org.objectweb.asm.SymbolTable::addConstantInvokeDynamic (23 bytes)
Event: 14.636 Thread 0x0000024a3bc34e70 nmethod 5373 0x0000024a24cb7810 code [0x0000024a24cb79c0, 0x0000024a24cb7b38]
Event: 14.637 Thread 0x0000024a3bc34e70 5375       2       org.objectweb.asm.ClassReader::readLong (29 bytes)
Event: 14.637 Thread 0x0000024a3bc34e70 nmethod 5375 0x0000024a251dc010 code [0x0000024a251dc1c0, 0x0000024a251dc358]
Event: 14.642 Thread 0x0000024a3f35ac40 nmethod 5330 0x0000024a2c579090 code [0x0000024a2c579240, 0x0000024a2c579ab8]
Event: 14.642 Thread 0x0000024a3f35ac40 5349 %     4       org.objectweb.asm.ByteVector::encodeUtf8 @ 159 (337 bytes)
Event: 14.643 Thread 0x0000024a3bc34e70 5376       2       org.objectweb.asm.Type::getMethodType (16 bytes)
Event: 14.644 Thread 0x0000024a3bc34e70 nmethod 5376 0x0000024a24c17f90 code [0x0000024a24c18120, 0x0000024a24c182f8]
Event: 14.644 Thread 0x0000024a3bc34e70 5377       2       org.gradle.internal.classpath.InstrumentingTransformer::access$7300 (4 bytes)
Event: 14.644 Thread 0x0000024a3bc34e70 nmethod 5377 0x0000024a24bdc190 code [0x0000024a24bdc320, 0x0000024a24bdc418]
Event: 14.644 Thread 0x0000024a3bc34e70 5378       2       org.gradle.internal.classpath.InstrumentingBackwardsCompatibilityVisitor$BackwardCompatibilityMethodVisitor::visitInvokeDynamicInsn (31 bytes)
Event: 14.644 Thread 0x0000024a3bc34e70 nmethod 5378 0x0000024a24c17a90 code [0x0000024a24c17c40, 0x0000024a24c17df8]
Event: 14.644 Thread 0x0000024a3bc34e70 5379       2       org.gradle.internal.classpath.InstrumentingTransformer::access$400 (4 bytes)
Event: 14.644 Thread 0x0000024a3bc34e70 nmethod 5379 0x0000024a24f6da10 code [0x0000024a24f6dba0, 0x0000024a24f6dc98]
Event: 14.644 Thread 0x0000024a3bc34e70 5380       2       org.gradle.internal.classpath.InstrumentingTransformer::access$500 (4 bytes)
Event: 14.644 Thread 0x0000024a3bc34e70 nmethod 5380 0x0000024a24faa090 code [0x0000024a24faa220, 0x0000024a24faa318]

GC Heap History (20 events):
Event: 12.443 GC heap before
{Heap before GC invocations=11 (full 0):
 garbage-first heap   total 89088K, used 65644K [0x0000000080000000, 0x0000000100000000)
  region size 1024K, 17 young (17408K), 1 survivors (1024K)
 Metaspace       used 37091K, committed 37440K, reserved 1081344K
  class space    used 5193K, committed 5312K, reserved 1048576K
}
Event: 12.445 GC heap after
{Heap after GC invocations=12 (full 0):
 garbage-first heap   total 107520K, used 51146K [0x0000000080000000, 0x0000000100000000)
  region size 1024K, 2 young (2048K), 2 survivors (2048K)
 Metaspace       used 37091K, committed 37440K, reserved 1081344K
  class space    used 5193K, committed 5312K, reserved 1048576K
}
Event: 12.879 GC heap before
{Heap before GC invocations=12 (full 0):
 garbage-first heap   total 107520K, used 81866K [0x0000000080000000, 0x0000000100000000)
  region size 1024K, 33 young (33792K), 2 survivors (2048K)
 Metaspace       used 42433K, committed 42880K, reserved 1089536K
  class space    used 5702K, committed 5888K, reserved 1048576K
}
Event: 12.883 GC heap after
{Heap after GC invocations=13 (full 0):
 garbage-first heap   total 107520K, used 55130K [0x0000000080000000, 0x0000000100000000)
  region size 1024K, 5 young (5120K), 5 survivors (5120K)
 Metaspace       used 42433K, committed 42880K, reserved 1089536K
  class space    used 5702K, committed 5888K, reserved 1048576K
}
Event: 12.983 GC heap before
{Heap before GC invocations=14 (full 0):
 garbage-first heap   total 107520K, used 67418K [0x0000000080000000, 0x0000000100000000)
  region size 1024K, 18 young (18432K), 5 survivors (5120K)
 Metaspace       used 42886K, committed 43264K, reserved 1089536K
  class space    used 5748K, committed 5888K, reserved 1048576K
}
Event: 12.988 GC heap after
{Heap after GC invocations=15 (full 0):
 garbage-first heap   total 107520K, used 57680K [0x0000000080000000, 0x0000000100000000)
  region size 1024K, 3 young (3072K), 3 survivors (3072K)
 Metaspace       used 42886K, committed 43264K, reserved 1089536K
  class space    used 5748K, committed 5888K, reserved 1048576K
}
Event: 13.376 GC heap before
{Heap before GC invocations=16 (full 0):
 garbage-first heap   total 109568K, used 88400K [0x0000000080000000, 0x0000000100000000)
  region size 1024K, 29 young (29696K), 3 survivors (3072K)
 Metaspace       used 46923K, committed 47360K, reserved 1089536K
  class space    used 6303K, committed 6528K, reserved 1048576K
}
Event: 13.379 GC heap after
{Heap after GC invocations=17 (full 0):
 garbage-first heap   total 109568K, used 59278K [0x0000000080000000, 0x0000000100000000)
  region size 1024K, 3 young (3072K), 3 survivors (3072K)
 Metaspace       used 46923K, committed 47360K, reserved 1089536K
  class space    used 6303K, committed 6528K, reserved 1048576K
}
Event: 13.767 GC heap before
{Heap before GC invocations=17 (full 0):
 garbage-first heap   total 109568K, used 85902K [0x0000000080000000, 0x0000000100000000)
  region size 1024K, 30 young (30720K), 3 survivors (3072K)
 Metaspace       used 49784K, committed 50304K, reserved 1097728K
  class space    used 6626K, committed 6848K, reserved 1048576K
}
Event: 13.771 GC heap after
{Heap after GC invocations=18 (full 0):
 garbage-first heap   total 109568K, used 60834K [0x0000000080000000, 0x0000000100000000)
  region size 1024K, 4 young (4096K), 4 survivors (4096K)
 Metaspace       used 49784K, committed 50304K, reserved 1097728K
  class space    used 6626K, committed 6848K, reserved 1048576K
}
Event: 14.151 GC heap before
{Heap before GC invocations=19 (full 0):
 garbage-first heap   total 109568K, used 84386K [0x0000000080000000, 0x0000000100000000)
  region size 1024K, 28 young (28672K), 4 survivors (4096K)
 Metaspace       used 52363K, committed 52864K, reserved 1097728K
  class space    used 7029K, committed 7232K, reserved 1048576K
}
Event: 14.154 GC heap after
{Heap after GC invocations=20 (full 0):
 garbage-first heap   total 109568K, used 62147K [0x0000000080000000, 0x0000000100000000)
  region size 1024K, 4 young (4096K), 4 survivors (4096K)
 Metaspace       used 52363K, committed 52864K, reserved 1097728K
  class space    used 7029K, committed 7232K, reserved 1048576K
}
Event: 14.318 GC heap before
{Heap before GC invocations=21 (full 0):
 garbage-first heap   total 117760K, used 90819K [0x0000000080000000, 0x0000000100000000)
  region size 1024K, 30 young (30720K), 4 survivors (4096K)
 Metaspace       used 52709K, committed 53120K, reserved 1097728K
  class space    used 7052K, committed 7232K, reserved 1048576K
}
Event: 14.321 GC heap after
{Heap after GC invocations=22 (full 0):
 garbage-first heap   total 117760K, used 65771K [0x0000000080000000, 0x0000000100000000)
  region size 1024K, 2 young (2048K), 2 survivors (2048K)
 Metaspace       used 52709K, committed 53120K, reserved 1097728K
  class space    used 7052K, committed 7232K, reserved 1048576K
}
Event: 14.333 GC heap before
{Heap before GC invocations=22 (full 0):
 garbage-first heap   total 117760K, used 68843K [0x0000000080000000, 0x0000000100000000)
  region size 1024K, 5 young (5120K), 2 survivors (2048K)
 Metaspace       used 52724K, committed 53120K, reserved 1097728K
  class space    used 7052K, committed 7232K, reserved 1048576K
}
Event: 14.335 GC heap after
{Heap after GC invocations=23 (full 0):
 garbage-first heap   total 117760K, used 65778K [0x0000000080000000, 0x0000000100000000)
  region size 1024K, 1 young (1024K), 1 survivors (1024K)
 Metaspace       used 52724K, committed 53120K, reserved 1097728K
  class space    used 7052K, committed 7232K, reserved 1048576K
}
Event: 14.513 GC heap before
{Heap before GC invocations=23 (full 0):
 garbage-first heap   total 117760K, used 96498K [0x0000000080000000, 0x0000000100000000)
  region size 1024K, 31 young (31744K), 1 survivors (1024K)
 Metaspace       used 52966K, committed 53376K, reserved 1097728K
  class space    used 7071K, committed 7232K, reserved 1048576K
}
Event: 14.514 GC heap after
{Heap after GC invocations=24 (full 0):
 garbage-first heap   total 117760K, used 65629K [0x0000000080000000, 0x0000000100000000)
  region size 1024K, 1 young (1024K), 1 survivors (1024K)
 Metaspace       used 52966K, committed 53376K, reserved 1097728K
  class space    used 7071K, committed 7232K, reserved 1048576K
}
Event: 14.609 GC heap before
{Heap before GC invocations=25 (full 0):
 garbage-first heap   total 119808K, used 79965K [0x0000000080000000, 0x0000000100000000)
  region size 1024K, 16 young (16384K), 1 survivors (1024K)
 Metaspace       used 52968K, committed 53376K, reserved 1097728K
  class space    used 7068K, committed 7232K, reserved 1048576K
}
Event: 14.612 GC heap after
{Heap after GC invocations=26 (full 0):
 garbage-first heap   total 119808K, used 69735K [0x0000000080000000, 0x0000000100000000)
  region size 1024K, 4 young (4096K), 4 survivors (4096K)
 Metaspace       used 52968K, committed 53376K, reserved 1097728K
  class space    used 7068K, committed 7232K, reserved 1048576K
}

Dll operation events (3 events):
Event: 0.008 Loaded shared library C:\Users\Second Droid\AppData\Local\Programs\Android Studio\jbr\bin\java.dll
Event: 0.123 Loaded shared library C:\Users\Second Droid\AppData\Local\Programs\Android Studio\jbr\bin\zip.dll
Event: 0.357 Loaded shared library C:\Users\Second Droid\AppData\Local\Programs\Android Studio\jbr\bin\verify.dll

Deoptimization events (20 events):
Event: 14.381 Thread 0x0000024a3e551e30 Uncommon trap: trap_request=0xffffffde fr.pc=0x0000024a2c518c20 relative=0x0000000000000160
Event: 14.381 Thread 0x0000024a3e551e30 Uncommon trap: reason=class_check action=maybe_recompile pc=0x0000024a2c518c20 method=org.objectweb.asm.Label.accept(Lorg/objectweb/asm/MethodVisitor;Z)V @ 2 c2
Event: 14.381 Thread 0x0000024a3e551e30 DEOPT PACKING pc=0x0000024a2c518c20 sp=0x0000005213ffd2c0
Event: 14.381 Thread 0x0000024a3e551e30 DEOPT UNPACKING pc=0x0000024a2bf569a3 sp=0x0000005213ffd248 mode 2
Event: 14.524 Thread 0x0000024a3e551e30 DEOPT PACKING pc=0x0000024a24a3c618 sp=0x0000005213ffdef0
Event: 14.524 Thread 0x0000024a3e551e30 DEOPT UNPACKING pc=0x0000024a2bf57143 sp=0x0000005213ffd408 mode 0
Event: 14.549 Thread 0x0000024a3e551e30 DEOPT PACKING pc=0x0000024a24a3c618 sp=0x0000005213ffdef0
Event: 14.549 Thread 0x0000024a3e551e30 DEOPT UNPACKING pc=0x0000024a2bf57143 sp=0x0000005213ffd408 mode 0
Event: 14.553 Thread 0x0000024a3e551e30 Uncommon trap: trap_request=0xffffff45 fr.pc=0x0000024a2c546fcc relative=0x00000000000012ac
Event: 14.553 Thread 0x0000024a3e551e30 Uncommon trap: reason=unstable_if action=reinterpret pc=0x0000024a2c546fcc method=org.objectweb.asm.SymbolTable.addConstantUtf8(Ljava/lang/String;)I @ 40 c2
Event: 14.553 Thread 0x0000024a3e551e30 DEOPT PACKING pc=0x0000024a2c546fcc sp=0x0000005213ffde40
Event: 14.553 Thread 0x0000024a3e551e30 DEOPT UNPACKING pc=0x0000024a2bf569a3 sp=0x0000005213ffde40 mode 2
Event: 14.555 Thread 0x0000024a3e551e30 DEOPT PACKING pc=0x0000024a24f70a4f sp=0x0000005213ffe6c0
Event: 14.555 Thread 0x0000024a3e551e30 DEOPT UNPACKING pc=0x0000024a2bf57143 sp=0x0000005213ffdb80 mode 0
Event: 14.568 Thread 0x0000024a3e551e30 DEOPT PACKING pc=0x0000024a24a3c618 sp=0x0000005213ffe540
Event: 14.568 Thread 0x0000024a3e551e30 DEOPT UNPACKING pc=0x0000024a2bf57143 sp=0x0000005213ffda58 mode 0
Event: 14.568 Thread 0x0000024a3e551e30 DEOPT PACKING pc=0x0000024a24a3c618 sp=0x0000005213ffdeb0
Event: 14.568 Thread 0x0000024a3e551e30 DEOPT UNPACKING pc=0x0000024a2bf57143 sp=0x0000005213ffd3c8 mode 0
Event: 14.569 Thread 0x0000024a3e551e30 DEOPT PACKING pc=0x0000024a24a3c618 sp=0x0000005213ffdeb0
Event: 14.569 Thread 0x0000024a3e551e30 DEOPT UNPACKING pc=0x0000024a2bf57143 sp=0x0000005213ffd3c8 mode 0

Classes unloaded (8 events):
Event: 12.160 Thread 0x0000024a3b382c50 Unloading class 0x000000010042b400 'java/lang/invoke/LambdaForm$MH+0x000000010042b400'
Event: 12.160 Thread 0x0000024a3b382c50 Unloading class 0x000000010042b000 'java/lang/invoke/LambdaForm$MH+0x000000010042b000'
Event: 12.160 Thread 0x0000024a3b382c50 Unloading class 0x000000010042a000 'java/lang/invoke/LambdaForm$DMH+0x000000010042a000'
Event: 12.160 Thread 0x0000024a3b382c50 Unloading class 0x000000010042a400 'java/lang/invoke/LambdaForm$DMH+0x000000010042a400'
Event: 12.160 Thread 0x0000024a3b382c50 Unloading class 0x0000000100429800 'java/lang/invoke/LambdaForm$DMH+0x0000000100429800'
Event: 14.544 Thread 0x0000024a3b382c50 Unloading class 0x00000001006ac968 '_BuildScript_$_run_closure1$_closure2'
Event: 14.544 Thread 0x0000024a3b382c50 Unloading class 0x00000001006ac558 '_BuildScript_$_run_closure1'
Event: 14.544 Thread 0x0000024a3b382c50 Unloading class 0x00000001006ac000 '_BuildScript_'

Classes redefined (0 events):
No events

Internal exceptions (20 events):
Event: 13.813 Thread 0x0000024a3e550af0 Exception <a 'java/lang/ClassNotFoundException'{0x0000000087f97430}: sync_studio_tooling1_gke0kmsn3x6ygscww0wsk270Customizer> (0x0000000087f97430) 
thrown [s\src\hotspot\share\classfile\systemDictionary.cpp, line 256]
Event: 13.819 Thread 0x0000024a3e550af0 Exception <a 'java/lang/ClassNotFoundException'{0x0000000087fe5e08}: org/gradle/internal/metaobject/ConfigureDelegateBeanInfo> (0x0000000087fe5e08) 
thrown [s\src\hotspot\share\classfile\systemDictionary.cpp, line 256]
Event: 13.819 Thread 0x0000024a3e550af0 Exception <a 'java/lang/ClassNotFoundException'{0x0000000087ff6188}: org/gradle/internal/metaobject/ConfigureDelegateCustomizer> (0x0000000087ff6188) 
thrown [s\src\hotspot\share\classfile\systemDictionary.cpp, line 256]
Event: 13.826 Thread 0x0000024a3e550af0 Exception <a 'java/lang/ClassNotFoundException'{0x000000008694b628}: org/gradle/api/internal/initialization/DefaultScriptHandlerBeanInfo> (0x000000008694b628) 
thrown [s\src\hotspot\share\classfile\systemDictionary.cpp, line 256]
Event: 13.826 Thread 0x0000024a3e550af0 Exception <a 'java/lang/ClassNotFoundException'{0x000000008695bd00}: org/gradle/api/internal/initialization/DefaultScriptHandlerCustomizer> (0x000000008695bd00) 
thrown [s\src\hotspot\share\classfile\systemDictionary.cpp, line 256]
Event: 13.931 Thread 0x0000024a3e550af0 Exception <a 'java/lang/NoSuchMethodError'{0x000000008637e870}: 'java.lang.Object java.lang.invoke.DirectMethodHandle$Holder.invokeSpecialIFC(java.lang.Object, java.lang.Object, java.lang.Object)'> (0x000000008637e870) 
thrown [s\src\hotspot\share\interpreter\linkResolver.cpp, line 771]
Event: 13.948 Thread 0x0000024a3e550af0 Implicit null exception at 0x0000024a2c69336c to 0x0000024a2c693420
Event: 13.955 Thread 0x0000024a3e550af0 Exception <a 'java/lang/ClassNotFoundException'{0x00000000862bf898}: org/gradle/api/internal/artifacts/dsl/dependencies/DefaultDependencyHandler_DecoratedBeanInfo> (0x00000000862bf898) 
thrown [s\src\hotspot\share\classfile\systemDictionary.cpp, line 256]
Event: 13.956 Thread 0x0000024a3e550af0 Exception <a 'java/lang/ClassNotFoundException'{0x00000000862d5620}: org/gradle/api/internal/artifacts/dsl/dependencies/DefaultDependencyHandlerBeanInfo> (0x00000000862d5620) 
thrown [s\src\hotspot\share\classfile\systemDictionary.cpp, line 256]
Event: 13.957 Thread 0x0000024a3e550af0 Exception <a 'java/lang/ClassNotFoundException'{0x00000000862eae18}: org/gradle/api/internal/artifacts/dsl/dependencies/DefaultDependencyHandlerCustomizer> (0x00000000862eae18) 
thrown [s\src\hotspot\share\classfile\systemDictionary.cpp, line 256]
Event: 13.960 Thread 0x0000024a3e550af0 Exception <a 'java/lang/ClassNotFoundException'{0x000000008612a328}: org/gradle/api/internal/artifacts/dsl/dependencies/DefaultDependencyHandler_DecoratedCustomizer> (0x000000008612a328) 
thrown [s\src\hotspot\share\classfile\systemDictionary.cpp, line 256]
Event: 13.964 Thread 0x0000024a3e550af0 Exception <a 'java/lang/ClassNotFoundException'{0x000000008616af68}: sync_studio_tooling1_gke0kmsn3x6ygscww0wsk270$_run_closure1BeanInfo> (0x000000008616af68) 
thrown [s\src\hotspot\share\classfile\systemDictionary.cpp, line 256]
Event: 13.964 Thread 0x0000024a3e550af0 Exception <a 'java/lang/ClassNotFoundException'{0x0000000086171f48}: sync_studio_tooling1_gke0kmsn3x6ygscww0wsk270$_run_closure1Customizer> (0x0000000086171f48) 
thrown [s\src\hotspot\share\classfile\systemDictionary.cpp, line 256]
Event: 13.993 Thread 0x0000024a3e550af0 Exception <a 'java/lang/NoSuchMethodError'{0x0000000085fca0e0}: 'java.lang.Object java.lang.invoke.DirectMethodHandle$Holder.newInvokeSpecial(java.lang.Object, int, java.lang.Object)'> (0x0000000085fca0e0) 
thrown [s\src\hotspot\share\interpreter\linkResolver.cpp, line 771]
Event: 14.142 Thread 0x0000024a3e550af0 Exception <a 'java/lang/NoSuchMethodError'{0x00000000854a2da8}: 'int java.lang.invoke.DirectMethodHandle$Holder.invokeStatic(java.lang.Object)'> (0x00000000854a2da8) 
thrown [s\src\hotspot\share\interpreter\linkResolver.cpp, line 771]
Event: 14.142 Thread 0x0000024a3e550af0 Exception <a 'java/lang/NoSuchMethodError'{0x00000000854a7198}: 'int java.lang.invoke.DirectMethodHandle$Holder.invokeStaticInit(java.lang.Object)'> (0x00000000854a7198) 
thrown [s\src\hotspot\share\interpreter\linkResolver.cpp, line 771]
Event: 14.150 Thread 0x0000024a3e551e30 Exception <a 'sun/nio/fs/WindowsException'{0x0000000085329b68}> (0x0000000085329b68) 
thrown [s\src\hotspot\share\prims\jni.cpp, line 517]
Event: 14.150 Thread 0x0000024a3bfb7880 Exception <a 'sun/nio/fs/WindowsException'{0x000000008531df78}> (0x000000008531df78) 
thrown [s\src\hotspot\share\prims\jni.cpp, line 517]
Event: 14.380 Thread 0x0000024a3bfb7880 Exception <a 'sun/nio/fs/WindowsException'{0x000000008656fdc8}> (0x000000008656fdc8) 
thrown [s\src\hotspot\share\prims\jni.cpp, line 517]
Event: 14.381 Thread 0x0000024a3bfb7880 Exception <a 'sun/nio/fs/WindowsException'{0x000000008656ff70}> (0x000000008656ff70) 
thrown [s\src\hotspot\share\prims\jni.cpp, line 517]

VM Operations (20 events):
Event: 14.244 Executing VM operation: HandshakeAllThreads
Event: 14.244 Executing VM operation: HandshakeAllThreads done
Event: 14.262 Executing VM operation: HandshakeAllThreads
Event: 14.262 Executing VM operation: HandshakeAllThreads done
Event: 14.318 Executing VM operation: G1CollectForAllocation
Event: 14.321 Executing VM operation: G1CollectForAllocation done
Event: 14.333 Executing VM operation: G1CollectForAllocation
Event: 14.335 Executing VM operation: G1CollectForAllocation done
Event: 14.371 Executing VM operation: HandshakeAllThreads
Event: 14.371 Executing VM operation: HandshakeAllThreads done
Event: 14.513 Executing VM operation: G1CollectForAllocation
Event: 14.514 Executing VM operation: G1CollectForAllocation done
Event: 14.543 Executing VM operation: G1Concurrent
Event: 14.557 Executing VM operation: G1Concurrent done
Event: 14.573 Executing VM operation: G1Concurrent
Event: 14.573 Executing VM operation: G1Concurrent done
Event: 14.609 Executing VM operation: G1TryInitiateConcMark
Event: 14.612 Executing VM operation: G1TryInitiateConcMark done
Event: 14.640 Executing VM operation: G1Concurrent
Event: 14.642 Executing VM operation: G1Concurrent done

Events (20 events):
Event: 14.269 Thread 0x0000024a3bc37780 flushing nmethod 0x0000024a25241e90
Event: 14.269 Thread 0x0000024a3bc37780 flushing nmethod 0x0000024a25243710
Event: 14.269 Thread 0x0000024a3bc37780 flushing nmethod 0x0000024a25244290
Event: 14.269 Thread 0x0000024a3bc37780 flushing nmethod 0x0000024a25249e10
Event: 14.269 Thread 0x0000024a3bc37780 flushing nmethod 0x0000024a2524e190
Event: 14.269 Thread 0x0000024a3bc37780 flushing nmethod 0x0000024a2524ea90
Event: 14.270 Thread 0x0000024a3bc37780 flushing nmethod 0x0000024a25288b10
Event: 14.270 Thread 0x0000024a3bc37780 flushing nmethod 0x0000024a25289390
Event: 14.270 Thread 0x0000024a3bc37780 flushing nmethod 0x0000024a25293410
Event: 14.270 Thread 0x0000024a3bc37780 flushing nmethod 0x0000024a25297d90
Event: 14.270 Thread 0x0000024a3bc37780 flushing nmethod 0x0000024a25299410
Event: 14.270 Thread 0x0000024a3bc37780 flushing nmethod 0x0000024a2529bb90
Event: 14.270 Thread 0x0000024a3bc37780 flushing nmethod 0x0000024a2529d110
Event: 14.270 Thread 0x0000024a3bc37780 flushing nmethod 0x0000024a252a3710
Event: 14.270 Thread 0x0000024a3bc37780 flushing nmethod 0x0000024a252af910
Event: 14.270 Thread 0x0000024a3bc37780 flushing nmethod 0x0000024a252b9690
Event: 14.270 Thread 0x0000024a3bc37780 flushing nmethod 0x0000024a252de690
Event: 14.270 Thread 0x0000024a3bc37780 flushing nmethod 0x0000024a252e1890
Event: 14.270 Thread 0x0000024a3bc37780 flushing nmethod 0x0000024a252e8f90
Event: 14.270 Thread 0x0000024a3bc37780 flushing nmethod 0x0000024a25364c90


Dynamic libraries:
0x00007ff7feea0000 - 0x00007ff7feeaa000 	C:\Users\Second Droid\AppData\Local\Programs\Android Studio\jbr\bin\java.exe
0x00007fff45790000 - 0x00007fff45987000 	C:\WINDOWS\SYSTEM32\ntdll.dll
0x00007fff45560000 - 0x00007fff4561d000 	C:\WINDOWS\System32\KERNEL32.DLL
0x00007fff433d0000 - 0x00007fff436c6000 	C:\WINDOWS\System32\KERNELBASE.dll
0x00007fff430c0000 - 0x00007fff431c0000 	C:\WINDOWS\System32\ucrtbase.dll
0x00007fff280d0000 - 0x00007fff280e7000 	C:\Users\Second Droid\AppData\Local\Programs\Android Studio\jbr\bin\jli.dll
0x00007fff28030000 - 0x00007fff2804b000 	C:\Users\Second Droid\AppData\Local\Programs\Android Studio\jbr\bin\VCRUNTIME140.dll
0x00007fff44320000 - 0x00007fff444be000 	C:\WINDOWS\System32\USER32.dll
0x00007fff42e70000 - 0x00007fff42e92000 	C:\WINDOWS\System32\win32u.dll
0x00007fff28b30000 - 0x00007fff28dca000 	C:\WINDOWS\WinSxS\amd64_microsoft.windows.common-controls_6595b64144ccf1df_6.0.19041.3570_none_60bb2a3971f3e41a\COMCTL32.dll
0x00007fff452a0000 - 0x00007fff452cc000 	C:\WINDOWS\System32\GDI32.dll
0x00007fff453c0000 - 0x00007fff4545e000 	C:\WINDOWS\System32\msvcrt.dll
0x00007fff436d0000 - 0x00007fff437ea000 	C:\WINDOWS\System32\gdi32full.dll
0x00007fff432a0000 - 0x00007fff4333d000 	C:\WINDOWS\System32\msvcp_win.dll
0x00007fff45460000 - 0x00007fff45490000 	C:\WINDOWS\System32\IMM32.DLL
0x00007fff27fe0000 - 0x00007fff27fec000 	C:\Users\Second Droid\AppData\Local\Programs\Android Studio\jbr\bin\vcruntime140_1.dll
0x00007fff1aad0000 - 0x00007fff1ab5d000 	C:\Users\Second Droid\AppData\Local\Programs\Android Studio\jbr\bin\msvcp140.dll
0x00007ffed5840000 - 0x00007ffed64ae000 	C:\Users\Second Droid\AppData\Local\Programs\Android Studio\jbr\bin\server\jvm.dll
0x00007fff454b0000 - 0x00007fff4555e000 	C:\WINDOWS\System32\ADVAPI32.dll
0x00007fff44ef0000 - 0x00007fff44f8c000 	C:\WINDOWS\System32\sechost.dll
0x00007fff44ca0000 - 0x00007fff44dc6000 	C:\WINDOWS\System32\RPCRT4.dll
0x00007fff2c890000 - 0x00007fff2c899000 	C:\WINDOWS\SYSTEM32\WSOCK32.dll
0x00007fff2ee60000 - 0x00007fff2ee87000 	C:\WINDOWS\SYSTEM32\WINMM.dll
0x00007fff3c290000 - 0x00007fff3c29a000 	C:\WINDOWS\SYSTEM32\VERSION.dll
0x00007fff44f90000 - 0x00007fff44ffb000 	C:\WINDOWS\System32\WS2_32.dll
0x00007fff416f0000 - 0x00007fff41702000 	C:\WINDOWS\SYSTEM32\kernel.appcore.dll
0x00007fff3e420000 - 0x00007fff3e42a000 	C:\Users\Second Droid\AppData\Local\Programs\Android Studio\jbr\bin\jimage.dll
0x00007fff40c00000 - 0x00007fff40de4000 	C:\WINDOWS\SYSTEM32\DBGHELP.DLL
0x00007fff30ed0000 - 0x00007fff30f04000 	C:\WINDOWS\SYSTEM32\dbgcore.DLL
0x00007fff43340000 - 0x00007fff433c2000 	C:\WINDOWS\System32\bcryptPrimitives.dll
0x00007fff3ced0000 - 0x00007fff3cede000 	C:\Users\Second Droid\AppData\Local\Programs\Android Studio\jbr\bin\instrument.dll
0x00007fff26960000 - 0x00007fff26985000 	C:\Users\Second Droid\AppData\Local\Programs\Android Studio\jbr\bin\java.dll
0x00007fff3a640000 - 0x00007fff3a658000 	C:\Users\Second Droid\AppData\Local\Programs\Android Studio\jbr\bin\zip.dll
0x00007fff43a90000 - 0x00007fff441d4000 	C:\WINDOWS\System32\SHELL32.dll
0x00007fff40ef0000 - 0x00007fff4168b000 	C:\WINDOWS\SYSTEM32\windows.storage.dll
0x00007fff444c0000 - 0x00007fff44814000 	C:\WINDOWS\System32\combase.dll
0x00007fff428b0000 - 0x00007fff428dd000 	C:\WINDOWS\SYSTEM32\Wldp.dll
0x00007fff437f0000 - 0x00007fff4389d000 	C:\WINDOWS\System32\SHCORE.dll
0x00007fff43a30000 - 0x00007fff43a85000 	C:\WINDOWS\System32\shlwapi.dll
0x00007fff42da0000 - 0x00007fff42dc5000 	C:\WINDOWS\SYSTEM32\profapi.dll
0x00007fff30fd0000 - 0x00007fff30fe9000 	C:\Users\Second Droid\AppData\Local\Programs\Android Studio\jbr\bin\net.dll
0x00007fff39f70000 - 0x00007fff3a07a000 	C:\WINDOWS\SYSTEM32\WINHTTP.dll
0x00007fff42610000 - 0x00007fff4267a000 	C:\WINDOWS\system32\mswsock.dll
0x00007fff2a050000 - 0x00007fff2a066000 	C:\Users\Second Droid\AppData\Local\Programs\Android Studio\jbr\bin\nio.dll
0x00007fff3d3f0000 - 0x00007fff3d400000 	C:\Users\Second Droid\AppData\Local\Programs\Android Studio\jbr\bin\verify.dll
0x00007fff228e0000 - 0x00007fff22907000 	C:\Users\Second Droid\.gradle\native\68d5fa5c4cc2d200863cafc0d521ce42e7d3e7ee720ec0a83991735586a16f82\windows-amd64\native-platform.dll
0x00007fff1a980000 - 0x00007fff1aac4000 	C:\Users\Second Droid\.gradle\native\e376f236ea51e6404a007f0833ffe2c6e607c4080706a723a18a27aeea778392\windows-amd64\native-platform-file-events.dll
0x00007fff3cc10000 - 0x00007fff3cc19000 	C:\Users\Second Droid\AppData\Local\Programs\Android Studio\jbr\bin\management.dll
0x00007fff3cba0000 - 0x00007fff3cbab000 	C:\Users\Second Droid\AppData\Local\Programs\Android Studio\jbr\bin\management_ext.dll
0x00007fff45290000 - 0x00007fff45298000 	C:\WINDOWS\System32\PSAPI.DLL
0x00007fff42800000 - 0x00007fff42818000 	C:\WINDOWS\SYSTEM32\CRYPTSP.dll
0x00007fff41eb0000 - 0x00007fff41ee4000 	C:\WINDOWS\system32\rsaenh.dll
0x00007fff43270000 - 0x00007fff43297000 	C:\WINDOWS\System32\bcrypt.dll
0x00007fff42d60000 - 0x00007fff42d8e000 	C:\WINDOWS\SYSTEM32\USERENV.dll
0x00007fff42820000 - 0x00007fff4282c000 	C:\WINDOWS\SYSTEM32\CRYPTBASE.dll
0x00007fff422b0000 - 0x00007fff422eb000 	C:\WINDOWS\SYSTEM32\IPHLPAPI.DLL
0x00007fff441e0000 - 0x00007fff441e8000 	C:\WINDOWS\System32\NSI.dll
0x00007fff3ad30000 - 0x00007fff3ad47000 	C:\WINDOWS\SYSTEM32\dhcpcsvc6.DLL
0x00007fff3ae00000 - 0x00007fff3ae1d000 	C:\WINDOWS\SYSTEM32\dhcpcsvc.DLL
0x00007fff422f0000 - 0x00007fff423ba000 	C:\WINDOWS\SYSTEM32\DNSAPI.dll
0x00007fff3c820000 - 0x00007fff3c827000 	C:\WINDOWS\system32\wshunix.dll
0x00007fff41ff0000 - 0x00007fff42023000 	C:\WINDOWS\SYSTEM32\ntmarta.dll

dbghelp: loaded successfully - version: 4.0.5 - missing functions: none
symbol engine: initialized successfully - sym options: 0x614 - pdb path: .;C:\Users\Second Droid\AppData\Local\Programs\Android Studio\jbr\bin;C:\WINDOWS\SYSTEM32;C:\WINDOWS\WinSxS\amd64_microsoft.windows.common-controls_6595b64144ccf1df_6.0.19041.3570_none_60bb2a3971f3e41a;C:\Users\Second Droid\AppData\Local\Programs\Android Studio\jbr\bin\server;C:\Users\Second Droid\.gradle\native\68d5fa5c4cc2d200863cafc0d521ce42e7d3e7ee720ec0a83991735586a16f82\windows-amd64;C:\Users\Second Droid\.gradle\native\e376f236ea51e6404a007f0833ffe2c6e607c4080706a723a18a27aeea778392\windows-amd64

VM Arguments:
jvm_args: --add-opens=java.base/java.util=ALL-UNNAMED --add-opens=java.base/java.lang=ALL-UNNAMED --add-opens=java.base/java.lang.invoke=ALL-UNNAMED --add-opens=java.prefs/java.util.prefs=ALL-UNNAMED --add-opens=java.base/java.nio.charset=ALL-UNNAMED --add-opens=java.base/java.net=ALL-UNNAMED --add-opens=java.base/java.util.concurrent.atomic=ALL-UNNAMED -Xmx2048m -Dfile.encoding=UTF-8 -Duser.country=RU -Duser.language=ru -Duser.variant -javaagent:C:\Users\Second Droid\.gradle\wrapper\dists\gradle-8.1-bin\2eyty4r6kz6fpakefpk52nbbm\gradle-8.1\lib\agents\gradle-instrumentation-agent-8.1.jar 
java_command: org.gradle.launcher.daemon.bootstrap.GradleDaemon 8.1
java_class_path (initial): C:\Users\Second Droid\.gradle\wrapper\dists\gradle-8.1-bin\2eyty4r6kz6fpakefpk52nbbm\gradle-8.1\lib\gradle-launcher-8.1.jar
Launcher Type: SUN_STANDARD

[Global flags]
     intx CICompilerCount                          = 4                                         {product} {ergonomic}
     uint ConcGCThreads                            = 2                                         {product} {ergonomic}
     uint G1ConcRefinementThreads                  = 8                                         {product} {ergonomic}
   size_t G1HeapRegionSize                         = 1048576                                   {product} {ergonomic}
    uintx GCDrainStackTargetSize                   = 64                                        {product} {ergonomic}
   size_t InitialHeapSize                          = 134217728                                 {product} {ergonomic}
   size_t MarkStackSize                            = 4194304                                   {product} {ergonomic}
   size_t MaxHeapSize                              = 2147483648                                {product} {command line}
   size_t MaxNewSize                               = 1287651328                                {product} {ergonomic}
   size_t MinHeapDeltaBytes                        = 1048576                                   {product} {ergonomic}
   size_t MinHeapSize                              = 8388608                                   {product} {ergonomic}
    uintx NonNMethodCodeHeapSize                   = 5839372                                {pd product} {ergonomic}
    uintx NonProfiledCodeHeapSize                  = 122909434                              {pd product} {ergonomic}
    uintx ProfiledCodeHeapSize                     = 122909434                              {pd product} {ergonomic}
    uintx ReservedCodeCacheSize                    = 251658240                              {pd product} {ergonomic}
     bool SegmentedCodeCache                       = true                                      {product} {ergonomic}
   size_t SoftMaxHeapSize                          = 2147483648                             {manageable} {ergonomic}
     bool UseCompressedClassPointers               = true                           {product lp64_product} {ergonomic}
     bool UseCompressedOops                        = true                           {product lp64_product} {ergonomic}
     bool UseG1GC                                  = true                                      {product} {ergonomic}
     bool UseLargePagesIndividualAllocation        = false                                  {pd product} {ergonomic}

Logging:
Log output configuration:
 #0: stdout all=warning uptime,level,tags
 #1: stderr all=off uptime,level,tags

Environment Variables:
JAVA_HOME=F:\JetBrainsTools\apps\AndroidStudio\ch-0\213.7172.25.2113.9014738\jre
CLASSPATH=F:\javalibs\
PATH=C:\WINDOWS\system32;C:\WINDOWS;C:\WINDOWS\System32\Wbem;C:\WINDOWS\System32\WindowsPowerShell\v1.0\;F:\JetBrainsTools\apps\AndroidStudio\ch-0\213.7172.25.2113.9014738\jre\bin;D:\Program Files\Git\cmd;C:\Users\tim20\AppData\Local\Programs\Python\Python38;:\flutter\bin\cache\dart-sdk\bin;C:\flutter\bin;C:\Users\Second Droid\AppData\Local\Microsoft\WindowsApps;C:\Users\Second Droid\AppData\Local\JetBrains\Toolbox\scripts;
USERNAME=Second Droid
OS=Windows_NT
PROCESSOR_IDENTIFIER=Intel64 Family 6 Model 142 Stepping 10, GenuineIntel
TMP=C:\Users\SECOND~1\AppData\Local\Temp
TEMP=C:\Users\SECOND~1\AppData\Local\Temp


JNI global refs:
JNI global refs: 29, weak refs: 34

JNI global refs memory usage: 843, weak refs: 841


---------------  S Y S T E M  ---------------

OS:
 Windows 10 , 64 bit Build 19041 (10.0.19041.3570)
OS uptime: 0 days 14:02 hours

CPU: total 8 (initial active 8) (4 cores per cpu, 2 threads per core) family 6 model 142 stepping 10 microcode 0xb4, cx8, cmov, fxsr, ht, mmx, 3dnowpref, sse, sse2, sse3, ssse3, sse4.1, sse4.2, popcnt, lzcnt, tsc, tscinvbit, avx, avx2, aes, erms, clmul, bmi1, bmi2, adx, fma, vzeroupper, clflush, clflushopt

Memory: 4k page, system-wide physical 8074M (607M free)
TotalPageFile size 8074M (AvailPageFile size 5M)
current process WorkingSet (physical memory assigned to process): 301M, peak: 301M
current process commit charge ("private bytes"): 336M, peak: 337M

vm_info: OpenJDK 64-Bit Server VM (17.0.6+0-b2043.56-10027231) for windows-amd64 JRE (17.0.6+0-b2043.56-10027231), built on Apr 28 2023 00:43:19 by "androidbuild" with MS VC++ 16.10 / 16.11 (VS2019)

END.
